L D C PC time OPT node_cnt obj_bnd root_time root_obj root_bnd root_gap
1470 179.66 1 0.5 783.986 4019 778 4019 742.519 4019 4166.89 0.0367966
1470.24 179.66 1 0.75 2253.01 4728 4163 4728 1370.54 4710.25 4998.28 0.061149
1470.24 359.31 1 0.5 836.744 4429.5 255 4429.5 817.691 4364 4485.9 0.0279327
1470.24 359.31 1 0.75 1132.81 5286.75 185 5286.75 1117.09 5238.25 5331.63 0.0178267
1470.24 718.62 1 0.5 644.876 4441.5 104 4441.5 630.613 4425.5 4481.83 0.012728
1470.24 718.62 1 0.75 753.44 5290.25 54 5290.25 742.385 5290.25 5343.43 0.0100521
1470.24 179.66 2 0.5 >3600 (0.0555576) 128 4769.54 2487.56 4363.5 4813.79 0.103195
1470.24 179.66 2 0.75 >3600 (0.0997728) 1 6010.81 3240.38 5465.5 6010.81 0.0997728
1470.24 359.31 2 0.5 607.104 5064.5 215 5064.5 591.619 5060.5 5097.25 0.00726305
1470.24 359.31 2 0.75 678.366 6251.5 20 6251.5 667.196 6245.7 6255.05 0.00149784
1470.24 718.62 2 0.5 517.527 5087.5 296 5087.68 498.351 5066 5117.31 0.0101286
1470.24 718.62 2 0.75 802.869 6261.75 125 6261.75 783.522 6222.25 6284.64 0.0100274
1470.24 179.66 3 0.5 >3600 (0.0487769) 115 4962.29 2396.3 4670.5 4977.18 0.0656627
1470.24 179.66 3 0.75 >3600 (0.0342339) 453 6237.72 1218.96 5691.25 6243.87 0.0971006
1470.24 359.31 3 0.5 559.383 5144.5 1 5144.5 546.791 5144.5 5145.79 0.000250442
1470.24 359.31 3 0.75 555.753 6322.75 232 6322.75 533.744 6301.25 6332.69 0.00498997
1470.24 718.62 3 0.5 594.256 5169 8 5169 582.453 5167 5170.74 0.000724103
1470.24 718.62 3 0.75 493.464 6335 1 6335 482.444 6335 6336.56 0.000245499
1470.24 179.66 8 0.5 2840.2 4836.5 2834 4836.5 1581.64 4753 4987.33 0.049301
1470.24 179.66 8 0.75 >3600 (0.0279498) 87 6229.38 1105.59 5988.5 6246.37 0.0430605
1470.24 359.31 8 0.5 525.539 5144.5 1 5144.5 513.695 5144.5 5145.39 0.000172178
1470.24 359.31 8 0.75 487.685 6322.75 1 6322.75 475.587 6322.75 6323.34 9.37498e-05
1470.24 718.62 8 0.5 469.216 5169 1 5169 458.341 5169 5171.91 0.000562673
1470.24 718.62 8 0.75 458.067 6335 1 6335 447.157 6335 6335.29 4.54739e-05
2940.48 179.66 1 0.5 957.751 6210.5 1 6211.12 943.877 6210.5 6211.14 0.000103243
2940.48 179.66 1 0.75 491.098 6855.75 1 6855.75 478.225 6855.75 6855.99 3.57301e-05
2940.48 359.31 1 0.5 1075.98 6218.5 1 6219.07 1063.43 6218.5 6219.13 0.000101147
2940.48 359.31 1 0.75 904.225 6859.75 1 6860.19 890.493 6859.75 6860.19 6.42522e-05
2940.48 718.62 1 0.5 571.871 6218.5 60 6218.75 559.188 6217 6219.91 0.000467599
2940.48 718.62 1 0.75 659.95 6859.75 134 6860.02 644.886 6856 6860.75 0.000692361
2940.48 179.66 2 0.5 593.648 6210.5 1 6210.92 580.406 6210.5 6211.13 0.00010183
2940.48 179.66 2 0.75 472.217 6855.5 1 6856.15 459.036 6855.5 6856.24 0.000108497
2940.48 359.31 2 0.5 963.596 6218.5 1 6218.51 951.046 6218.5 6219.26 0.00012242
2940.48 359.31 2 0.75 703.478 6859.75 1 6860.43 690.882 6859.75 6860.43 9.91492e-05
2940.48 718.62 2 0.5 621.101 6218.5 67 6218.61 608.365 6215 6219.91 0.000790671
2940.48 718.62 2 0.75 741.747 6859.75 1 6860.37 729.346 6859.75 6860.44 0.000100773
2940.48 179.66 3 0.5 591.941 6210.5 7 6210.99 579.398 6208 6211.21 0.000517027
2940.48 179.66 3 0.75 609.04 6855.75 13 6856.03 596.298 6854.5 6856.33 0.00026717
2940.48 359.31 3 0.5 904.857 6218.5 1 6219.07 892.267 6218.5 6219.24 0.000119728
2940.48 359.31 3 0.75 755.051 6859.75 1 6860.39 742.18 6859.75 6860.45 0.000101517
2940.48 718.62 3 0.5 631.231 6218.5 1 6218.99 618.725 6218.5 6218.99 7.83644e-05
2940.48 718.62 3 0.75 677.88 6859.75 98 6860.31 664.009 6856.5 6860.76 0.000621878
2940.48 179.66 8 0.5 425.468 6210.5 1 6211.1 411.027 6210.5 6211.1 9.64756e-05
2940.48 179.66 8 0.75 505.213 6855.5 1 6856.03 492.27 6855.5 6856.03 7.67095e-05
2940.48 359.31 8 0.5 721.987 6218.5 1 6218.57 709.462 6218.5 6218.57 1.13139e-05
2940.48 359.31 8 0.75 862.416 6859.75 1 6860.43 849.894 6859.75 6860.43 9.98509e-05
2940.48 718.62 8 0.5 750.685 6218.5 142 6218.88 736.816 6215 6220.31 0.000854709
2940.48 718.62 8 0.75 792.087 6859.75 1 6860.43 779.391 6859.75 6860.6 0.000124161
4410.72 179.66 1 0.5 740.944 7084.65 44 7085.27 727.746 7077.5 7089.47 0.00169133
4410.72 179.66 1 0.75 503.029 7293 188 7293.17 486.246 7282.75 7295.75 0.00178509
4410.72 359.31 1 0.5 637.555 7085 115 7085.32 622.12 7077.5 7088.42 0.00154287
4410.72 359.31 1 0.75 802.123 7292.48 31 7293.17 788.515 7289 7294.38 0.000738359
4410.72 718.62 1 0.5 813.604 7085 258 7085.18 670.09 7055 7105 0.00708772
4410.72 718.62 1 0.75 442.003 7292.48 120 7293.2 427.979 7288.75 7295.24 0.000890075
4410.72 179.66 2 0.5 796.583 7085 117 7085.31 780.584 7075 7090.63 0.00220952
4410.72 179.66 2 0.75 585.331 7293 73 7293.08 570.519 7287 7295.75 0.00120109
4410.72 359.31 2 0.5 689.75 7085 35 7085.37 676.049 7081 7089.21 0.00115949
4410.72 359.31 2 0.75 662.181 7293 38 7293.18 648.144 7290 7294.93 0.000676389
4410.72 718.62 2 0.5 1141.01 7085 234 7085 721.236 7030 7101.7 0.0101987
4410.72 718.62 2 0.75 719.835 7293 38 7293.19 705.055 7288.5 7295.29 0.00093119
4410.72 179.66 3 0.5 784.95 7085 98 7085.39 769.428 7065.5 7089.28 0.00336563
4410.72 179.66 3 0.75 573.13 7293 95 7293 558.149 7287 7295.68 0.00119116
4410.72 359.31 3 0.5 597.188 7085 79 7085.26 578.246 7035 7090.9 0.00794608
4410.72 359.31 3 0.75 1166.1 7293 328 7293.15 1139.87 7282 7295.28 0.00182305
4410.72 718.62 3 0.5 1237.92 7084.65 128 7085.33 938.037 7073.5 7095.87 0.00316321
4410.72 718.62 3 0.75 870.147 7293 218 7293.17 757.736 7283 7302.99 0.0027445
4410.72 179.66 8 0.5 704.453 7085 86 7085.34 689.144 7073 7090.52 0.00247747
4410.72 179.66 8 0.75 582.091 7293 46 7293.15 568.643 7285.5 7295.13 0.0013217
4410.72 359.31 8 0.5 550.412 7085 37 7085.38 535.873 7073 7088.58 0.00220304
4410.72 359.31 8 0.75 639.093 7293 62 7293 623.556 7288 7294.51 0.000893061
4410.72 718.62 8 0.5 907.517 7084.65 33 7085.22 893.175 7076 7089 0.00183689
4410.72 718.62 8 0.75 1154.09 7292.48 245 7293.17 716.934 7284.5 7302.55 0.0024783
