L D C PC time OPT node_cnt obj_bnd root_time root_obj root_bnd root_gap
158.82 16.74 1 0.5 160.395 1266 304 1266.08 132.345 1255 1280.31 0.0201701
158.82 16.74 1 0.75 266.477 1494.25 390 1494.25 139.82 1320.25 1531.33 0.15988
158.82 33.47 1 0.5 208.72 1344 708 1344 98.2279 822 1361.97 0.656895
158.82 33.47 1 0.75 113.474 1601.5 280 1601.5 96.6136 1601.5 1613.39 0.00742731
158.82 66.49 1 0.5 200.981 1350.5 413 1350.5 82.0738 1163 1369.78 0.177798
158.82 66.49 1 0.75 245.063 1602.25 1089 1602.27 51.5819 123.5 1635.64 12.244
158.82 16.74 2 0.5 358.621 1447.5 602 1447.64 263.235 1431.5 1467.38 0.0250679
158.82 16.74 2 0.75 922.467 1775.25 1479 1775.25 283.587 1586.25 1822.67 0.149042
158.82 33.47 2 0.5 174.75 1532 765 1532 143.527 1532 1540.96 0.00584551
158.82 33.47 2 0.75 279.064 1878 471 1878 161.54 1856.25 1884.33 0.0151289
158.82 66.49 2 0.5 338.909 1541 652 1541 97.1125 1413.5 1554.77 0.0999427
158.82 66.49 2 0.75 321.399 1885 1174 1885 76.2158 1705 1894.01 0.110859
158.82 16.74 3 0.5 458.212 1475 1256 1475 153.079 1422.5 1503.83 0.0571765
158.82 16.74 3 0.75 918.285 1847.25 2132 1847.25 159.488 1743.5 1866.29 0.0704266
158.82 33.47 3 0.5 188.617 1544 158 1544.14 117.291 1283.5 1548.32 0.206326
158.82 33.47 3 0.75 111.511 1889.5 7 1889.61 98.0498 1887 1890.01 0.00159574
158.82 66.49 3 0.5 177.521 1550.5 509 1550.5 64.738 1355 1557.91 0.14975
158.82 66.49 3 0.75 174.844 1892.75 243 1892.92 80.0006 1843.25 1896.32 0.0287894
158.82 16.74 8 0.5 411.079 1478 613 1478 236.599 1453.5 1503.36 0.0343037
158.82 16.74 8 0.75 689.816 1848.25 2033 1848.25 174.093 1800.25 1867.09 0.037128
158.82 33.47 8 0.5 126.403 1544 72 1544.14 113.044 1541 1546.75 0.00373126
158.82 33.47 8 0.75 174.578 1889.5 228 1889.57 91.0918 1199.25 1893.57 0.578961
158.82 66.49 8 0.5 162.187 1550.5 578 1550.5 58.8183 1405 1560.16 0.110432
158.82 66.49 8 0.75 222.235 1892.75 363 1892.75 89.7962 1814.5 1897.25 0.045603
317.64 16.74 1 0.5 172.989 1887 380 1887.12 76.69 1433.5 1893.31 0.320759
317.64 16.74 1 0.75 120.221 2061 730 2061 96.186 2059.5 2062.97 0.00168442
317.64 33.47 1 0.5 222.246 1889 449 1889 75.146 1889.5 1899.02 0.0050382
317.64 33.47 1 0.75 223.257 2062 526 2062.15 129.619 2057.25 2064.85 0.00369294
317.64 66.49 1 0.5 242.015 1889 609 1889.19 55.714 1886.5 1898.04 0.00611468
317.64 66.49 1 0.75 213.159 2062 650 2062.19 69.2554 814 2066.79 1.53905
317.64 16.74 2 0.5 83.3095 1887 376 1887 66.9351 1884 1890.09 0.00323445
317.64 16.74 2 0.75 84.9912 2061 452 2061.1 62.0288 2061 2063.6 0.00126316
317.64 33.47 2 0.5 271.667 1889 631 1889 71.8982 1875 1899.88 0.0132713
317.64 33.47 2 0.75 251.737 2062 419 2062 88.489 2063.75 2065.86 0.00102378
317.64 66.49 2 0.5 282.407 1889 727 1889.08 47.693 1882 1900.48 0.00981953
317.64 66.49 2 0.75 284.78 2062 980 2062.12 45.4865 2061.75 2067.27 0.0026796
317.64 16.74 3 0.5 88.2337 1887 407 1887 73.3096 1885.5 1889.84 0.00230033
317.64 16.74 3 0.75 80.9816 2061 552 2061 63.5442 2060.25 2062.73 0.00120476
317.64 33.47 3 0.5 185.149 1889 458 1889 72.6315 1891 1896.76 0.00304522
317.64 33.47 3 0.75 250.354 2062 874 2062 61.3108 2060.25 2067.96 0.00374264
317.64 66.49 3 0.5 262.49 1889 819 1889 49.381 1881 1898.84 0.00948611
317.64 66.49 3 0.75 242.187 2062 551 2062.11 63.6261 2059.25 2067.36 0.00393981
317.64 16.74 8 0.5 83.7701 1887 770 1887 55.0374 1882 1893.85 0.00629501
317.64 16.74 8 0.75 95.3833 2061 395 2061.07 73.7663 2060.25 2062.68 0.00118082
317.64 33.47 8 0.5 232.978 1889 554 1889.04 65.394 1329.5 1898.38 0.427887
317.64 33.47 8 0.75 155.254 2062 378 2062.17 53.3737 1992 2067.98 0.0381419
317.64 66.49 8 0.5 261.778 1889 732 1889.16 43.0748 1889 1900.61 0.00614428
317.64 66.49 8 0.75 413.444 2062 1333 2062 61.5157 1602.5 2068.12 0.290558
476.5 16.74 1 0.5 118.6 2120.5 1825 2120.63 60.7873 2122 2124.56 0.00120446
476.5 16.74 1 0.75 190.552 2177.75 1755 2177.96 61.8537 2177.75 2180.46 0.00124227
476.5 33.47 1 0.5 160.585 2120.5 1166 2120.64 40.9684 55 2129.55 37.7191
476.5 33.47 1 0.75 170.562 2177.75 962 2177.91 56.0669 2179.25 2180.58 0.000609071
476.5 66.49 1 0.5 182.823 2120.5 1151 2120.5 42.3924 934.5 2126.31 1.27535
476.5 66.49 1 0.75 278.338 2177.75 1898 2177.91 41.0112 2000.75 2180.93 0.0900538
476.5 16.74 2 0.5 240.255 2120.5 1598 2120.58 51.3468 1351.5 2125.27 0.572526
476.5 16.74 2 0.75 204.797 2177.75 1669 2177.92 54.7196 2178.75 2180.48 0.000794014
476.5 33.47 2 0.5 283.682 2120.5 1981 2120.6 40.5648 294 2129.65 6.24371
476.5 33.47 2 0.75 102.842 2177.75 1100 2177.94 77.7106 2176.5 2179.28 0.0012774
476.5 66.49 2 0.5 296.058 2120.5 1100 2120.7 44.2835 618.5 2126.51 2.43817
476.5 66.49 2 0.75 97.2236 2177.75 1887 2177.95 44.5562 2175.25 2180.71 0.00251101
476.5 16.74 3 0.5 171.537 2120.5 1302 2120.61 57.4656 2007 2124.89 0.0587386
476.5 16.74 3 0.75 211.163 2177.75 1638 2177.93 58.7917 2176.5 2180.07 0.00164151
476.5 33.47 3 0.5 226.102 2120.5 1797 2120.65 54.6639 2121 2126.35 0.00252215
476.5 33.47 3 0.75 175.287 2177.75 1297 2177.87 61.2488 2178 2180.1 0.000963584
476.5 66.49 3 0.5 179.834 2120.5 1742 2120.68 69.6329 2107 2126.27 0.00914764
476.5 66.49 3 0.75 223.689 2177.75 1986 2177.96 44.8389 2169.25 2180.78 0.00531454
476.5 16.74 8 0.5 85.9728 2120.5 2049 2120.64 53.6378 2119.5 2124.61 0.00240985
476.5 16.74 8 0.75 149.4 2177.75 1278 2177.9 56.8818 2176 2180.06 0.00186575
476.5 33.47 8 0.5 181.15 2120.5 1072 2120.64 41.4139 67.5 2129.89 30.5539
476.5 33.47 8 0.75 112.642 2177.75 1770 2177.87 61.2846 2174.25 2179.73 0.00252193
476.5 66.49 8 0.5 190.059 2120.5 1595 2120.5 40.7617 1106 2126.23 0.922449
476.5 66.49 8 0.75 86.2596 2177.75 2450 2177.75 40.2022 2177 2180.34 0.00153196
