L,D,C,PC,time,OPT,node_count,obj_bound,root_time,root_bestobj,root_bestbound,root_gap,Siter,Scuts,time_subtour,Sroot_iter,Srootfrac_cuts,time_sub_root,LP_time,LP_obj
158.82,16.74,1,0.5,359.814,1266,537,1266,250.456,1244.5,1286.5,0.0337485,509,1067,0.060316,13,473,0.239075,371.428,1295.5
158.82,16.74,1,0.75,592.95,1494.25,1074,1494.25,209.881,1386.75,1540.25,0.11069,846,1277,0.091868,8,206,0.135379,1338.56,1524.75
158.82,33.47,1,0.5,187.129,1344,768,1344,150.916,1335.5,1354,0.0138525,602,2751,0.038147,8,148,0.055004,66.7364,1390.5
158.82,33.47,1,0.75,191.691,1601.5,173,1601.5,173.565,1601.5,1607.75,0.00390259,249,2040,0.016549,5,110,0.034613,79.2743,1647.75
158.82,66.49,1,0.5,297.296,1350.5,629,1350.5,88.8147,864,1373,0.58912,660,2689,0.042092,0,0,0,43.8989,1417.5
158.82,66.49,1,0.75,554.834,1602.25,1705,1602.25,121.667,1102.75,1627,0.475402,1589,5089,0.098189,0,0,0,39.3718,1671
158.82,16.74,2,0.5,759.643,1447.5,539,1447.5,348.127,1348.5,1472,0.0915832,539,609,0.062211,10,294,0.192568,2673.47,1451.5
158.82,16.74,2,0.75,2022.49,1775.25,2350,1775.25,486.659,1616.5,1820.75,0.126353,1842,1528,0.253341,14,463,0.256816,3600.04,1784.25
158.82,33.47,2,0.5,351.48,1532,800,1532,271.286,1527,1537.5,0.00687623,686,2707,0.045054,22,420,0.133273,141.706,1558.5
158.82,33.47,2,0.75,358.202,1878,387,1878,258.57,1870,1883,0.00695187,372,2296,0.025941,14,383,0.163745,183.91,1892.75
158.82,66.49,2,0.5,967.106,1541,354,1541,213.924,206.5,1555,6.53027,420,4396,0.03084,0,0,0,101.605,1582
158.82,66.49,2,0.75,702.371,1885,1190,1885,194.686,113.75,1892.25,15.6352,941,3799,0.059609,0,0,0,88.6446,1908.5
158.82,16.74,3,0.5,2495.67,1475,8067,1475,179.593,1376,1509.5,0.0970203,4912,533,0.750227,11,430,0.238247,3600.02,1479
158.82,16.74,3,0.75,>3600,(0.0101805),2345,1860.5,217.168,1654,1872,0.131802,2168,332,0.348152,16,416,0.358085,3600.02,1847.5
158.82,33.47,3,0.5,124.902,1544,361,1544,97.2537,1539.5,1549,0.00617083,372,1901,0.025158,4,168,0.030307,109.655,1559
158.82,33.47,3,0.75,309.26,1889.5,177,1889.5,157.922,1231.5,1893.25,0.537353,229,2339,0.018795,0,0,0,99.8333,1895.5
158.82,66.49,3,0.5,328.606,1550.5,202,1550.5,158.888,791.5,1556,0.965888,293,3049,0.021491,0,0,0,73.6445,1583
158.82,66.49,3,0.75,166.647,1892.75,39,1892.75,152.343,1892.75,1893.5,0.000396249,172,2897,0.010539,28,809,0.146406,76.3209,1909
158.82,16.74,8,0.5,708.576,1478,1318,1478,176.569,1426,1506,0.056101,1060,399,0.157268,10,407,0.236387,3600.08,1479
158.82,16.74,8,0.75,2136.69,1848.25,4623,1848.25,211.035,1775.75,1868.25,0.0520907,3345,503,0.518051,13,462,0.275812,3601.39,1847.5
158.82,33.47,8,0.5,154.578,1544,211,1544,136.192,1541.5,1547,0.00356795,245,1781,0.016795,12,357,0.121797,111.685,1559
158.82,33.47,8,0.75,177.162,1889.5,1,1889.5,162.867,1889.5,1890,0.00026462,88,1777,0.005735,5,156,0.030045,111.6,1895.5
158.82,66.49,8,0.5,334.345,1550.5,255,1550.5,113.124,209,1559.5,6.46172,328,3671,0.025275,0,0,0,64.2414,1583
158.82,66.49,8,0.75,227.986,1892.75,190,1892.75,99.8178,375.5,1896.25,4.04993,249,2919,0.018955,0,0,0,68.7762,1909
317.64,16.74,1,0.5,118.071,1887,224,1887,103.206,1887,1890.5,0.0018548,268,1925,0.027507,19,490,0.266925,60.3904,1911
317.64,16.74,1,0.75,115.256,2061,302,2061,96.9077,2061,2062.75,0.000849102,268,2050,0.030943,19,590,0.359261,40.2845,2073
317.64,33.47,1,0.5,116.049,1889,444,1889,97.896,1889,1892.5,0.00185283,401,2634,0.048504,18,822,0.356524,49.4134,1919
317.64,33.47,1,0.75,126.478,2062,478,2062,106.162,2061.25,2064.5,0.00157671,455,3244,0.04903,11,409,0.183421,51.309,2077
317.64,66.49,1,0.5,202.734,1889,270,1889,78.9167,1892.5,1896.5,0.00211361,347,3659,0.037818,5,156,0.065085,40.5397,1920
317.64,66.49,1,0.75,253.053,2062,217,2062,115.49,996.5,2064.5,1.07175,343,4309,0.03662,5,109,0.065735,46.2658,2077.5
317.64,16.74,2,0.5,115.386,1887,140,1887,99.8856,1887,1889.5,0.00132485,184,1494,0.019134,19,603,0.291823,55.9749,1911
317.64,16.74,2,0.75,97.2101,2061,355,2061,79.1,2061,2063.25,0.0010917,298,1531,0.034783,23,889,0.398797,44.7722,2073
317.64,33.47,2,0.5,233.245,1889,454,1889,66.4282,228,1901,7.33772,509,3813,0.058099,0,0,0,63.6165,1919
317.64,33.47,2,0.75,109.53,2062,459,2062,81.5816,2060.25,2064.75,0.0021842,464,3216,0.048695,14,673,0.218448,57.2643,2077
317.64,66.49,2,0.5,302.334,1889,343,1889,101.815,1882.5,1895,0.00664011,457,5958,0.049426,5,169,0.074814,69.4937,1920
317.64,66.49,2,0.75,220.53,2062,280,2062,89.7211,2062.75,2065,0.00109078,359,3328,0.041389,4,170,0.062079,50.18,2077.5
317.64,16.74,3,0.5,183.148,1887,287,1887,112.082,1883,1892,0.00477961,349,2289,0.039212,5,253,0.077435,47.1167,1911
317.64,16.74,3,0.75,93.7264,2061,267,2061,76.6178,2061,2063,0.000970403,261,1434,0.030615,22,523,0.392119,62.7564,2073
317.64,33.47,3,0.5,265.585,1889,331,1889,113.653,1126.5,1896,0.683089,411,4793,0.046054,6,240,0.083512,49.483,1919
317.64,33.47,3,0.75,257.962,2062,483,2062,66.2974,34.5,2066.5,58.8986,536,3948,0.059092,1,92,0.011884,62.4499,2077
317.64,66.49,3,0.5,184.306,1889,295,1889,56.6927,1892,1902.5,0.00554968,348,3007,0.037926,2,111,0.019774,54.4282,1920
317.64,66.49,3,0.75,181.195,2062,373,2062,68.8255,2063.75,2067.5,0.00181708,447,3648,0.04694,2,34,0.026526,45.8068,2077.5
317.64,16.74,8,0.5,87.6819,1887,343,1887,69.1611,1887,1893.5,0.00344462,293,1464,0.034618,13,430,0.226123,47.6876,1911
317.64,16.74,8,0.75,134.688,2061,304,2061,79.2701,2054.25,2064.25,0.00486796,316,1562,0.036678,3,81,0.052033,47.0082,2073
317.64,33.47,8,0.5,97.0185,1889,446,1889,75.6681,1889,1894.5,0.00291159,395,2557,0.045542,13,586,0.217044,50.9695,1919
317.64,33.47,8,0.75,110.804,2062,296,2062,89.9287,2061.75,2064.75,0.00145507,316,2551,0.03476,14,665,0.247265,49.0114,2077
317.64,66.49,8,0.5,285.879,1889,416,1889,105.058,1884,1897,0.00690021,466,4461,0.049296,6,242,0.079178,39.9579,1920
317.64,66.49,8,0.75,193.745,2062,180,2062,99.2115,2056.25,2064.25,0.00389058,276,3332,0.027745,10,529,0.116984,54.3828,2077.5
476.5,16.74,1,0.5,136.824,2120.5,927,2120.5,65.057,2123.5,2125.5,0.000941841,772,7014,0.108057,3,122,0.053885,31.9507,2147
476.5,16.74,1,0.75,196.983,2177.75,834,2177.75,70.4443,2161.75,2179.75,0.00832659,777,9125,0.114058,4,157,0.079543,32.0997,2191
476.5,33.47,1,0.5,225.694,2120.5,1129,2120.5,79.1949,2119.5,2125,0.00259495,990,9757,0.137405,3,203,0.052802,33.7752,2147
476.5,33.47,1,0.75,133.485,2177.75,689,2177.75,78.2623,2177.5,2179.25,0.000803674,645,4927,0.091023,6,277,0.111104,33.0008,2191
476.5,66.49,1,0.5,215.355,2120.5,958,2120.5,55.4321,2123.5,2125.5,0.000941841,928,8836,0.128224,3,175,0.050083,26.5972,2147
476.5,66.49,1,0.75,226.73,2177.75,969,2177.75,51.3094,1229.75,2180.75,0.773328,945,11026,0.129163,2,88,0.033227,30.2379,2191
476.5,16.74,2,0.5,222.177,2120.5,1234,2120.5,68.5152,2122,2125,0.00141376,1078,9770,0.156573,4,156,0.080162,30.9117,2147
476.5,16.74,2,0.75,84.281,2177.75,1258,2177.75,58.2075,2177.75,2179.5,0.000803582,845,9910,0.113328,15,753,0.270587,31.7997,2191
476.5,33.47,2,0.5,278.949,2120.5,1234,2120.5,103.566,2117.5,2124.5,0.00330579,1115,12266,0.158807,2,58,0.036259,36.9112,2147
476.5,33.47,2,0.75,268.789,2177.75,1321,2177.75,77.338,2179,2180.5,0.000688389,1150,11210,0.158404,4,268,0.068902,36.2969,2191
476.5,66.49,2,0.5,397.14,2120.5,545,2120.5,69.8967,2098.5,2125,0.0126281,646,10934,0.087549,4,276,0.064444,30.2286,2147
476.5,66.49,2,0.75,273.897,2177.75,986,2177.75,63.5474,1781.75,2179.75,0.223376,1060,8408,0.145872,2,45,0.032666,31.0721,2191
476.5,16.74,3,0.5,213.138,2120.5,1046,2120.5,64.8081,34.5,2124.5,60.5797,981,7558,0.135706,2,77,0.033132,30.2436,2147
476.5,16.74,3,0.75,224.506,2177.75,654,2177.75,63.6805,1043.75,2180,1.08862,715,8365,0.10338,4,108,0.077531,33.5529,2191
476.5,33.47,3,0.5,238.092,2120.5,1280,2120.5,63.8271,2123.5,2126,0.0011773,1139,13374,0.156075,4,144,0.071712,37.6773,2147
476.5,33.47,3,0.75,216.432,2177.75,1098,2177.75,75.6185,2178.75,2180.25,0.000688468,1073,7238,0.151475,4,179,0.073123,39.1645,2191
476.5,66.49,3,0.5,218.308,2120.5,979,2120.5,56.3268,2122.5,2125,0.00117786,1017,8042,0.140928,4,222,0.064979,29.6375,2147
476.5,66.49,3,0.75,274.856,2177.75,831,2177.75,67.7784,955.25,2179.5,1.2816,920,7988,0.131839,4,302,0.074093,32.3398,2191
476.5,16.74,8,0.5,162.102,2120.5,736,2120.5,66.4569,2122,2124.5,0.00117813,738,5717,0.101958,4,114,0.07258,33.39,2147
476.5,16.74,8,0.75,168.671,2177.75,962,2177.75,74.2847,2177.5,2180,0.00114811,830,8782,0.120782,4,144,0.076419,32.8295,2191
476.5,33.47,8,0.5,173.214,2120.5,734,2120.5,75.3506,67.5,2124,30.4667,733,7745,0.101607,3,245,0.050253,32.1283,2147
476.5,33.47,8,0.75,304.715,2177.75,655,2177.75,71.1967,2176.5,2180,0.00160809,725,10793,0.100649,5,198,0.091638,35.1846,2191
476.5,66.49,8,0.5,280.551,2120.5,773,2120.5,61.9211,2120.5,2126,0.00259373,732,9184,0.09911,4,124,0.069842,29.2134,2147
476.5,66.49,8,0.75,226.422,2177.75,1491,2177.75,59.6496,105,2180.5,19.7667,1384,9951,0.197858,1,5,0.017619,30.3692,2191
