L,D,C,PC,time,OPT,node_cnt,obj_bnd,root_time,root_obj,root_bnd,root_gap
173,16.46,1,0.5,526.26,1846.5,193,1846.5,481.06,1846.5,1864.32,0.00964842
173,16.46,1,0.75,562.15,2198,197,2198,489.123,2170,2222.74,0.0243028
173,32.91,1,0.5,1137.13,1910,523,1910,391.343,1877.5,1951.03,0.0391618
173,32.91,1,0.75,1687.81,2273.75,475,2273.85,441.065,2233.75,2319.35,0.0383214
173,65.82,1,0.5,1552.91,1910,395,1910,367.077,107.5,1946.3,17.1052
173,65.82,1,0.75,2336.04,2273.75,838,2273.75,264.559,137.25,2324.8,15.9384
173,16.46,2,0.5,615.911,2106,527,2106,534.432,2097,2120.99,0.011441
173,16.46,2,0.75,995.156,2599.5,397,2599.5,822.475,2583.25,2622.84,0.0153261
173,32.91,2,0.5,1485.78,2186.5,404,2186.5,442.249,2077,2210.19,0.0641255
173,32.91,2,0.75,1542.93,2684.75,479,2684.75,424.63,2601.5,2698.97,0.0374672
173,65.82,2,0.5,>3600,(0.0214877),339,2208.46,340.604,1617,2215.16,0.369919
173,65.82,2,0.75,3291.12,2684.75,712,2685,303.639,2069.25,2698.71,0.304195
173,16.46,4,0.5,633.744,2124.5,478,2124.7,504.029,2113.5,2138.46,0.0118106
173,16.46,4,0.75,1239.89,2650.25,1035,2650.5,444.727,2627.5,2667.76,0.0153234
173,32.91,4,0.5,709.527,2194.5,258,2194.68,364.816,2173.5,2209.17,0.0164126
173,32.91,4,0.75,1151.58,2690.25,283,2690.34,402.739,2633,2698.72,0.0249596
173,65.82,4,0.5,1236.25,2194.5,1016,2194.54,317.907,2136.5,2213.71,0.0361366
173,65.82,4,0.75,2157.38,2690.25,581,2690.37,246.05,356.25,2701.48,6.58309
173,16.46,10,0.5,517.238,2124.5,471,2124.5,450.438,2121.5,2136.85,0.00723314
173,16.46,10,0.75,695.383,2651.75,268,2651.84,545.412,2647.5,2660.5,0.00491195
173,32.91,10,0.5,767.793,2194.5,459,2194.52,388.495,2137,2209.85,0.034092
173,32.91,10,0.75,832.798,2690.25,279,2690.27,423.455,2685,2698.02,0.00485057
173,65.82,10,0.5,1074.35,2194.5,558,2194.5,300.998,2167.5,2214.68,0.021767
173,65.82,10,0.75,1617.87,2690.25,711,2690.3,255.897,726.75,2698.76,2.71346
345.99,16.46,1,0.5,356.176,2684.5,879,2684.51,301.448,2683,2690,0.00261085
345.99,16.46,1,0.75,422.849,2935.25,875,2935.27,343.978,2929.75,2936.97,0.00246414
345.99,32.91,1,0.5,1343.5,2687.5,2042,2687.5,319.497,2682,2699.55,0.00654497
345.99,32.91,1,0.75,1215.39,2936.75,1842,2936.92,307.023,2326.5,2943.5,0.265205
345.99,65.82,1,0.5,1480.98,2687.5,1407,2687.65,195.707,1902.5,2704.71,0.421663
345.99,65.82,1,0.75,2068.82,2936.75,1823,2936.83,183.334,1173,2946.32,1.51178
345.99,16.46,2,0.5,590.161,2684.5,830,2684.61,268.752,2672,2701.63,0.0110893
345.99,16.46,2,0.75,746.349,2935,738,2935.29,313.15,2931.25,2938.24,0.00238322
345.99,32.91,2,0.5,1171.75,2687.5,1220,2687.63,274.339,1748,2702.03,0.545785
345.99,32.91,2,0.75,1897.28,2936.75,1349,2936.76,280.854,2669,2943.67,0.10291
345.99,65.82,2,0.5,1344.15,2687.5,938,2687.65,170.181,1797,2709.11,0.507575
345.99,65.82,2,0.75,1834.93,2936.75,1447,2936.81,236.616,2237.75,2944.69,0.315916
345.99,16.46,4,0.5,620.781,2684.5,835,2684.5,248.229,2227,2700.11,0.212441
345.99,16.46,4,0.75,406.838,2935,490,2935.29,327.551,2932,2938.49,0.00221269
345.99,32.91,4,0.5,1253.04,2687.5,1168,2687.72,328.089,1981.5,2699.82,0.362513
345.99,32.91,4,0.75,1147.62,2936.75,2084,2936.75,291.288,2938.25,2945.92,0.00261036
345.99,65.82,4,0.5,1760.68,2687.5,1469,2687.5,173.282,2698,2709.16,0.00413468
-,-,-,-,-,-,-,-,-,-,-,-
345.99 16.46 10 0.5 723.663 2684.5 591 2684.52 323.007 2683.5 2692.16 0.00322655
345.99 16.46 10 0.75 377.458 2935.25 486 2935.28 319.517 2930.5 2937.18 0.00227869
345.99 32.91 10 0.5 1130.01 2687.5 609 2687.64 248.292 2198.5 2706.2 0.230929
345.99 32.91 10 0.75 887.245 2936.75 1732 2936.75 257.679 2933 2945.04 0.00410375
345.99 65.82 10 0.5 1896.23 2687.5 1404 2687.5 194.718 2035.5 2703.34 0.328096
345.99 65.82 10 0.75 1819.48 2936.75 2273 2936.82 213.826 2935.25 2944.35 0.0031004
518.98 16.46 1 0.5 727.067 3031.5 805 3031.77 210.417 2384.5 3036.59 0.273471
518.98 16.46 1 0.75 353.04 3108.75 1067 3109.06 240.675 3102.5 3111.22 0.00280942
518.98 32.91 1 0.5 750.575 3031.5 748 3031.6 205.18 2214 3038.11 0.372229
518.98 32.91 1 0.75 1179.6 3108.75 974 3108.95 205.492 2591.5 3112.12 0.200894
518.98 65.82 1 0.5 1228.11 3031.5 1321 3031.5 142.89 2372.5 3039.42 0.281106
518.98 65.82 1 0.75 966.296 3108.75 869 3109.04 132.173 2173.75 3112.89 0.432037
518.98 16.46 2 0.5 830.512 3031.5 815 3031.7 208.705 319 3037.09 8.52064
518.98 16.46 2 0.75 571.578 3108.75 672 3109.04 218.309 2852 3111.33 0.0909305
518.98 32.91 2 0.5 831.638 3031.5 851 3031.5 212.836 2326.5 3037.33 0.305538
518.98 32.91 2 0.75 850.773 3108.75 1736 3108.85 209.571 2600 3112.22 0.197007
518.98 65.82 2 0.5 1155.1 3031.5 953 3031.65 134.315 1598 3039.92 0.902326
518.98 65.82 2 0.75 659.909 3108.75 1189 3108.99 145.008 2763.25 3111.91 0.126178
518.98 16.46 4 0.5 805.373 3031.5 610 3031.57 194.215 623.5 3039.57 3.87501
518.98 16.46 4 0.75 657.313 3108.75 799 3108.97 208.103 2886 3111.45 0.0781178
518.98 32.91 4 0.5 1205.25 3031.5 936 3031.64 199.148 2268 3038.88 0.339894
518.98 32.91 4 0.75 891.415 3108.75 820 3109.01 222.388 2960.25 3111.95 0.051246
518.98 65.82 4 0.5 985.31 3031.5 799 3031.74 131.656 1618 3040.23 0.879003
518.98 65.82 4 0.75 1272.07 3108.75 1021 3109.01 140.798 758.75 3112.43 3.10204
518.98 16.46 10 0.5 604.874 3031.5 1098 3031.5 193.518 2009.5 3037.31 0.511475
518.98 16.46 10 0.75 945.237 3108.75 816 3109.03 185.006 2574 3112.73 0.209297
518.98 32.91 10 0.5 842.481 3031.5 1185 3031.5 190.283 2614 3040.1 0.163008
518.98 32.91 10 0.75 549.942 3108.75 645 3109.04 213.598 2957.75 3112.41 0.0522887
518.98 65.82 10 0.5 1166.97 3031.5 977 3031.58 125.472 2475 3040.29 0.228401
518.98 65.82 10 0.75 1111.83 3108.75 824 3109 137.924 2672 3112.19 0.164743
