L D C PC time OPT node_cnt obj_bnd root_time root_obj root_bnd root_gap
1975.84 245.78 1 0.5 727.771 6469 1157 6469.47 261.124 5721 6758.78 0.181398
1975.84 245.78 1 0.75 703.59 7596 962 7596 209.864 2932.5 8041.13 1.74207
1975.84 491.56 1 0.5 1109.78 6789 608 6789 206.467 6287.5 7015.09 0.115721
1975.84 491.56 1 0.75 806.899 8035 991 8035 207.782 2130.5 8316.64 2.90361
1975.84 983.12 1 0.5 2391.5 6816.5 867 6816.5 115.041 185 7219.38 38.0237
1975.84 983.12 1 0.75 2418.53 8069.25 1497 8069.25 115.191 235 8695.28 36.0012
1975.84 245.78 2 0.5 >3600 (0.0322074) 2083 7544.4 300.471 6680.5 7748.6 0.159883
1975.84 245.78 2 0.75 >3600 (0.0115668) 3550 9346.12 464.938 8921.5 9691.78 0.0863396
1975.84 491.56 2 0.5 606.302 8230 208 8230 204.8 5785 8291.8 0.433328
1975.84 491.56 2 0.75 829.494 10212 355 10212 191.6 9746.5 10248.1 0.0514654
1975.84 983.12 2 0.5 1985.94 8255 1024 8255 143.204 474 8361.28 16.6398
1975.84 983.12 2 0.75 1539.53 10224.5 1018 10224.5 162.824 385 10275 25.6884
1975.84 245.78 3 0.5 3374.75 7506 5300 7506 265.999 6950 7826.98 0.126185
1975.84 245.78 3 0.75 >3600 (0.0312273) 1310 9881.22 294.426 9208 9948.44 0.0804127
1975.84 491.56 3 0.5 693.709 8231.5 403 8232.07 189.716 7385.5 8289.19 0.12236
1975.84 491.56 3 0.75 671.445 10212.8 426 10213.8 225.81 8660.5 10244.6 0.182913
1975.84 983.12 3 0.5 1650.37 8255 869 8255 163.7 622.5 8366.28 12.4398
1975.84 983.12 3 0.75 1478.1 10224.5 537 10224.5 137.977 535 10278.3 18.2118
1975.84 245.78 8 0.5 993.324 7626.5 778 7626.5 231.891 5680.5 7824.24 0.377386
1975.84 245.78 8 0.75 >3600 (0.00268278) 5725 9756.6 205.082 9472.5 9968.74 0.0523879
1975.84 491.56 8 0.5 744.978 8233 678 8233 203.108 8018.5 8286.79 0.0334588
1975.84 491.56 8 0.75 564.278 10213.5 432 10213.5 216.808 9835.25 10242 0.0413565
1975.84 983.12 8 0.5 793.605 8255 579 8255 133.644 872 8363.76 8.59146
1975.84 983.12 8 0.75 1171.17 10224.5 507 10224.9 131.758 1265.5 10290.8 7.1318
3951.68 245.78 1 0.5 585.519 9915 680 9915.62 145.801 9847.5 9976.94 0.0131441
3951.68 245.78 1 0.75 622.45 11054.5 550 11055.5 138.909 11016.2 11095.6 0.00720282
3951.68 491.56 1 0.5 689.766 9933.5 786 9934.49 128.547 4997 10022.2 1.00564
3951.68 491.56 1 0.75 482.591 11063.8 506 11064.8 154.527 6577.25 11091.3 0.686312
3951.68 983.12 1 0.5 844.418 9933.5 864 9933.5 119.392 4069 9998.49 1.45724
3951.68 983.12 1 0.75 566.907 11063.8 767 11064.8 115.284 5775.5 11096.5 0.921301
3951.68 245.78 2 0.5 614.341 9915 651 9915 173.526 9915.5 9974.57 0.00595688
3951.68 245.78 2 0.75 642.944 11054.5 451 11055.2 164.163 11058 11081.3 0.00210851
3951.68 491.56 2 0.5 474.579 9933.5 409 9933.5 163.548 9897.5 9992.23 0.00957065
3951.68 491.56 2 0.75 428.94 11063.8 453 11064.8 139.244 8810 11088.9 0.258676
3951.68 983.12 2 0.5 755.452 9933.5 845 9933.5 118.58 7664 9999.22 0.304699
3951.68 983.12 2 0.75 666.413 11063.8 583 11064.7 126.196 10243.2 11098 0.0834485
3951.68 245.78 3 0.5 260.71 9915 980 9915.96 158.586 9869 9956.46 0.00886232
3951.68 245.78 3 0.75 477.263 11054.5 419 11054.5 146.079 6668.75 11088.7 0.662784
3951.68 491.56 3 0.5 394.339 9933.5 436 9934.42 148.833 9837.5 9969.49 0.0134173
3951.68 491.56 3 0.75 523.913 11063.8 454 11063.8 164.698 11064.5 11082.8 0.00165222
3951.68 983.12 3 0.5 478.751 9933.5 504 9933.5 110.541 5111.5 10001.1 0.956586
3951.68 983.12 3 0.75 1107.05 11063.8 835 11063.8 124.796 9468.75 11104.7 0.172775
3951.68 245.78 8 0.5 485.692 9915 379 9915 155.314 9906.5 9966.04 0.00601064
3951.68 245.78 8 0.75 391.792 11054.5 259 11055.4 152.274 6849.75 11077.7 0.617239
3951.68 491.56 8 0.5 441.843 9933.5 450 9933.5 131.469 7842.5 9984.63 0.273144
3951.68 491.56 8 0.75 379.156 11063.8 334 11064.8 158.478 10124.8 11089.4 0.0952806
3951.68 983.12 8 0.5 722.895 9933.5 825 9933.5 121.765 7276 10009.6 0.375697
3951.68 983.12 8 0.75 991.052 11063.8 977 11064.6 121.454 11077.2 11098.2 0.00189379
5927.51 245.78 1 0.5 371.57 11311.5 648 11311.5 111.898 7090 11348.7 0.60066
5927.51 245.78 1 0.75 349.885 11752.8 528 11753.4 101.705 7519.75 11770.4 0.565265
5927.51 491.56 1 0.5 364.676 11311.5 603 11312.5 103.596 4489.5 11352.3 1.52862
5927.51 491.56 1 0.75 389.957 11752.8 746 11752.8 96.6574 7251 11773.7 0.623731
5927.51 983.12 1 0.5 343.814 11311.5 670 11311.5 70.6248 2359 11358.8 3.81511
5927.51 983.12 1 0.75 195.2 11752.5 725 11753.3 69.6111 9002.25 11775 0.308003
5927.51 245.78 2 0.5 378.195 11311.5 681 11311.5 117.994 7374.5 11340.2 0.537753
5927.51 245.78 2 0.75 300.799 11752.8 388 11753.5 107.438 7814.5 11767.1 0.505809
5927.51 491.56 2 0.5 393.777 11311.5 629 11311.5 106.229 8971.5 11345.5 0.264621
5927.51 491.56 2 0.75 281.273 11752.8 448 11753.6 103.821 10582.8 11773.9 0.112555
5927.51 983.12 2 0.5 315.75 11311 593 11311.7 71.7708 8776.5 11357.3 0.294063
5927.51 983.12 2 0.75 229.605 11752.8 736 11752.8 71.0327 10493.5 11775.7 0.122188
5927.51 245.78 3 0.5 311.356 11311.5 621 11311.5 100.27 8479.5 11354.4 0.339046
5927.51 245.78 3 0.75 299.37 11752.8 437 11753.3 107.616 6940 11769.7 0.695929
5927.51 491.56 3 0.5 360.839 11311.5 586 11311.5 102.055 9010.5 11345.8 0.259171
5927.51 491.56 3 0.75 405.994 11752.8 636 11753.8 109.745 10602.2 11773.9 0.110512
5927.51 983.12 3 0.5 393.008 11311.5 652 11311.5 73.9702 11335.5 11356.4 0.00184472
5927.51 983.12 3 0.75 279.791 11752.5 595 11753.3 69.8668 10951 11775.2 0.075267
5927.51 245.78 8 0.5 359.279 11311.5 708 11311.5 107.919 7844 11338.9 0.445551
5927.51 245.78 8 0.75 449.935 11752.8 604 11753.2 122.469 11760 11767.9 0.000667671
5927.51 491.56 8 0.5 316.752 11311.5 449 11312.3 118.383 8937 11351.1 0.270119
5927.51 491.56 8 0.75 334.283 11752.8 560 11752.8 105.601 6529.75 11774.7 0.803242
5927.51 983.12 8 0.5 390.455 11311.5 731 11312.3 83.6149 8584 11350.8 0.322321
5927.51 983.12 8 0.75 395.97 11752.8 851 11753.3 71.4837 10565.5 11775.3 0.114503
