L D C PC time OPT node_count obj_bound root_time root_bestobj root_bestbound root_gap Siter Scuts time_subtour Sroot_iter Srootfrac_cuts time_sub_root LP_time LP_obj
2220.53 248.23 1 0.5 2006.12 5761 1474 5761 440.292 5672.5 5925 0.044513 1278 8979 0.147203 3 128 0.066602 223.874 5953
2220.53 248.23 1 0.75 1051.1 6727.25 2558 6727.25 599.334 6721.5 6891.75 0.0253292 1599 5548 0.204778 20 711 0.548148 237.245 6956.5
2220.53 496.46 1 0.5 2001.78 6124 477 6124 509.607 6152.5 6205.5 0.00861438 548 9646 0.056934 0 0 0 198.15 6419
2220.53 496.46 1 0.75 2686.67 7251.25 335 7251.25 471.994 6308.75 7388 0.171072 404 8874 0.040912 0 0 0 159.495 7592
2220.53 992.92 1 0.5 2004.72 6124 432 6124 174.366 1896.5 6253.5 2.29739 505 9768 0.049504 0 0 0 101.722 6495.5
2220.53 992.92 1 0.75 2474.92 7251.25 460 7251.75 184.849 2151.75 7442.75 2.45893 501 9384 0.049099 0 0 0 88.9518 7667.75
2220.53 248.23 2 0.5 1629.85 6123.5 3631 6123.5 774.258 6095 6213 0.0193601 2631 3463 0.356722 25 813 0.749593 2826.7 6209
2220.53 248.23 2 0.75 >3600 (0.0189607) 132 7456.5 909.581 6998.25 7507.25 0.0727325 193 2094 0.035256 3 148 0.112568 3600.02 7404.75
2220.53 496.46 2 0.5 >3600 (11.1372) 271 6633 344.982 546.5 6663 11.1921 324 11870 0.036443 0 0 0 549.936 6674
2220.53 496.46 2 0.75 >3600 (26.3895) 284 7929.25 477.297 289.5 7936.5 26.4145 363 7954 0.039031 0 0 0 494.573 7940.5
2220.53 992.92 2 0.5 >3600 (28.9594) 515 6636 390.826 221.5 6651 29.0271 594 16225 0.058517 0 0 0 290.982 6739
2220.53 992.92 2 0.75 >3600 (0.0123271) 419 7924.75 373.134 7909.25 7928.25 0.00240225 495 9703 0.049411 0 0 0 321.257 7973.5
2220.53 248.23 4 0.5 293.169 6201.5 801 6201.5 234.498 6185.5 6251 0.0105893 574 1483 0.056198 14 678 0.187787 227.357 6272.5
2220.53 248.23 4 0.75 >3600 (0.00967356) 1407 7593.25 355.975 7493.5 7658.25 0.0219857 1263 2163 0.258614 6 207 0.20305 3600.02 7544.75
2220.53 496.46 4 0.5 2995.89 6577.5 1040 6577.5 409.174 6577.5 6644 0.0101102 962 17695 0.101114 1 19 0.010725 296.585 6674
2220.53 496.46 4 0.75 3032.83 7892.75 962 7892.75 320.176 356.25 7940 21.2877 874 12536 0.088258 0 0 0 341.23 7940.5
2220.53 992.92 4 0.5 1924.13 6577.5 880 6577.5 246.611 6599 6632.5 0.00507653 829 14495 0.076533 4 166 0.047158 212.576 6739
2220.53 992.92 4 0.75 2967.95 7892.75 1099 7893.25 252.876 612.75 7925.75 11.9347 1055 14386 0.111086 0 0 0 288.931 7973.5
2220.53 248.23 10 0.5 209.007 6224 236 6224 179.668 6193 6254.5 0.00993057 244 909 0.025416 11 312 0.132295 188.161 6288
2220.53 248.23 10 0.75 3527.89 7548.5 4417 7548.5 1364.03 7540 7635 0.0125995 2484 1602 0.47372 41 1540 1.5994 3600.01 7596.5
2220.53 496.46 10 0.5 2535.84 6577.5 647 6578 369.139 813.5 6639.5 7.16165 704 11153 0.073092 0 0 0 303.698 6674
2220.53 496.46 10 0.75 3414.94 7892.75 781 7893.5 259 1686 7946 3.71293 803 14549 0.082794 0 0 0 308.869 7940.5
2220.53 992.92 10 0.5 3031.39 6577.5 1451 6577.5 242.651 1900 6649 2.49947 1269 21261 0.13631 2 37 0.034095 180.095 6739
2220.53 992.92 10 0.75 1590.41 7892.75 1251 7892.75 150.256 6806.75 7938.75 0.166306 1090 13703 0.104686 0 0 0 197.701 7973.5
4441.07 248.23 1 0.5 >3600 (0.00875847) 1038 7889.5 176.879 227.5 7992.5 34.1319 1070 21784 0.168474 0 0 0 198.949 7984
4441.07 496.46 1 0.5 2592.45 7975.5 1013 7975.5 185.451 7976 8012 0.00451354 1006 33779 0.155914 0 0 0 293.325 8152.5
4441.07 496.46 1 0.75 2473.59 8591.75 1344 8592.25 210.402 2695.5 8608 2.19347 1372 20740 0.211834 0 0 0 293.416 8679.75
4441.07 992.92 1 0.5 3340.79 7975.5 1358 7975.5 158.065 2028.5 8036.5 2.96179 1345 23070 0.199973 0 0 0 245.677 8153
4441.07 992.92 1 0.75 2311.41 8591.75 1091 8592.5 126.864 1759.5 8611.75 3.89443 1130 22828 0.164925 0 0 0 187.595 8680.5
4441.07 248.23 2 0.5 1239.07 7835.5 1052 7835.5 146.684 165 7978.5 47.3545 975 9964 0.158263 0 0 0 150.867 7987.5
4441.07 496.46 2 0.5 1569.08 7975.5 1132 7975.5 160.959 1597.5 8000.5 4.00814 1147 21553 0.176565 0 0 0 324.446 8152.5
4441.07 496.46 2 0.75 2891.72 8591.75 1907 8591.75 168.574 3743.25 8610.25 1.30021 1828 34385 0.264798 0 0 0 299.458 8679.75
4441.07 992.92 2 0.5 2350.14 7975.5 1895 7976 131.21 3744 8009 1.13916 1814 27250 0.271059 0 0 0 268.987 8153
4441.07 248.23 4 0.5 2028.91 7835.5 1695 7836 239.339 3914 7899 1.01814 1601 21970 0.238606 0 0 0 153.552 7987.5
4441.07 496.46 4 0.5 1296.37 7975.5 703 7975.5 173.994 1616.5 8007.5 3.9536 791 11739 0.119413 0 0 0 231.466 8152.5
4441.07 496.46 4 0.75 1152.87 8591.75 1272 8592.25 168.49 4419.25 8609.25 0.948125 1285 18794 0.18502 0 0 0 225.308 8679.75
4441.07 992.92 4 0.5 1400.67 7975.5 639 7975.5 115.883 1444 8003 4.54224 714 14309 0.107615 0 0 0 249.991 8153
4441.07 992.92 4 0.75 433.164 8591.75 689 8592.25 126.489 7974 8602 0.078756 740 7718 0.106678 0 0 0 239.569 8680.5
4441.07 496.46 10 0.5 979.325 7975.5 804 7975.5 168.929 2875 7990.5 1.7793 823 14152 0.11695 1 107 0.022204 239.569 8152.5
4441.07 496.46 10 0.75 1622.17 8591.75 1897 8592.5 137.091 3693.25 8607.25 1.33054 1788 48867 0.278726 0 0 0 197.992 8679.75
4441.07 992.92 10 0.5 1059.12 7975.5 821 7975.5 98.521 2948 8007 1.71608 870 16582 0.124248 0 0 0 215.603 8153
4441.07 992.92 10 0.75 >3600 (0.000232781) 1703 8593.75 115.902 4278 8618.75 1.01467 1708 34550 0.253515 0 0 0 251.668 8680.5
6661.61 248.23 1 0.5 1300.53 8821 1573 8821.5 162.562 8819 8842.5 0.0026647 1614 20952 0.314909 2 95 0.093631 87.4336 8992.5
6661.61 248.23 1 0.75 1793.63 9014.5 1541 9015.25 138.522 1521 9029.5 4.93655 1543 25530 0.284322 0 0 0 77.1488 9099.75
6661.61 496.46 1 0.5 1374.96 8823.5 2137 8823.5 117.888 39.5 8844.5 222.911 1847 36864 0.343248 0 0 0 82.6883 9014
6661.61 496.46 1 0.75 892.077 9015.75 2191 9016.5 159.161 1492 9026.75 5.0501 1896 17979 0.366913 1 73 0.037557 82.1183 9111
6661.61 992.92 1 0.5 1317.29 8823.5 2150 8823.5 94.0641 39.5 8857.5 223.241 1970 37866 0.365519 0 0 0 71.3641 9014
6661.61 992.92 1 0.75 1186.27 9015.75 1404 9016.5 121.024 3959.5 9031.25 1.28091 1343 22525 0.25907 0 0 0 74.7234 9110.75
6661.61 248.23 2 0.5 2334.22 8821 2181 8821 141.842 8833.5 8848.5 0.00169808 1997 46715 0.36975 2 115 0.071871 74.7493 8992.5
6661.61 248.23 2 0.75 2432.73 9014.5 2944 9015.25 93.1348 2470 9030.75 2.65617 2895 72848 0.539252 0 0 0 56.6623 9100.25
6661.61 496.46 2 0.5 1714.74 8823.5 1501 8823.5 152.444 8255.5 8850.5 0.0720732 1369 26254 0.251506 2 130 0.070611 69.365 9014
6661.61 496.46 2 0.75 1672.25 9015.75 1453 9016.5 115.523 134.25 9032.25 66.2793 1360 26567 0.25374 0 0 0 72.1434 9111
6661.61 992.92 2 0.5 1206.76 8823.5 1488 8824 119.236 8827 8857.5 0.00345531 1489 25722 0.281004 1 49 0.04197 56.1267 9014
6661.61 992.92 2 0.75 822.263 9015.75 952 9016.5 128.563 9023.25 9032 0.000969717 1017 15297 0.198896 2 207 0.07392 89.9248 9111
6661.61 248.23 4 0.5 732.316 8821 1176 8821.5 117.771 1578 8842 4.6033 1187 16578 0.219039 0 0 0 62.0043 8992.5
6661.61 248.23 4 0.75 2428.19 9014.5 2644 9015.25 96.4175 8933 9034.25 0.0113344 2449 51911 0.467051 0 0 0 77.3045 9100.25
6661.61 496.46 4 0.5 2491.85 8823.5 1591 8823.5 136.01 1588 8849 4.57242 1575 33303 0.308575 1 110 0.038482 87.9102 9014
6661.61 496.46 4 0.75 2731.48 9015.75 1858 9016.5 111.523 3911 9029 1.30862 1945 44621 0.353779 0 0 0 63.8821 9111
6661.61 992.92 4 0.5 1105.89 8823.5 1792 8824 93.8958 263.5 8847.5 32.5769 1795 22773 0.350492 0 0 0 58.5708 9014
6661.61 992.92 4 0.75 1004.17 9015.75 2452 9016.5 115.954 214.5 9027.5 41.0862 2279 25565 0.434742 0 0 0 58.9337 9111
6661.61 248.23 10 0.5 1640.93 8821 1864 8821 148.466 8833 8847.5 0.00164157 1846 34439 0.33526 2 172 0.078129 58.9187 8992.5
6661.61 248.23 10 0.75 2076.85 9014.5 2129 9014.5 128.336 4548 9022.5 0.983839 2056 42451 0.377519 0 0 0 63.3313 9100.25
6661.61 496.46 10 0.5 1549.75 8823.5 1937 8823.5 95.5426 4279 8853 1.06894 1776 38644 0.327983 0 0 0 81.6061 9014
6661.61 496.46 10 0.75 1715.08 9015.75 2474 9016.5 100.132 390.75 9028.5 22.1056 2374 55081 0.460266 0 0 0 60.1897 9111
6661.61 992.92 10 0.75 1118.42 9015.75 2068 9016.5 102.364 9018 9027.75 0.00108117 1988 25705 0.386441 1 33 0.044234 66.214 9111
