L,D,C,PC,time,OPT,node_count,obj_bound,root_time,root_bestobj,root_bestbound,root_gap,Biter,Bcuts,time_slave,Siter,Scuts,time_subtour,Sroot_iter,Srootfrac_cuts,time_sub_root,LP_time,LP_obj
1632.73,179.66,1,0.5,208.491,3795,3288,3795,8.73399,3558,4027.65,0.132,2148,286,10.7487,2148,5573,0.490171,5,40,0.072992,3.31722,4262.5
1632.73,179.66,1,0.75,1465.31,4462.75,21113,4462.75,6.17137,1267.75,4830.14,2.81001,11807,620,51.5867,11807,15512,1.50556,0,0,0,3.71357,5041.25
1632.73,359.31,1,0.5,149.135,4302.5,715,4302.5,7.01426,569,4389.16,6.71381,639,13,7.29183,639,5669,0.348928,3,0,0.032604,1.53783,4775
1632.73,359.31,1,0.75,23.0374,5146.25,562,5146.25,10.6972,4862.75,5215.74,0.0725897,439,12,5.36174,439,2755,0.25054,10,17,0.134295,1.57333,5683.25
1632.73,718.62,1,0.5,870.92,4302.5,1853,4302.5,1.28669,1134,5354.35,3.72165,1682,0,19.6752,1682,13892,0.323237,0,0,0,0.508276,4887
1632.73,718.62,1,0.75,1010.05,5146.25,3219,5146.25,1.31349,5255,6263.44,0.1919,2945,0,30.9205,2945,19397,0.429737,0,0,0,0.647838,5806.5
1632.73,179.66,2,0.5,3128.1,4249,10808,4249,19.3322,3842.5,4474.67,0.164519,8026,594,40.9506,8026,23146,1.18139,7,0,0.120477,7.49653,4652.5
1632.73,359.31,2,0.5,16.2289,5002,231,5002,14.5052,4986.5,5015.16,0.00574688,196,2,1.32247,196,1087,0.157681,10,0,0.144638,1.91799,5183.5
1632.73,359.31,2,0.75,27.9884,6207.25,151,6207.25,10.9687,5838,6235.45,0.0680806,139,9,2.08697,139,1313,0.291697,0,0,0,1.71997,6340
1632.73,718.62,2,0.5,72.468,5002,1153,5002,1.24012,4975,5552.31,0.116041,791,0,12.1162,791,4226,0.18013,0,0,0,0.58745,5294.5
1632.73,718.62,2,0.75,52.1223,6207.25,626,6207.25,2.40169,2085.75,6439.16,2.08721,410,0,7.04817,410,3908,0.271473,0,0,0,0.743228,6391
1632.73,179.66,3,0.5,>3600,(2.56978),5511,4526.49,14.4698,1268,4641.95,2.66084,5498,495,18.5771,5498,19717,0.877426,2,4,0.029558,6.8738,4748
1632.73,179.66,3,0.75,>3600,(0.220308),4315,5881.89,6.6055,1194.75,6016.29,4.0356,4310,260,13.983,4310,13014,0.729888,0,0,0,5.86724,6091.75
1632.73,359.31,3,0.5,23.5989,5069.5,293,5069.5,5.70335,4845.5,5100.07,0.0525365,248,3,1.86578,248,1540,0.210419,0,0,0,1.64905,5205.5
1632.73,359.31,3,0.75,21.7905,6285.25,103,6285.25,9.31147,6190.25,6302.98,0.018211,108,4,1.04705,108,1066,0.19574,0,0,0,1.57911,6353.25
1632.73,718.62,3,0.5,116.62,5069.5,889,5069.5,1.30466,5030,5552.31,0.103838,657,0,11.1698,657,5378,0.270884,0,0,0,0.559138,5295
1632.73,718.62,3,0.75,124.089,6285.25,1380,6285.25,1.1481,6216.25,6517.6,0.0484782,1069,0,14.018,1069,5906,0.191601,0,0,0,0.529916,6393.25
1632.73,359.31,8,0.5,19.9125,5069.5,330,5069.5,18.3247,5066.5,5081.09,0.00287876,227,0,0.573572,227,1303,0.173374,11,111,0.227066,1.76684,5205.5
1632.73,359.31,8,0.75,23.7933,6285.25,304,6285.25,15.3235,6259,6304.21,0.0072231,248,0,0.713399,248,1395,0.252847,0,0,0,1.72267,6353.25
1632.73,718.62,8,0.5,25.2955,5069.5,953,5069.5,1.24905,5153.5,5552.31,0.0773855,591,0,4.19209,591,2886,0.137908,0,0,0,0.526216,5295
1632.73,718.62,8,0.75,118.394,6285.25,1210,6285.25,1.17059,6194.25,6517.6,0.052202,964,0,8.01861,964,5561,0.28536,0,0,0,0.631746,6393.25
3265.45,179.66,1,0.75,2606.06,6805.25,3501,6805.25,6.22698,576.75,6838.6,10.8571,3283,172,14.2676,3283,34389,1.29779,3,0,0.06582,1.69418,6892
3265.45,359.31,1,0.5,1288.67,6154.5,3038,6154.5,8.29348,5591.5,6214.15,0.111356,2798,2,24.3427,2798,13477,1.28637,4,0,0.057992,1.8205,6361.5
3265.45,359.31,1,0.75,1190.14,6827.75,2264,6828.05,14.0066,6402.25,6859.51,0.0714221,1808,3,17.2019,1808,15163,1.36295,6,29,0.102011,1.54953,6931.25
3265.45,718.62,1,0.5,889.736,6154.5,4967,6154.5,1.72128,474.5,6466.36,12.6277,2915,0,35.1394,2915,16834,0.752994,0,0,0,0.665502,6348.5
3265.45,718.62,1,0.75,809.392,6827.75,3052,6827.75,1.32189,625.5,7052.96,10.2757,2375,0,28.251,2375,18640,0.849949,0,0,0,0.79619,6924.75
3265.45,179.66,2,0.5,1075.97,6124,1137,6124.44,4.57686,6004.5,6213.63,0.0348297,1032,3,1.52745,1032,15784,0.664223,0,0,0,1.63791,6283
3265.45,359.31,2,0.5,959.253,6154.5,1998,6154.5,6.78495,5458,6227.72,0.141025,1777,0,9.03754,1777,10922,0.787088,4,0,0.069625,2.02716,6361.5
3265.45,359.31,2,0.75,55.5958,6827.75,1538,6827.75,8.32828,6365,6862.59,0.0781762,876,0,4.36298,876,3794,0.668923,1,0,0.029594,1.61801,6931.25
3265.45,718.62,2,0.5,575.063,6154.5,2570,6154.5,1.27744,1201,6604.91,4.49951,1851,0,15.1008,1851,16022,0.447561,0,0,0,0.936397,6348.5
3265.45,718.62,2,0.75,659.489,6827.75,1931,6827.75,1.34808,5273,7052.96,0.33756,1588,0,13.1104,1588,13707,0.574003,0,0,0,0.708558,6924.75
3265.45,179.66,3,0.5,2389.09,6124,1744,6124,6.55319,665.5,6192.08,8.30441,1725,2,1.84625,1725,22300,1.17029,3,0,0.057549,1.55842,6283
3265.45,179.66,3,0.75,>3600,(0.0245856),1426,6821.82,7.89366,682.25,6845.65,9.03393,1434,1,1.52567,1434,19761,0.879962,2,4,0.038363,1.32902,6892
3265.45,359.31,3,0.5,188.303,6154.5,1211,6154.5,7.07727,519.5,6217.46,10.9682,877,0,3.11976,877,11325,0.59028,4,32,0.065979,1.77541,6361.5
3265.45,359.31,3,0.75,991.441,6827.75,2624,6827.75,28.8997,1046.5,6868.71,5.56351,2141,0,7.27887,2141,14860,1.20697,2,94,0.039292,1.71886,6931.25
3265.45,718.62,3,0.5,286.725,6154.5,1853,6154.5,1.24785,5815.5,6604.91,0.135742,1487,0,10.0233,1487,10520,0.600778,0,0,0,0.948166,6348.5
3265.45,718.62,3,0.75,637.192,6827.75,3916,6827.75,1.67955,763,6971.74,8.13727,2627,0,16.7417,2627,13810,0.777793,0,0,0,0.747306,6924.75
3265.45,179.66,8,0.5,3185.47,6124,1837,6124.44,13.7176,469.5,6199.73,12.205,1803,1,1.24079,1803,20841,1.24297,1,0,0.023263,1.58171,6283
3265.45,179.66,8,0.75,593.97,6812.5,964,6812.68,12.3014,6729.75,6836.39,0.0158463,982,1,0.675583,982,9020,0.965837,5,0,0.097305,1.78814,6892
3265.45,359.31,8,0.5,162.916,6154.5,1163,6154.5,6.74947,5936,6220.63,0.0479504,987,0,2.15143,987,8391,0.777788,3,0,0.050657,1.91591,6361.5
3265.45,359.31,8,0.75,830.274,6827.75,2363,6827.75,19.3393,1726.25,6860.02,2.97394,1875,0,4.00414,1875,12602,1.01223,3,30,0.059588,1.60327,6931.25
3265.45,718.62,8,0.5,1243.28,6154.5,5092,6154.5,1.18231,2207.5,6604.91,1.99203,3028,0,12.4527,3028,20738,0.746586,0,0,0,0.636463,6348.5
3265.45,718.62,8,0.75,3054.48,6827.75,2413,6828.28,4.7804,2049.75,6982.96,2.40674,2170,0,10.162,2170,24951,1.54713,0,0,0,1.1528,6924.75
4898.18,179.66,1,0.5,508.611,7052.5,4269,7052.5,8.01326,382,7092.91,17.5678,3383,1,2.7143,3383,10601,1.34772,3,6,0.064827,1.19963,7197
4898.18,179.66,1,0.75,274.615,7276.75,4995,7276.75,13.6224,6985.75,7294.82,0.0442429,3691,1,2.51255,3691,6813,2.14713,2,0,0.039538,1.24796,7349
4898.18,359.31,1,0.5,251.741,7052.5,6939,7053,10.744,220,7093.64,31.2438,4877,0,11.6311,4877,6769,1.19491,2,0,0.03949,1.51697,7187.5
4898.18,359.31,1,0.75,197.884,7276.75,4203,7277.38,18.3502,2318.5,7292.17,2.14521,3386,0,8.81381,3386,5111,1.57612,4,0,0.093651,1.63001,7344.25
4898.18,718.62,1,0.5,624.304,7052.5,9954,7053.07,1.22098,359.5,7189.55,18.9988,7170,0,34.7131,7170,15525,2.42409,0,0,0,0.55721,7185
4898.18,718.62,1,0.75,994.989,7276.75,6345,7276.99,3.15664,7194.25,7334.98,0.019561,4755,0,24.1788,4755,12886,2.00673,0,0,0,0.757202,7343
4898.18,179.66,2,0.5,224.909,7052.5,8900,7052.5,11.6583,7046,7124.04,0.011076,6481,2,3.30309,6481,6805,1.51911,0,0,0,1.16033,7197
4898.18,179.66,2,0.75,422.126,7276.75,5639,7277.26,21.0903,493.25,7298.41,13.7966,4660,0,2.63151,4660,10096,1.76173,2,58,0.041382,1.25531,7349
4898.18,359.31,2,0.5,312.82,7052.5,6468,7052.65,15.2895,6512.5,7092.41,0.0890452,4963,0,9.4374,4963,8432,1.65587,3,0,0.060143,1.59427,7187.5
4898.18,359.31,2,0.75,333.373,7276.75,9754,7277.18,17.9847,7196.44,7292.17,0.0133026,7562,0,13.5896,7562,9109,2.23401,4,0,0.082283,1.56887,7344.25
4898.18,718.62,2,0.5,1086.55,7052.5,6478,7052.5,0.826918,2363,7275.04,2.07873,4784,0,19.3516,4784,16394,2.36305,0,0,0,0.555885,7185
4898.18,718.62,2,0.75,1533.18,7276.75,12577,7277.38,1.32992,348.25,7344.82,20.0907,8597,0,32.2588,8597,17619,2.61136,0,0,0,0.564256,7343
4898.18,179.66,3,0.5,1046.7,7052.5,5939,7052.5,6.14576,7013,7155.41,0.0203063,4730,0,2.71301,4730,13890,2.06215,0,0,0,1.2003,7197
4898.18,179.66,3,0.75,241.642,7276.75,5322,7277.44,12.8238,682.25,7298.88,9.69825,4264,0,2.17482,4264,7015,1.61853,3,0,0.069474,1.14907,7349
4898.18,359.31,3,0.5,130.661,7052.5,7996,7053.11,16.2324,6512.5,7092.41,0.0890452,5081,0,7.71333,5081,5608,1.45528,3,0,0.076618,1.63761,7187.5
4898.18,359.31,3,0.75,198.129,7276.75,6621,7277.15,17.9447,5590.75,7293.06,0.304486,4911,0,7.46826,4911,6825,1.80194,5,0,0.098782,1.56608,7344.25
4898.18,718.62,3,0.5,1159.14,7052.5,4619,7052.5,1.08499,329,7191.73,20.8594,3531,0,12.5026,3531,15042,2.22638,0,0,0,0.617731,7185
4898.18,718.62,3,0.75,805.649,7276.75,8381,7276.75,1.17299,755.5,7345.28,8.7224,6385,1,23.6192,6385,17285,2.82343,0,0,0,0.874655,7343
4898.18,179.66,8,0.5,173.337,7052.5,5074,7052.73,6.67645,682.5,7091.84,9.39098,3562,1,1.65937,3562,6818,1.07111,2,0,0.048301,1.16222,7197
4898.18,179.66,8,0.75,341.459,7276.75,4772,7276.75,4.69806,2179,7297.45,2.34899,3540,1,1.63201,3540,7655,1.02391,1,0,0.020267,1.13327,7349
4898.18,359.31,8,0.5,166.847,7052.5,8486,7052.5,15.7029,6512.5,7092.41,0.0890452,5641,60,6.85902,5641,6996,1.48552,3,0,0.059942,1.6036,7187.5
4898.18,359.31,8,0.75,256.462,7276.75,3625,7277.26,7.72777,1726.25,7291.64,3.22398,2914,0,3.73337,2914,4136,0.824548,4,24,0.078662,1.61791,7344.25
4898.18,718.62,8,0.75,495.434,7276.75,8627,7276.75,0.762414,6539,7388.02,0.129839,6510,0,17.977,6510,12706,2.47973,0,0,0,0.532671,7343
