L,D,C,PC,time,OPT,node_count,obj_bound,root_time,root_bestobj,root_bestbound,root_gap,Biter,Bcuts,time_slave,Siter,Scuts,time_subtour,Sroot_iter,Srootfrac_cuts,time_sub_root,LP_time,LP_obj
176.97,16.74,1,0.5,21.8706,1228.5,1287,1228.5,13.0348,1156,1250.05,0.0813561,826,77,3.84061,826,973,0.278149,21,0,0.403759,3.37951,1304.5
176.97,16.74,1,0.75,21.1457,1450.75,1529,1450.75,9.92286,1425,1484.94,0.042064,865,85,4.06562,865,1395,0.262336,17,0,0.345689,2.88003,1547.25
176.97,33.47,1,0.5,120.239,1295.5,2338,1295.5,7.55468,536.5,1325.8,1.4712,1896,0,15.4305,1896,5942,0.44661,4,3,0.035616,2.31815,1397
176.97,33.47,1,0.75,173.825,1554.75,1899,1554.75,9.96236,1291.5,1588.01,0.229587,1676,0,15.3776,1676,4415,0.478486,2,0,0.024681,2.13397,1654
176.97,66.49,1,0.5,268.474,1303.5,3995,1303.5,1.81305,99,1526.4,14.4182,2959,0,30.0696,2959,11195,0.425216,0,0,0,0.643589,1432
176.97,66.49,1,0.75,274.676,1566.75,2516,1566.75,1.53087,1471.25,1898.25,0.290231,2027,0,22.6983,2027,9029,0.509224,0,0,0,0.74471,1692
176.97,16.74,2,0.5,20.7893,1392.5,742,1392.5,13.4968,1369,1412.17,0.0315356,526,63,3.03346,526,866,0.171901,15,8,0.279215,10.2841,1420.5
176.97,16.74,2,0.75,57.3902,1715.5,2513,1715.5,12.4198,1660.5,1752.62,0.0554748,1999,159,10.2917,1999,1675,0.329799,11,5,0.224135,14.7112,1758
176.97,33.47,2,0.5,215.799,1496.5,2872,1496.5,12.2719,1346,1513.84,0.124694,2558,2,21.887,2558,7997,0.550265,3,9,0.029378,2.1029,1553
176.97,33.47,2,0.75,38.8521,1856,593,1856,24.2153,1787.5,1864.17,0.0428909,489,2,6.08928,489,2165,0.36533,13,0,0.197665,2.15735,1890
176.97,66.49,2,0.5,467.376,1508.5,4635,1508.5,6.67278,1347.5,1549.62,0.149995,3980,10,49.9369,3980,15362,0.77964,0,0,0,0.574858,1590.5
176.97,66.49,2,0.75,284.269,1865.5,2264,1865.5,1.5431,362.5,1959.02,4.40418,2001,0,28.1871,2001,9913,0.470617,0,0,0,0.700295,1912.25
176.97,16.74,3,0.5,12.872,1429.5,275,1429.5,10.5419,1376.5,1436.8,0.0438082,202,15,0.626388,202,618,0.072265,10,0,0.152222,4.95692,1434
176.97,16.74,3,0.75,11.2133,1796.25,376,1796.25,8.5486,1777,1801.16,0.0135962,262,20,1.23844,262,370,0.077504,11,2,0.246953,5.98337,1800.75
176.97,33.47,3,0.5,26.5119,1515,754,1515,7.67568,1031.5,1523.83,0.477291,503,1,3.8536,503,1555,0.365643,7,2,0.072894,1.56894,1557.5
176.97,33.47,3,0.75,18.2775,1875,392,1875.15,7.59003,1846.75,1879.79,0.0178901,306,0,2.75309,306,959,0.235246,6,7,0.058939,1.87092,1894.25
176.97,66.49,3,0.5,317.925,1527.5,2625,1527.5,1.61114,178.5,1564.25,7.76331,2366,7,30.2071,2366,11279,0.518802,0,0,0,0.46014,1591
176.97,66.49,3,0.75,203.559,1881.25,1550,1881.25,1.5666,1863.75,1959.02,0.0511148,1220,0,18.3624,1220,6631,0.392843,0,0,0,0.570879,1913
176.97,16.74,8,0.5,5.4607,1432.5,35,1432.5,5.2453,1432.5,1434.83,0.00162848,55,0,0.0581064,55,474,0.060935,13,2,0.140166,6.4768,1434
176.97,16.74,8,0.75,9.09844,1800.75,111,1800.92,8.08412,1792.25,1802.68,0.00582206,116,1,0.177423,116,692,0.063655,13,3,0.263772,5.70953,1800.75
176.97,33.47,8,0.5,23.9615,1515,423,1515,12.1773,1470.5,1525.11,0.0371372,262,0,1.18363,262,1600,0.326472,3,2,0.032952,1.56356,1557.5
176.97,33.47,8,0.75,16.781,1875,673,1875,7.25982,1861.25,1878.97,0.00951818,519,0,1.60695,519,1273,0.259162,1,0,0.008921,1.72474,1894.25
176.97,66.49,8,0.5,318.783,1527.5,1862,1527.5,1.40174,1492,1683.03,0.128037,1687,8,12.1157,1687,9613,0.347966,0,0,0,0.617725,1591
176.97,66.49,8,0.75,184.347,1881.25,1768,1881.25,1.42227,1879,1959.02,0.042584,1641,2,11.9749,1641,7526,0.344253,0,0,0,0.615136,1913
353.93,16.74,1,0.5,2.90049,1885,1,1885.11,2.77675,1885,1886.54,0.00081543,13,2,0.0319552,13,341,0.088292,2,15,0.018345,1.4765,1899
353.93,16.74,1,0.75,6.78806,2060,13,2060.04,6.57241,2057.5,2060.07,0.00124688,54,3,0.0961616,54,456,0.129337,17,0,0.172548,1.95865,2064.25
353.93,33.47,1,0.5,4.89834,1885,1,1885,4.69764,1885,1885.29,0.000152323,16,0,0.134676,16,442,0.129121,4,41,0.048791,1.78437,1916
353.93,33.47,1,0.75,16.9791,2060,7,2060.04,16.6203,2054.25,2060.06,0.00282931,44,0,0.280332,44,631,0.314698,14,0,0.144196,1.86403,2075.5
353.93,66.49,1,0.5,33.5332,1885,522,1885,1.24522,1823.5,1986.6,0.0894424,384,0,4.28114,384,2636,0.149597,0,0,0,0.71288,1917.5
353.93,66.49,1,0.75,25.9577,2060,262,2060,1.24128,1278.75,2110.8,0.650674,203,0,2.34834,203,2715,0.131197,0,0,0,0.778887,2076.25
353.93,16.74,2,0.5,2.38342,1885,1,1885.11,2.25702,1885,1886.46,0.000775203,11,2,0.0183742,11,332,0.073716,2,0,0.01926,1.28137,1899
353.93,16.74,2,0.75,3.81734,2060,1,2060.13,3.68559,2060,2060.86,0.000417758,15,2,0.0219963,15,408,0.115778,1,0,0.012322,2.21308,2064.25
353.93,33.47,2,0.5,4.52463,1885,1,1885.11,4.26026,1885,1885.36,0.000192355,15,0,0.0639791,15,473,0.114619,2,10,0.0218,1.6075,1916
353.93,33.47,2,0.75,4.01102,2060,1,2060.13,3.79249,2060,2060.87,0.000423993,12,0,0.075336,12,471,0.104939,3,0,0.041377,1.94629,2075.5
353.93,66.49,2,0.5,19.1307,1885,265,1885,1.13324,153,1986.6,11.9843,189,0,1.37631,189,2370,0.160751,0,0,0,0.703199,1917.5
353.93,66.49,2,0.75,16.0851,2060,293,2060.08,1.23308,1883.5,2110.8,0.120679,229,0,1.40847,229,1865,0.179268,0,0,0,0.793341,2076.25
353.93,16.74,3,0.5,2.68253,1885,1,1885,2.56054,1885,1885.27,0.000141108,16,2,0.0215762,16,310,0.054986,4,0,0.036902,1.35366,1899
353.93,16.74,3,0.75,3.66618,2060,1,2060.13,3.54415,2060,2060.5,0.000241084,17,2,0.0234778,17,269,0.070243,4,0,0.053173,2.17054,2064.25
353.93,33.47,3,0.5,3.91231,1885,1,1885.08,3.66657,1885,1885.27,0.000141108,14,0,0.0569277,14,473,0.10344,4,0,0.049125,2.05671,1916
353.93,33.47,3,0.75,5.83828,2060,1,2060.06,5.6279,2060,2060.77,0.000376019,18,0,0.070502,18,534,0.172084,3,0,0.047218,1.89005,2075.5
353.93,66.49,3,0.5,19.8613,1885,399,1885,1.15956,1748.5,1986.6,0.136173,283,0,1.3494,283,2201,0.19676,0,0,0,0.645905,1917.5
353.93,66.49,3,0.75,2.3574,2060,1,2060.07,2.28899,2060,2060.23,0.000111838,22,0,0.172077,22,606,0.10094,7,15,0.077625,0.808037,2076.25
353.93,16.74,8,0.5,3.09749,1884.93,3,1885.07,2.97095,1882.5,1885.11,0.00138872,38,0,0.0231669,38,591,0.060271,20,2,0.22608,1.44173,1899
353.93,16.74,8,0.75,5.10329,2060,1,2060.05,4.97312,2060,2060.05,2.51156E-05,33,0,0.0238483,33,471,0.144136,12,9,0.125904,2.69515,2064.25
353.93,33.47,8,0.5,4.61625,1885,1,1885,4.38929,1885,1885.2,0.000108708,16,0,0.0444524,16,508,0.125542,3,32,0.044012,1.83427,1916
353.93,33.47,8,0.75,4.33647,2060,1,2060.13,4.13356,2060,2060.58,0.00028113,12,0,0.039933,12,463,0.098125,2,3,0.021925,1.97937,2075.5
353.93,66.49,8,0.5,15.7009,1885,195,1885,1.3797,1696,1962.66,0.157229,137,0,0.591238,137,1700,0.198176,0,0,0,0.69948,1917.5
353.93,66.49,8,0.75,27.0936,2060,375,2060,1.21476,2048,2110.8,0.0306636,261,0,1.00974,261,2912,0.159739,0,0,0,0.756056,2076.25
530.9,16.74,1,0.5,11.4564,2117,231,2117,10.8016,2116.5,2118.26,0.000831776,184,2,0.105805,184,1054,0.447591,21,14,0.455522,1.53175,2132.5
530.9,16.74,1,0.75,13.1325,2176,315,2176.14,11.9267,2174.25,2176.66,0.00110749,229,2,0.128407,229,1255,0.464674,17,115,0.385706,1.56552,2183.75
530.9,33.47,1,0.5,26.0095,2117,526,2117.21,13.1481,1653,2120.16,0.282612,363,0,0.752696,363,1964,0.757189,3,132,0.061906,1.33777,2135.5
530.9,33.47,1,0.75,38.0523,2176,466,2176.12,24.4308,2036,2177.77,0.0696301,328,0,0.682758,328,1720,0.954665,1,0,0.024013,1.39032,2185.25
530.9,66.49,1,0.5,287.36,2117,1599,2117.21,1.35755,802,2160.16,1.69347,1346,0,5.86646,1346,7323,0.627497,0,0,0,0.306262,2135.5
530.9,66.49,1,0.75,405.719,2176,1263,2176.2,1.28316,1968,2197.58,0.116657,993,0,4.88681,993,7462,0.837225,0,0,0,0.28992,2185.25
530.9,16.74,2,0.5,20.099,2117,390,2117.08,9.86727,2072,2119.33,0.0228424,283,3,0.149538,283,1400,0.755967,1,0,0.022706,1.5423,2132.5
530.9,16.74,2,0.75,9.00342,2176,300,2176.18,8.05289,2170.25,2176.67,0.00296017,235,1,0.113004,235,1032,0.283948,14,0,0.308169,1.47712,2183.75
530.9,33.47,2,0.5,39.0981,2117,813,2117.12,17.2807,2105.5,2120.55,0.00714772,591,0,0.969779,591,2339,1.29488,1,0,0.023538,1.38709,2135.5
530.9,33.47,2,0.75,40.1788,2176,1113,2176,22.9387,2168.75,2177.63,0.00409595,808,0,1.28895,808,2163,0.893331,1,0,0.020663,1.35849,2185.25
530.9,66.49,2,0.5,20.2473,2117,588,2117,2.39318,2107.5,2127.22,0.00935815,389,0,1.56868,389,1770,0.465853,0,0,0,0.401669,2135.5
530.9,66.49,2,0.75,8.53964,2176,666,2176,2.42878,2015.75,2179.17,0.081074,472,0,1.47122,472,930,0.261638,0,0,0,0.415975,2185.25
530.9,16.74,3,0.5,23.7403,2117,1011,2117,6.71659,2061.5,2119.36,0.0280677,813,3,0.401981,813,3870,0.696859,1,0,0.025855,1.5238,2132.5
530.9,16.74,3,0.75,8.44031,2176,201,2176,7.75773,2175.25,2176.63,0.000634514,164,1,0.0782092,164,906,0.345638,17,128,0.377448,1.44574,2183.75
530.9,33.47,3,0.5,36.9385,2117,636,2117.12,13.7114,2039,2120.38,0.0399107,469,0,0.665712,469,2267,0.968829,1,0,0.023352,1.37217,2135.5
530.9,33.47,3,0.75,16.2503,2176,953,2176.21,12.9026,2173.5,2176.88,0.00155533,692,0,0.967975,692,1595,0.665587,10,100,0.221072,1.32204,2185.25
530.9,66.49,3,0.5,29.5298,2117,1077,2117,6.99876,2110,2122.35,0.00585527,792,0,2.27808,792,1945,0.638173,0,0,0,0.403115,2135.5
530.9,66.49,3,0.75,47.3376,2176,1602,2176,1.83821,2177,2182.62,0.00258203,1241,0,4.35339,1241,2614,0.968347,0,0,0,0.4075,2185.25
530.9,16.74,8,0.5,352.146,2117,1612,2117,18.2815,657,2126.94,2.23735,1499,0,0.687952,1499,10529,1.15216,1,0,0.024271,1.44304,2132.5
530.9,16.74,8,0.75,22.7965,2176,203,2176.17,21.909,2176,2176.63,0.000289627,187,0,0.0860689,187,1318,0.465112,22,28,0.487052,1.39712,2183.75
530.9,33.47,8,0.5,24.3217,2117,819,2117,10.8618,371.5,2120.38,4.7076,561,0,0.767052,561,1620,0.734566,1,66,0.020316,1.39913,2135.5
530.9,33.47,8,0.75,38.2763,2176,1467,2176.04,13.3687,2056.75,2177.54,0.0587296,1177,0,1.36186,1177,2447,0.828432,3,41,0.056425,1.31855,2185.25
530.9,66.49,8,0.5,5.43894,2117,511,2117.11,0,0,0,-nan,338,0,1.02465,338,1103,0.049323,0,0,0,0.406809,2135.5
530.9,66.49,8,0.75,17.8696,2176,1187,2176,1.64318,2174.75,2182.62,0.00361931,825,0,1.98882,825,1734,0.307058,0,0,0,0.402959,2185.25
