L D C PC time OPT node_count obj_bound root_time root_bestobj root_bestbound root_gap Biter Bcuts time_slave Siter Scuts time_subtour Sroot_iter Srootfrac_cuts time_sub_root LP_time LP_obj
176.97 16.74 1 0.5 18.7741 1228.5 975 1228.5 11.8196 1218.5 1251.33 0.0269399 575 61 3.12171 575 938 0.246431 24 11 0.488726 3.69002 1304.5
176.97 16.74 1 0.75 30.2565 1450.75 1431 1450.75 17.1968 1352.25 1489.98 0.101852 826 111 3.72245 826 1355 0.317116 19 8 0.415994 2.93572 1547.25
176.97 33.47 1 0.5 121.916 1295.5 2338 1295.5 7.83056 536.5 1325.8 1.4712 1896 0 15.9423 1896 5942 0.467038 4 3 0.041079 2.29828 1397
176.97 33.47 1 0.75 22.7407 1554.75 764 1554.75 7.45582 689.25 1580.74 1.29342 456 0 4.74691 456 1683 0.282353 4 24 0.037021 2.25794 1654
176.97 66.49 1 0.5 264.417 1303.5 3995 1303.5 1.81787 99 1526.4 14.4182 2959 0 29.4901 2959 11195 0.421835 0 0 0 0.639543 1432
176.97 66.49 1 0.75 274.99 1566.75 2516 1566.75 1.56139 1471.25 1898.25 0.290231 2027 0 23.7738 2027 9029 0.529815 0 0 0 0.77106 1692
176.97 16.74 2 0.5 20.9899 1392.5 378 1392.5 15.9256 1340.5 1415.12 0.0556641 288 43 1.94873 288 818 0.209217 22 6 0.413376 10.1137 1420.5
176.97 16.74 2 0.75 41.9058 1715.5 2889 1715.5 14.6816 1647.25 1751.25 0.0631326 1593 189 10.3616 1593 1558 0.293763 20 5 0.411232 15.2581 1758
176.97 33.47 2 0.5 211.59 1496.5 2872 1496.5 12.1686 1346 1513.84 0.124694 2558 2 21.373 2558 7997 0.540347 3 9 0.029512 2.07635 1553
176.97 33.47 2 0.75 44.9969 1856 742 1856 10.9516 1819.75 1866.61 0.0257502 610 0 7.23294 610 2355 0.343831 1 0 0.016415 2.22899 1890
176.97 66.49 2 0.5 461.396 1508.5 4635 1508.5 6.58844 1347.5 1549.62 0.149995 3980 10 48.8904 3980 15362 0.759188 0 0 0 0.577005 1590.5
176.97 66.49 2 0.75 282.019 1865.5 2264 1865.5 1.52154 362.5 1959.02 4.40418 2001 0 27.1283 2001 9913 0.453077 0 0 0 0.689457 1912.25
176.97 16.74 3 0.5 6.68815 1429.5 312 1429.5 5.35508 1426.5 1436.12 0.00674185 212 14 0.525002 212 531 0.049827 11 0 0.212968 4.9059 1434
176.97 16.74 3 0.75 11.3112 1796.25 440 1796.25 8.01393 1777.5 1801.82 0.0136837 305 18 1.39293 305 573 0.096495 9 0 0.185591 6.36331 1800.75
176.97 33.47 3 0.5 28.6879 1515 705 1515.04 11.3432 1466.5 1523.81 0.0390783 470 0 3.81757 470 1913 0.417092 5 0 0.051524 1.5324 1557.5
176.97 33.47 3 0.75 17.8644 1875 392 1875.15 7.33713 1846.75 1879.79 0.0178901 306 0 2.69314 306 959 0.222271 6 7 0.052103 1.86131 1894.25
176.97 66.49 3 0.5 310.621 1527.5 2625 1527.5 1.59957 178.5 1564.25 7.76331 2366 7 29.1685 2366 11279 0.505686 0 0 0 0.477435 1591
176.97 66.49 3 0.75 199.929 1881.25 1550 1881.25 1.44173 1863.75 1959.02 0.0511148 1220 0 17.1312 1220 6631 0.348001 0 0 0 0.532134 1913
176.97 16.74 8 0.5 4.333 1432.5 135 1432.5 3.73448 1428.5 1436.06 0.00528886 119 0 0.139996 119 404 0.035672 12 2 0.24933 7.0818 1434
176.97 16.74 8 0.75 5.8196 1800.75 1 1800.75 5.68058 1800.75 1801.1 0.000193003 29 1 0.0589662 29 415 0.074065 7 7 0.108687 5.81655 1800.75
176.97 33.47 8 0.5 31.2209 1515 1113 1515 7.61817 1447.5 1525.5 0.0538832 869 0 3.34751 869 2086 0.292066 3 0 0.031802 1.4987 1557.5
176.97 33.47 8 0.75 16.8356 1875 673 1875 7.28556 1861.25 1878.97 0.00951818 519 0 1.63613 519 1273 0.258724 1 0 0.009012 1.74486 1894.25
176.97 66.49 8 0.5 313.061 1527.5 1862 1527.5 1.36763 1492 1683.03 0.128037 1687 8 11.8954 1687 9613 0.333804 0 0 0 0.599588 1591
176.97 66.49 8 0.75 182.626 1881.25 1768 1881.25 1.38713 1879 1959.02 0.042584 1641 2 11.501 1641 7526 0.325871 0 0 0 0.601636 1913
353.93 16.74 1 0.5 2.75302 1885 1 1885.11 2.61923 1885 1886.54 0.00081543 12 2 0.0300298 12 328 0.091761 2 15 0.018463 1.45014 1899
353.93 16.74 1 0.75 3.64131 2060 1 2060.13 3.51044 2060 2060.86 0.000417758 14 2 0.0372119 14 369 0.094304 2 0 0.025447 2.27065 2064.25
353.93 33.47 1 0.5 5.25476 1885 1 1885 4.98436 1885 1885.29 0.000152323 16 0 0.149427 16 442 0.136796 4 41 0.060874 1.82426 1916
353.93 33.47 1 0.75 17.2817 2060 7 2060.04 16.9076 2054.25 2060.06 0.00282931 44 0 0.280621 44 631 0.313546 14 0 0.14969 1.87555 2075.5
353.93 66.49 1 0.5 32.5198 1885 522 1885 1.20984 1823.5 1986.6 0.0894424 384 0 4.08861 384 2636 0.143671 0 0 0 0.711889 1917.5
353.93 66.49 1 0.75 26.7757 2060 262 2060 1.29754 1278.75 2110.8 0.650674 203 0 2.44834 203 2715 0.137193 0 0 0 0.815932 2076.25
353.93 16.74 2 0.5 2.86565 1885 1 1885.11 2.72505 1885 1886.46 0.000775203 12 2 0.0195451 12 335 0.09127 2 0 0.019677 1.30656 1899
353.93 16.74 2 0.75 3.26639 2060 1 2060.13 3.1203 2060 2060.86 0.000417758 14 2 0.0220349 14 378 0.090166 2 6 0.020411 2.1634 2064.25
353.93 33.47 2 0.5 4.61587 1885 1 1885.11 4.40901 1885 1885.36 0.000192355 15 0 0.0657694 15 473 0.122135 2 10 0.023813 1.65937 1916
353.93 33.47 2 0.75 3.95531 2060 1 2060.13 3.75097 2060 2060.87 0.000423993 12 0 0.0694149 12 471 0.107297 3 0 0.039747 1.93899 2075.5
353.93 66.49 2 0.5 19.7258 1885 265 1885 1.17911 153 1986.6 11.9843 189 0 1.44454 189 2370 0.169712 0 0 0 0.742205 1917.5
353.93 66.49 2 0.75 15.5055 2060 293 2060.08 1.15364 1883.5 2110.8 0.120679 229 0 1.39777 229 1865 0.164999 0 0 0 0.763152 2076.25
353.93 16.74 3 0.5 3.34642 1885 1 1885.11 3.21635 1885 1886.46 0.000775203 13 2 0.0204878 13 334 0.099545 2 17 0.019527 1.53516 1899
353.93 16.74 3 0.75 3.49475 2060 1 2060.13 3.32949 2060 2060.5 0.000241084 17 2 0.0220158 17 269 0.064358 4 0 0.041753 1.86656 2064.25
353.93 33.47 3 0.5 3.87775 1885 1 1885.08 3.67643 1885 1885.27 0.000141108 14 0 0.0575621 14 473 0.101807 4 0 0.04932 2.05145 1916
353.93 33.47 3 0.75 5.91071 2060 1 2060.06 5.70041 2060 2060.77 0.000376019 18 0 0.0758383 18 534 0.166219 3 0 0.055188 1.87004 2075.5
353.93 66.49 3 0.5 19.7593 1885 399 1885 1.16755 1748.5 1986.6 0.136173 283 0 1.35724 283 2201 0.195444 0 0 0 0.646097 1917.5
353.93 66.49 3 0.75 2.40954 2060 1 2060.07 2.34534 2060 2060.23 0.000111838 22 0 0.180047 22 606 0.09719 7 15 0.084523 0.819823 2076.25
353.93 16.74 8 0.5 2.55573 1885 1 1885.11 2.42685 1885 1886.54 0.00081543 10 0 0.00876212 10 326 0.090099 1 0 0.009125 1.46691 1899
353.93 16.74 8 0.75 2.92704 2060 1 2060.13 2.80022 2060 2060.58 0.00028113 12 0 0.0101309 12 361 0.068925 2 0 0.01937 2.85679 2064.25
353.93 33.47 8 0.5 4.48445 1885 1 1885 4.28619 1885 1885.2 0.000108708 16 0 0.0455093 16 508 0.116575 3 32 0.049464 1.79115 1916
353.93 33.47 8 0.75 4.48609 2060 1 2060.13 4.28126 2060 2060.58 0.00028113 12 0 0.0445137 12 463 0.100831 2 3 0.028774 2.09927 2075.5
353.93 66.49 8 0.5 15.066 1885 195 1885 1.35614 1696 1962.66 0.157229 137 0 0.576241 137 1700 0.184708 0 0 0 0.66691 1917.5
353.93 66.49 8 0.75 27.4449 2060 375 2060 1.257 2048 2110.8 0.0306636 261 0 1.03956 261 2912 0.163518 0 0 0 0.771882 2076.25
530.9 16.74 1 0.5 25.0267 2117 1242 2117.06 4.53691 651.5 2127.75 2.26593 889 3 0.508735 889 2957 0.518614 0 0 0 1.59561 2132.5
530.9 16.74 1 0.75 21.721 2176 854 2176.18 2.68288 1782.5 2197.18 0.232642 614 2 0.346604 614 1949 0.466054 0 0 0 1.55599 2183.75
530.9 33.47 1 0.5 16.3556 2117 698 2117 12.4881 2109.5 2118.35 0.00419702 517 0 0.981855 517 1698 0.535917 14 73 0.342049 1.35421 2135.5
530.9 33.47 1 0.75 61.9597 2176 1576 2176.2 13.5537 1643.25 2177.56 0.325154 1481 0 3.16454 1481 2685 0.875514 2 66 0.039128 1.39025 2185.25
530.9 66.49 1 0.5 292.15 2117 1599 2117.21 1.41775 802 2160.16 1.69347 1346 0 6.00804 1346 7323 0.660145 0 0 0 0.316666 2135.5
530.9 66.49 1 0.75 407.636 2176 1263 2176.2 1.35434 1968 2197.58 0.116657 993 0 5.14585 993 7462 0.909973 0 0 0 0.313898 2185.25
530.9 16.74 2 0.5 23.7527 2117 277 2117 22.3886 2102.5 2118.31 0.0075182 215 1 0.113369 215 1498 0.884599 11 0 0.261547 1.56134 2132.5
530.9 16.74 2 0.75 19.5832 2176 322 2176 18.3292 2173 2176.63 0.00167061 235 1 0.119786 235 1390 0.498138 14 0 0.296031 1.48552 2183.75
530.9 33.47 2 0.5 11.1909 2117 269 2117.02 9.83228 2113.5 2118.26 0.0022524 209 0 0.306605 209 1485 0.425899 16 0 0.347992 1.35358 2135.5
530.9 33.47 2 0.75 35.31 2176 401 2176.07 24.7249 2123 2177.63 0.0257339 292 0 0.537194 292 1688 0.97293 2 0 0.04353 1.35469 2185.25
530.9 66.49 2 0.5 20.1 2117 588 2117 2.377 2107.5 2127.22 0.00935815 389 0 1.57363 389 1770 0.463354 0 0 0 0.399923 2135.5
530.9 66.49 2 0.75 8.45052 2176 666 2176 2.43187 2015.75 2179.17 0.081074 472 0 1.46452 472 930 0.259391 0 0 0 0.41962 2185.25
530.9 16.74 3 0.5 27.111 2117 1075 2117.2 4.08136 754 2127.97 1.82224 752 1 0.350993 752 2297 0.582939 0 0 0 1.42424 2132.5
530.9 16.74 3 0.75 26.8043 2176 1346 2176.21 2.83964 2063 2197.18 0.0650434 904 1 0.439112 904 1816 0.503468 0 0 0 1.51771 2183.75
530.9 33.47 3 0.5 23.5664 2117 518 2117.15 12.174 2101 2120.99 0.00951418 360 0 0.523198 360 1667 0.672731 0 0 0 1.33228 2135.5
530.9 33.47 3 0.75 18.8736 2176 686 2176 5.82034 2166 2178.23 0.00564818 468 0 0.680863 468 1710 0.506398 0 0 0 1.35781 2185.25
530.9 66.49 3 0.5 29.7112 2117 1077 2117 7.01089 2110 2122.35 0.00585527 792 0 2.28571 792 1945 0.633072 0 0 0 0.402539 2135.5
530.9 66.49 3 0.75 47.8219 2176 1602 2176 1.92599 2177 2182.62 0.00258203 1241 0 4.42476 1241 2614 1.02791 0 0 0 0.427768 2185.25
530.9 16.74 8 0.5 33.3521 2117 202 2117 31.5673 2117 2118.26 0.000595397 169 16 0.0754268 169 1901 0.93237 7 14 0.151155 1.39088 2132.5
530.9 16.74 8 0.75 80.8847 2176 1426 2176.14 3.60875 712.25 2190.49 2.07545 1276 0 0.574898 1276 3112 0.89053 0 0 0 1.45691 2183.75
530.9 33.47 8 0.5 21.1248 2117 386 2117.05 19.5132 2112 2118.26 0.00296423 271 0 0.368368 271 1474 0.660651 13 94 0.283494 1.34993 2135.5
530.9 33.47 8 0.75 17.8678 2176 290 2176.05 16.2285 2170.25 2176.99 0.00310639 217 0 0.300164 217 1354 0.645191 10 82 0.22792 1.34417 2185.25
530.9 66.49 8 0.5 5.59213 2117 511 2117.11 0 0 0 -nan 338 0 1.05104 338 1103 0.050407 0 0 0 0.425257 2135.5
530.9 66.49 8 0.75 17.8633 2176 1187 2176 1.64201 2174.75 2182.62 0.00361931 825 0 1.97845 825 1734 0.303324 0 0 0 0.40105 2185.25
