L D C PC time OPT node_count obj_bound root_time root_bestobj root_bestbound root_gap
176.97 16.74 1 0.5 17.568 1228.5 975 1228.5 11.1275 1218.5 1251.33 0.0269399
176.97 16.74 1 0.75 29.4481 1450.75 1431 1450.75 16.8162 1352.25 1489.98 0.101852
176.97 33.47 1 0.5 159.963 1295.5 2338 1295.5 7.69627 536.5 1325.8 1.4712
176.97 33.47 1 0.75 23.9652 1554.75 764 1554.75 7.53237 689.25 1580.74 1.29342
176.97 66.49 1 0.5 276.196 1303.5 3995 1303.5 1.84629 99 1526.4 14.4182
176.97 66.49 1 0.75 274.859 1566.75 2516 1566.75 1.46167 1471.25 1898.25 0.290231
176.97 16.74 2 0.5 21.6501 1392.5 378 1392.5 16.5182 1340.5 1415.12 0.0556641
176.97 16.74 2 0.75 70.4657 1715.5 2889 1715.5 16.792 1647.25 1751.25 0.0631326
176.97 33.47 2 0.5 229.172 1496.5 2872 1496.5 13.2478 1346 1513.84 0.124694
176.97 33.47 2 0.75 45.5237 1856 742 1856 11.4631 1819.75 1866.61 0.0257502
176.97 66.49 2 0.5 461.682 1508.5 4635 1508.5 6.89744 1347.5 1549.62 0.149995
176.97 66.49 2 0.75 290.08 1865.5 2264 1865.5 1.52824 362.5 1959.02 4.40418
176.97 16.74 3 0.5 6.71814 1429.5 312 1429.5 5.38824 1426.5 1436.12 0.00674185
176.97 16.74 3 0.75 11.8442 1796.25 440 1796.25 8.03558 1777.5 1801.82 0.0136837
176.97 33.47 3 0.5 31.0151 1515 705 1515.04 11.3856 1466.5 1523.81 0.0390783
176.97 33.47 3 0.75 18.9291 1875 392 1875.15 7.57564 1846.75 1879.79 0.0178901
176.97 66.49 3 0.5 309.837 1527.5 2625 1527.5 1.61052 178.5 1564.25 7.76331
176.97 66.49 3 0.75 204.572 1881.25 1550 1881.25 1.52501 1863.75 1959.02 0.0511148
176.97 16.74 8 0.5 4.08409 1432.5 135 1432.5 3.49936 1428.5 1436.06 0.00528886
176.97 16.74 8 0.75 5.91204 1800.75 1 1800.75 5.79242 1800.75 1801.1 0.000193003
176.97 33.47 8 0.5 30.8524 1515 1113 1515 7.60488 1447.5 1525.5 0.0538832
176.97 33.47 8 0.75 17.165 1875 673 1875 7.51505 1861.25 1878.97 0.00951818
176.97 66.49 8 0.5 328.536 1527.5 1862 1527.5 1.45802 1492 1683.03 0.128037
176.97 66.49 8 0.75 184.522 1881.25 1768 1881.25 1.32472 1879 1959.02 0.042584
353.93 16.74 1 0.5 2.86569 1885 1 1885.11 2.74675 1885 1886.54 0.00081543
353.93 16.74 1 0.75 3.4529 2060 1 2060.13 3.33531 2060 2060.86 0.000417758
353.93 33.47 1 0.5 5.0851 1885 1 1885 4.89013 1885 1885.29 0.000152323
353.93 33.47 1 0.75 16.6642 2060 7 2060.04 16.3151 2054.25 2060.06 0.00282931
353.93 66.49 1 0.5 34.0093 1885 522 1885 1.25894 1823.5 1986.6 0.0894424
353.93 66.49 1 0.75 26.3347 2060 262 2060 1.22655 1278.75 2110.8 0.650674
353.93 16.74 2 0.5 3.03035 1885 1 1885.11 2.91313 1885 1886.46 0.000775203
353.93 16.74 2 0.75 3.13818 2060 1 2060.13 3.02285 2060 2060.86 0.000417758
353.93 33.47 2 0.5 4.5313 1885 1 1885.11 4.34576 1885 1885.36 0.000192355
353.93 33.47 2 0.75 4.06133 2060 1 2060.13 3.85812 2060 2060.87 0.000423993
353.93 66.49 2 0.5 19.6226 1885 265 1885 1.20357 153 1986.6 11.9843
353.93 66.49 2 0.75 16.3774 2060 293 2060.08 1.24053 1883.5 2110.8 0.120679
353.93 16.74 3 0.5 3.17517 1885 1 1885.11 3.05959 1885 1886.46 0.000775203
353.93 16.74 3 0.75 3.61966 2060 1 2060.13 3.5064 2060 2060.5 0.000241084
353.93 33.47 3 0.5 3.89236 1885 1 1885.08 3.71016 1885 1885.27 0.000141108
353.93 33.47 3 0.75 5.78672 2060 1 2060.06 5.58247 2060 2060.77 0.000376019
353.93 66.49 3 0.5 20.2716 1885 399 1885 1.16291 1748.5 1986.6 0.136173
353.93 66.49 3 0.75 2.34373 2060 1 2060.07 2.28341 2060 2060.23 0.000111838
353.93 16.74 8 0.5 2.53553 1885 1 1885.11 2.41757 1885 1886.54 0.00081543
353.93 16.74 8 0.75 2.95323 2060 1 2060.13 2.83294 2060 2060.58 0.00028113
353.93 33.47 8 0.5 4.43648 1885 1 1885 4.25431 1885 1885.2 0.000108708
353.93 33.47 8 0.75 4.46399 2060 1 2060.13 4.26392 2060 2060.58 0.00028113
353.93 66.49 8 0.5 15.247 1885 195 1885 1.32121 1696 1962.66 0.157229
353.93 66.49 8 0.75 27.9724 2060 375 2060 1.26233 2048 2110.8 0.0306636
530.9 16.74 1 0.5 25.4431 2117 1242 2117.06 4.23598 651.5 2127.75 2.26593
530.9 16.74 1 0.75 22.3504 2176 854 2176.18 2.87983 1782.5 2197.18 0.232642
530.9 33.47 1 0.5 15.5196 2117 698 2117 11.8497 2109.5 2118.35 0.00419702
530.9 33.47 1 0.75 76.5227 2176 1576 2176.2 14.078 1643.25 2177.56 0.325154
530.9 66.49 1 0.5 292.113 2117 1599 2117.21 1.34605 802 2160.16 1.69347
530.9 66.49 1 0.75 405.612 2176 1263 2176.2 1.3838 1968 2197.58 0.116657
530.9 16.74 2 0.5 23.831 2117 277 2117 22.5095 2102.5 2118.31 0.0075182
530.9 16.74 2 0.75 19.3465 2176 322 2176 18.137 2173 2176.63 0.00167061
530.9 33.47 2 0.5 11.823 2117 269 2117.02 10.3319 2113.5 2118.26 0.0022524
530.9 33.47 2 0.75 33.63 2176 401 2176.07 23.0462 2123 2177.63 0.0257339
530.9 66.49 2 0.5 20.5701 2117 588 2117 2.51478 2107.5 2127.22 0.00935815
530.9 66.49 2 0.75 8.18018 2176 666 2176 2.30705 2015.75 2179.17 0.081074
530.9 16.74 3 0.5 28.0691 2117 1075 2117.2 4.31739 754 2127.97 1.82224
530.9 16.74 3 0.75 30.2507 2176 1346 2176.21 2.90087 2063 2197.18 0.0650434
530.9 33.47 3 0.5 26.6122 2117 518 2117.15 13.4192 2101 2120.99 0.00951418
530.9 33.47 3 0.75 19.5061 2176 686 2176 5.72659 2166 2178.23 0.00564818
530.9 66.49 3 0.5 31.4455 2117 1077 2117 7.3834 2110 2122.35 0.00585527
530.9 66.49 3 0.75 48.8576 2176 1602 2176 1.95265 2177 2182.62 0.00258203
530.9 16.74 8 0.5 35.8403 2117 202 2117 33.9115 2117 2118.26 0.000595397
530.9 16.74 8 0.75 83.5355 2176 1426 2176.14 3.61799 712.25 2190.49 2.07545
530.9 33.47 8 0.5 22.645 2117 386 2117.05 20.9494 2112 2118.26 0.00296423
530.9 33.47 8 0.75 18.8651 2176 290 2176.05 16.6842 2170.25 2176.99 0.00310639
530.9 66.49 8 0.5 6.39281 2117 511 2117.11 0 0 0 -nan
530.9 66.49 8 0.75 20.4656 2176 1187 2176 1.71482 2174.75 2182.62 0.00361931
