L,D,C,PC,time,OPT,node_count,obj_bound,root_time,root_bestobj,root_bestbound,root_gap,Biter,Bcuts,time_slave,Siter,Scuts,time_subtour,Sroot_iter,Srootfrac_cuts,time_sub_root,LP_time,LP_obj
194.11,16.46,1,0.5,18.765,1851.5,164,1851.5,17.4906,1851.5,1860.02,0.00460434,142,18,1.05719,142,840,0.325003,22,19,0.598311,6.94776,1979.5
194.11,16.46,1,0.75,30.9986,2190.5,376,2190.5,27.6147,2189,2201.03,0.00549649,260,24,2.34354,260,1094,0.334089,20,6,0.534169,7.12842,2324.25
194.11,32.91,1,0.5,273.086,1909.5,2117,1909.5,9.98229,330,1951.45,4.91348,1941,0,25.9842,1941,6480,0.659894,0,0,0,4.50543,2152.5
194.11,32.91,1,0.75,122.637,2274,1372,2274,29.7892,1985.5,2308.42,0.16264,996,2,16.0712,996,3903,0.914607,0,0,0,3.69411,2529
194.11,65.82,1,0.5,103.968,1909.5,972,1909.5,4.15801,1617,1996.85,0.234913,777,0,21.0427,777,3884,0.454508,0,0,0,0.651717,2190
194.11,65.82,1,0.75,126.273,2274,1660,2274,3.07307,267,2765.51,9.35773,1083,0,24.3272,1083,5250,0.330895,0,0,0,0.909869,2569.5
194.11,16.46,2,0.5,15.0565,2094,84,2094,14.314,2094,2098.01,0.00191673,100,6,0.795904,100,509,0.192319,26,6,0.488499,6.06857,2127
194.11,16.46,2,0.75,70.8148,2578.5,583,2578.5,32.217,2508.25,2582.23,0.0294966,553,20,5.56382,553,3695,0.526105,6,0,0.105755,9.03337,2601
194.11,32.91,2,0.5,44.265,2188,164,2188,23.108,1994.5,2194.99,0.100521,148,0,4.34467,148,1363,0.671318,1,0,0.017448,3.56204,2296
194.11,32.91,2,0.75,85.2068,2686.25,553,2686.25,23.1286,2480.25,2690.65,0.0848316,530,0,10.7491,530,2300,0.556501,3,0,0.036203,3.65493,2740.75
194.11,65.82,2,0.5,156.907,2188,686,2188,6.13844,1786,2235.63,0.251752,632,0,23.0435,632,4610,0.36088,0,0,0,0.574334,2320.5
194.11,65.82,2,0.75,147.642,2686.25,604,2686.25,5.59878,386.5,2702.3,5.99173,521,0,17.2886,521,4274,0.438352,0,0,0,0.593746,2753.25
194.11,16.46,4,0.5,27.531,2101.5,301,2101.7,24.4443,2085,2109.3,0.0116542,238,1,0.467127,238,591,0.233058,9,64,0.127201,4.48896,2127
194.11,16.46,4,0.75,38.2393,2603.75,510,2603.98,30.4928,2585.5,2611.31,0.00998334,365,1,1.51069,365,2034,0.438831,18,0,0.690296,6.5557,2621.5
194.11,32.91,4,0.5,68.8888,2189.5,649,2189.5,27.0845,244,2194.88,7.9954,556,0,4.70505,556,1883,0.930252,7,0,0.09362,3.59772,2296
194.11,32.91,4,0.75,46.004,2687.75,440,2687.91,23.1684,2434.5,2691.01,0.105366,308,0,2.96154,308,1434,0.680983,4,1,0.056973,3.84272,2740.75
194.11,65.82,4,0.5,43.6767,2189.5,578,2189.5,3.19279,1959.5,2425.75,0.237941,392,0,8.03889,392,2659,0.270984,0,0,0,0.609958,2320.5
194.11,65.82,4,0.75,76.3411,2687.75,972,2687.75,2.97323,652.5,2805.87,3.30019,727,0,13.7539,727,3669,0.528491,0,0,0,0.600081,2753.25
194.11,16.46,10,0.5,36.4645,2101.5,161,2101.65,20.9049,2075,2107.08,0.015458,133,1,0.207782,133,702,0.3066,3,0,0.046538,6.99099,2127
194.11,16.46,10,0.75,107.986,2603.75,949,2603.96,34.5575,2595.25,2612.35,0.00659053,718,1,1.26774,718,5849,0.510536,10,14,0.330639,4.06756,2621.5
194.11,32.91,10,0.5,32.8251,2189.5,333,2189.5,21.6652,2157.5,2195.85,0.0177755,277,1,1.59212,277,1487,0.580682,2,0,0.033002,3.75738,2296
194.11,32.91,10,0.75,59.5804,2687.75,656,2687.9,25.274,2369.5,2692.9,0.136486,539,1,3.03782,539,2013,0.675437,3,0,0.037326,3.89007,2740.75
194.11,65.82,10,0.5,415.827,2189.5,1392,2189.5,2.88183,1195,2425.75,1.02991,1128,0,15.3203,1128,8898,0.573199,0,0,0,0.636195,2320.5
194.11,65.82,10,0.75,210.926,2687.75,1237,2687.95,3.75595,640.5,2742.34,3.28156,1073,0,13.6369,1073,5962,0.604706,0,0,0,0.561052,2753.25
388.22,16.46,1,0.5,522.688,2675,3160,2675.22,27.8034,2581,2684.4,0.0400634,2839,8,8.07543,2839,9700,2.97054,2,4,0.059082,3.44881,2743.5
388.22,16.46,1,0.75,254.138,2930.5,1439,2930.73,52.2651,2932.25,2935.92,0.00125122,1240,2,2.85909,1240,6532,1.8966,1,0,0.025136,3.0017,2963.25
388.22,32.91,1,0.5,1381.45,2682,2746,2682,15.8911,965.5,2694.11,1.79038,2450,0,18.5635,2450,19137,2.84103,0,0,0,4.01753,2769
388.22,32.91,1,0.75,2559.83,2934,2911,2934,35.0093,2908.25,2940.94,0.0112396,2738,0,19.6921,2738,22919,4.03209,3,0,0.077808,4.07773,2977.5
388.22,65.82,1,0.5,555.281,2681.96,1856,2682.21,2.42448,1010,2847.7,1.8195,1477,0,26.4362,1477,13051,1.94574,0,0,0,1.05016,2771.5
388.22,65.82,1,0.75,911.532,2934,2191,2934.25,2.36134,136.5,3016.85,21.1014,1932,0,31.5153,1932,16850,2.20345,0,0,0,1.00244,2978.75
388.22,16.46,2,0.5,526.787,2675,1279,2675,10.6213,1104.5,2688.12,1.43379,1130,2,1.74711,1130,5954,2.78295,0,0,0,3.13303,2743.5
388.22,16.46,2,0.75,201.181,2930.5,1609,2930.5,42.5228,2784.5,2935.17,0.0541108,1315,3,1.69849,1315,7615,2.09097,1,0,0.026102,4.08989,2963.25
388.22,32.91,2,0.5,282.308,2682,2283,2682.21,32.3193,1802,2694.24,0.495138,1814,2,10.0537,1814,9623,2.38617,1,18,0.022003,4.15316,2769
388.22,32.91,2,0.75,542.613,2934,2691,2934.08,49.0091,2823.25,2939.16,0.0410554,2325,0,10.7,2325,13842,3.15157,5,0,0.137266,4.17171,2977.5
388.22,16.46,4,0.5,620.709,2675,1283,2675,48.4618,396.5,2692.19,5.78989,1056,0,1.2212,1056,7252,3.12059,0,0,0,3.11327,2743.5
388.22,16.46,4,0.75,934.914,2930.5,1415,2930.72,20.3954,2854,2945.78,0.0321597,1204,12,1.36097,1204,8853,1.49248,0,0,0,3.15343,2963.25
388.22,32.91,4,0.5,781.066,2682,2001,2682,29.6291,2543,2694.95,0.0597518,1629,0,6.16013,1629,15492,3.00289,1,0,0.031816,4.5542,2769
388.22,32.91,4,0.75,562.211,2934,1906,2934,37.9104,2664.75,2940.22,0.103376,1698,13,6.77257,1698,10102,2.94643,3,0,0.077844,4.66964,2977.5
388.22,65.82,4,0.75,622.931,2934,2220,2934.07,2.3871,356.25,3016.85,7.46834,1985,0,15.623,1985,13993,2.62386,0,0,0,0.979931,2978.75
388.22,16.46,10,0.5,123.378,2675,1430,2675.03,13.107,2136.5,2686.51,0.257435,1224,2,1.02085,1224,4612,1.04756,1,0,0.026122,3.16225,2743.5
388.22,16.46,10,0.75,144.292,2930.5,1744,2930.7,33.5528,1596.75,2942.96,0.843095,1395,23,1.32903,1395,4746,2.00114,0,0,0,4.08966,2963.25
388.22,32.91,10,0.5,587.623,2682,1673,2682,8.7487,2626,2718.7,0.0353003,1473,5,4.53243,1473,9742,2.44151,0,0,0,3.92419,2769
388.22,32.91,10,0.75,1237.4,2934,2686,2934,23.3504,2932.25,2939.71,0.002545,2333,0,7.29516,2333,25194,2.27948,0,0,0,3.93546,2977.5
388.22,65.82,10,0.5,1014.75,2682,2954,2682.25,6.19656,2551.5,2764.26,0.0833878,2560,0,18.064,2560,16963,3.03168,0,0,0,1.06889,2771.5
582.33,16.46,1,0.75,1493.06,3108.25,5996,3108.31,7.69891,1230.5,3139.07,1.55105,5038,3,5.17353,5038,31603,6.33188,0,0,0,2.81766,3124.75
582.33,32.91,1,0.75,1660.02,3108.25,3566,3108.25,8.93578,2542.25,3141.13,0.235572,2835,0,10.1449,2835,23095,9.26531,0,0,0,3.72291,3125.5
582.33,16.46,2,0.75,1554.95,3108.25,4962,3108.52,6.34029,3107.25,3139.07,0.0102391,3833,1,3.19569,3833,27291,4.51776,0,0,0,2.77918,3124.75
582.33,65.82,2,0.5,3479.36,3030.5,4359,3030.5,2.27233,157.5,3096.5,18.6603,3604,0,21.9531,3604,25117,5.20708,0,0,0,0.873755,3065
582.33,65.82,2,0.75,>3600,(0.00458967),3267,3110.71,3.19703,621.25,3141.25,4.05633,3255,0,22.8898,3255,21664,8.64725,0,0,0,0.850264,3125.5
582.33,16.46,4,0.75,2066.34,3108.25,9645,3108.27,6.33851,2631.25,3139.07,0.192994,8256,0,6.24725,8256,47078,8.40379,0,0,0,2.92764,3124.75
582.33,32.91,4,0.5,>3600,(0.0103511),1391,3034.08,8.51625,3026,3096.26,0.02322,1427,0,4.04635,1427,15127,8.23228,0,0,0,3.76488,3065
582.33,32.91,4,0.75,2760.28,3108.25,5917,3108.53,9.11638,3100,3141.13,0.0132684,5126,214,13.2723,5126,34653,13.1107,0,0,0,3.69348,3125.5
582.33,65.82,4,0.5,1738.2,3030.5,3169,3030.5,2.63772,242,3096.5,11.7954,2495,0,14.5541,2495,21640,3.5665,0,0,0,0.77573,3065
582.33,16.46,10,0.5,>3600,(0.00838253),1478,3033.72,23.7421,2887.5,3059.68,0.0596304,1495,3,1.22076,1495,12893,4.89377,0,0,0,3.32814,3063.5
582.33,16.46,10,0.75,2243.36,3108.25,7999,3108.4,5.97103,1677.25,3139.07,0.871555,6503,24,4.7542,6503,42396,6.40838,0,0,0,2.75091,3124.75
582.33,32.91,10,0.75,2460.33,3108.25,4933,3108.55,9.4179,3111.25,3141.13,0.00960447,4255,0,9.79029,4255,33682,7.69998,0,0,0,3.74162,3125.5
582.33,65.82,10,0.75,1193.66,3108.25,4967,3108.25,3.00926,2719.5,3141.25,0.155083,4139,0,18.0188,4139,27376,4.01709,0,0,0,0.785057,3125.5
