L,D,C,PC,time,OPT,node_count,obj_bound,root_time,root_bestobj,root_bestbound,root_gap
194.11,16.46,1,0.5,27.4868,1851.5,112,1851.5,26.5452,1849.5,1858.06,0.00463049
194.11,16.46,1,0.75,36.9924,2190.5,474,2190.5,32.4756,2189,2203.69,0.00670971
194.11,32.91,1,0.5,67.9204,1909.5,338,1909.61,18.3924,1035.5,1931.38,0.865171
194.11,32.91,1,0.75,159.533,2274,1222,2274,16.5611,359.75,2311.65,5.42572
194.11,65.82,1,0.5,105.337,1909.5,972,1909.5,4.22554,1617,1996.85,0.234913
194.11,65.82,1,0.75,129.495,2274,1660,2274,3.12682,267,2765.51,9.35773
194.11,16.46,2,0.5,14.7001,2094,67,2094,13.3484,2094,2097.01,0.00143805
194.11,16.46,2,0.75,19.6872,2578.5,72,2578.5,18.6527,2578.5,2585.75,0.00281111
194.11,32.91,2,0.5,60.9355,2188,388,2188,20.0856,1394,2197.77,0.576594
194.11,32.91,2,0.75,118.612,2686.25,1157,2686.25,24.6253,2634.5,2689.73,0.0209655
194.11,65.82,2,0.5,162.684,2188,686,2188,6.23208,1786,2235.63,0.251752
194.11,65.82,2,0.75,150.702,2686.25,604,2686.25,5.328,386.5,2702.3,5.99173
194.11,16.46,4,0.5,25.049,2101.5,286,2101.5,17.7205,2090,2109.23,0.00920138
194.11,16.46,4,0.75,157.406,2603.75,1597,2603.75,26.6851,2602.75,2613.46,0.00411299
194.11,32.91,4,0.5,42.1716,2189.5,274,2189.5,23.0471,1839.5,2195.58,0.193576
194.11,32.91,4,0.75,73.7041,2687.75,369,2687.93,59.4822,2641,2690.33,0.0186787
194.11,65.82,4,0.5,54.0357,2189.5,578,2189.5,3.42143,1959.5,2425.75,0.237941
194.11,65.82,4,0.75,81.5128,2687.75,972,2687.75,2.9731,652.5,2805.87,3.30019
194.11,16.46,10,0.5,40.5401,2101.5,361,2101.5,25.8035,2098,2108.12,0.00482223
194.11,16.46,10,0.75,71.3967,2603.75,636,2603.75,28.5556,2591.75,2612.64,0.00805983
194.11,32.91,10,0.5,54.0399,2189.5,429,2189.68,24.2104,2014.5,2195.01,0.0896064
194.11,32.91,10,0.75,35.1727,2687.75,425,2687.98,28.8115,2682,2690.24,0.00307371
194.11,65.82,10,0.5,423.28,2189.5,1392,2189.5,2.83544,1195,2425.75,1.02991
194.11,65.82,10,0.75,253.581,2687.75,1237,2687.95,7.43377,640.5,2742.34,3.28156
388.22,16.46,1,0.5,664.099,2675,2018,2675,32.2706,80.5,2686.08,32.3674
388.22,16.46,1,0.75,527.24,2930.5,1903,2930.71,33.3868,1295.25,2937.1,1.26759
388.22,32.91,1,0.5,323.54,2682,1661,2682,10.3631,2595,2715.64,0.0464883
388.22,32.91,1,0.75,526.877,2934,2383,2934,31.7256,2916,2940.94,0.00855202
388.22,65.82,1,0.5,550.096,2681.96,1856,2682.21,2.30279,1010,2847.7,1.8195
388.22,65.82,1,0.75,910.084,2934,2191,2934.25,2.30373,136.5,3016.85,21.1014
388.22,16.46,2,0.5,436.116,2675,1532,2675,42.4181,2113,2687.28,0.271786
388.22,16.46,2,0.75,68.1169,2930.5,867,2930.64,32.7364,2699.25,2933.64,0.0868343
388.22,32.91,2,0.5,279.187,2682,2283,2682.21,31.3017,1802,2694.24,0.495138
388.22,32.91,2,0.75,584.836,2934,2691,2934.08,53.0056,2823.25,2939.16,0.0410554
-,-,-,-,-,-,-,-,-,-,-,-
-,-,-,-,-,-,-,-,-,-,-,-
388.22,16.46,4,0.5,715.576,2675,1428,2675.25,23.6145,2029,2686.71,0.324153
388.22,16.46,4,0.75,90.6428,2930.5,856,2930.68,29.025,2701.25,2934.43,0.0863222
388.22,32.91,4,0.5,775.087,2682,2001,2682,27.0178,2543,2694.95,0.0597518
388.22,32.91,4,0.75,331.31,2934,1639,2934.22,68.3845,2914.5,2936.55,0.00756545
-,-,-,-,-,-,-,-,-,-,-,-
388.22,65.82,4,0.75,616.269,2934,2220,2934.07,2.37073,356.25,3016.85,7.46834
388.22,16.46,10,0.5,385.068,2675,2157,2675,78.0826,2680,2696.39,0.00611655
388.22,16.46,10,0.75,301.581,2930.5,1860,2930.74,27.1632,2906,2943.65,0.0129562
388.22,32.91,10,0.5,436.727,2682,3551,2682.05,9.23241,2626,2718.7,0.0353003
388.22,32.91,10,0.75,504.585,2934,3667,2934,34.2034,2788.25,2939.21,0.0541432
388.22,65.82,10,0.5,1011.8,2682,2954,2682.25,6.34639,2551.5,2764.26,0.0833878
-,-,-,-,-,-,-,-,-,-,-,-
582.33,16.46,1,0.5,1648.12,3030.5,2669,3030.5,10.3988,322,3067.18,8.52542
-,-,-,-,-,-,-,-,-,-,-,-
-,-,-,-,-,-,-,-,-,-,-,-
-,-,-,-,-,-,-,-,-,-,-,-
-,-,-,-,-,-,-,-,-,-,-,-
-,-,-,-,-,-,-,-,-,-,-,-
-,-,-,-,-,-,-,-,-,-,-,-
-,-,-,-,-,-,-,-,-,-,-,-
-,-,-,-,-,-,-,-,-,-,-,-
-,-,-,-,-,-,-,-,-,-,-,-
582.33 65.82 2 0.5 3369.97 3030.5 4359 3030.5 2.32311 157.5 3096.5 18.6603
582.33 65.82 2 0.75 >3600 (0.00458967) 3267 3110.71 3.06489 621.25 3141.25 4.05633
-,-,-,-,-,-,-,-,-,-,-,-
582.33 16.46 4 0.75 2325.14 3108.25 5176 3108.49 27.5463 1683 3123.54 0.855938
582.33 32.91 4 0.5 >3600 (0.0117035) 1503 3034.67 9.2037 3026 3096.26 0.02322
582.33 32.91 4 0.75 2595.19 3108.25 6408 3108.43 9.28233 3100 3141.13 0.0132684
582.33 65.82 4 0.5 1777.29 3030.5 3169 3030.5 2.79353 242 3096.5 11.7954
-,-,-,-,-,-,-,-,-,-,-,-
582.33 16.46 10 0.5 910.588 3030.5 3480 3030.65 42.9096 1005 3066.45 2.0512
582.33 16.46 10 0.75 1793.78 3108.25 3810 3108.25 16.3428 3059.5 3124.59 0.0212745
-,-,-,-,-,-,-,-,-,-,-,-
-,-,-,-,-,-,-,-,-,-,-,-
-,-,-,-,-,-,-,-,-,-,-,-
582.33 65.82 10 0.75 1177.3 3108.25 4967 3108.25 2.94214 2719.5 3141.25 0.155083
