L D C PC time OPT node_count obj_bound root_time root_bestobj root_bestbound root_gap Siter Scuts time_subtour Sroot_iter Srootfrac_cuts time_sub_root LP_time LP_obj
7342.35 850.59 1 0.5 1221.3 5167 1240 5167 466.995 4256.5 5404.12 0.269615 1036 3599 0.870054 9 0 0.337467 29.8419 6286
7342.35 850.59 1 0.75 882.65 6221.5 1359 6221.5 492.36 5749.5 6516.43 0.13339 1006 3565 0.900288 7 25 0.258446 39.7032 7475.5
7342.35 1701.17 1 0.5 892.72 5422 1937 5422 578.739 506 5642.95 10.1521 1325 3993 0.357694 1 0 0.01343 33.9782 6691.5
7342.35 1701.17 1 0.75 843.784 6563 3422 6563 708.578 6347.75 6760.34 0.0649981 2114 6087 0.603349 28 40 0.373904 18.9866 7915.75
7342.35 3402.34 1 0.75 >3600 (0.0886139) 3294 6814.18 52.5469 1036 7018.44 5.77455 3307 24131 1.48534 1 0 0.007877 6.31264 8385
7342.35 850.59 2 0.5 >3600 (0.0232585) 4155 5938.99 688.141 5726 6199.55 0.0827022 3443 12179 1.00782 15 10 0.558056 245.922 6614.5
7342.35 850.59 2 0.75 >3600 (0.156787) 1308 7768.4 561.022 6715.5 7832.39 0.166315 1303 13257 0.627069 15 2 0.560924 346.038 8217.5
7342.35 1701.17 2 0.5 993.521 6456 699 6456 872.128 6117.5 6533.66 0.0680278 625 2505 0.535209 19 0 0.245398 86.6534 7019.5
7342.35 1701.17 2 0.75 1035.73 8114 930 8114 443.169 7882.5 8202.51 0.0405982 830 3916 0.363913 3 70 0.023046 537.959 8517.75
7342.35 3402.34 2 0.5 >3600 (0.00694503) 4087 6495.8 31.9554 1679 6775.9 3.03568 3266 17596 0.624768 0 0 0 5.20157 7379.5
7342.35 850.59 4 0.5 >3600 (0.0899832) 1508 6322.45 625.056 5800.5 6366.47 0.0975725 1542 11008 0.741203 27 3 1.29363 104.669 6643
7342.35 850.59 4 0.75 >3600 (0.0200845) 1502 8122.68 488.636 6024 8189.93 0.35955 1488 8156 0.869272 5 0 0.192048 149.539 8291.5
7342.35 1701.17 4 0.5 719.573 6604.5 613 6604.5 691.044 6545 6640.99 0.0146663 515 2270 0.354254 21 20 0.235433 64.8983 7019.5
7342.35 1701.17 4 0.75 775.717 8315.25 423 8315.25 566.068 8063 8338.21 0.0341326 372 2229 0.331056 3 18 0.025322 406.5 8518.75
7342.35 3402.34 4 0.5 >3600 (0.067381) 1277 6713.83 3.15728 682 7383.28 9.82593 1258 21179 0.369607 0 0 0 4.55965 7379.5
7342.35 3402.34 4 0.75 1301.99 8315.25 3126 8315.25 48.5047 7199.25 8388.62 0.165208 2220 15461 0.341118 0 0 0 5.95169 8702.75
7342.35 850.59 10 0.5 >3600 (0.0740227) 1737 6318.48 624.705 5883 6375.67 0.0837448 1701 14366 0.596954 19 5 0.787788 92.979 6643
7342.35 850.59 10 0.75 >3600 (0.023266) 1272 8150.83 511.155 6747.75 8185.06 0.213006 1372 12181 1.15402 10 0 0.396839 79.5476 8291.5
7342.35 1701.17 10 0.5 623.788 6604.5 496 6604.5 535.176 6168 6649.62 0.0780843 399 2531 0.149788 2 0 0.011389 131.626 7019.5
7342.35 1701.17 10 0.75 464.349 8315.25 672 8315.25 346.529 8145 8345.99 0.0246762 550 2371 0.146187 0 0 0 264.838 8518.75
7342.35 3402.34 10 0.75 >3600 (0.00283008) 2532 8338.78 3.37963 3461.25 8704.64 1.51488 2399 19674 0.568503 0 0 0 4.51569 8702.75
14684.7 850.59 1 0.5 178.678 8249.5 145 8249.95 176.105 8241.5 8255.03 0.00164221 169 1947 0.646132 31 6 1.26577 14.0882 8668
14684.7 850.59 1 0.75 194.595 9137.75 156 9138.47 188.021 9121.5 9141.71 0.00221519 157 1691 0.298758 15 12 0.42593 14.0797 9343.25
14684.7 1701.17 1 0.5 582.803 8249.5 346 8249.67 496.984 5663.5 8288.73 0.463535 358 2081 0.416619 2 90 0.043164 149.33 8796.18
14684.7 1701.17 1 0.75 517.081 9137.75 169 9138.51 376.482 1307 9167.13 6.01387 157 1700 0.09281 0 0 0 226.43 9411.25
14684.7 3402.34 1 0.5 145.578 8249.5 355 8249.5 19.9526 2144.5 8351.88 2.89456 329 3415 0.132252 0 0 0 3.46303 8883
14684.7 3402.34 1 0.75 102.414 9137.75 331 9138.46 43.7336 8586 9159.78 0.0668274 323 2496 0.315291 3 0 0.071114 3.1718 9454.5
14684.7 850.59 2 0.5 150.392 8249.5 225 8249.5 145.779 8213.5 8258.37 0.0054633 207 1358 0.183543 30 20 1.36442 15.378 8668
14684.7 850.59 2 0.75 222.421 9137.75 295 9138.47 215.074 9093.75 9147.88 0.00595268 281 1717 0.298801 25 0 1.0395 13.011 9343.25
14684.7 1701.17 2 0.5 565.022 8249.5 237 8249.5 527.319 8062 8279.05 0.0269221 207 1596 0.250136 2 8 0.055602 154.921 8796.5
14684.7 1701.17 2 0.75 424.189 9137.75 115 9138.56 407.697 8727.25 9150 0.0484404 129 1663 0.419583 4 8 0.130863 279.077 9411.25
14684.7 3402.34 2 0.5 93.2513 8249.5 436 8249.5 51.8542 6055 8290.91 0.369267 305 2611 0.395477 3 0 0.068074 2.97038 8883
14684.7 3402.34 2 0.75 55.8541 9137.75 273 9138.52 10.0445 1938.75 9210 3.75049 193 1778 0.089455 0 0 0 4.11816 9454.5
14684.7 850.59 4 0.5 209.067 8249.5 200 8249.5 180.655 8064.5 8272.57 0.025801 205 2096 0.611116 5 40 0.163579 13.9562 8668
14684.7 850.59 4 0.75 208.52 9137.75 303 9138.48 142.998 5245.25 9152.45 0.744903 293 3397 0.684367 3 2 0.106779 12.1489 9343.25
14684.7 1701.17 4 0.5 384.124 8249.5 151 8249.53 302.316 3693 8278.39 1.24164 135 1712 0.134024 0 0 0 78.2969 8796.5
14684.7 1701.17 4 0.75 484.079 9137.75 148 9138.64 464.115 7160.25 9160.67 0.279379 142 1401 0.139744 0 0 0 203.705 9411.25
14684.7 3402.34 4 0.5 629.518 8249.5 1116 8250.11 23.8508 6766 8311.23 0.228382 1091 11553 1.2315 0 0 0 2.39197 8883
14684.7 3402.34 4 0.75 98.1085 9137.75 438 9137.75 53.318 8682 9162.66 0.0553632 390 2797 0.459323 2 0 0.050753 2.58133 9454.5
14684.7 850.59 10 0.5 209.87 8249.5 103 8249.92 208.326 8242.37 8253.65 0.00136806 131 2395 0.879993 22 78 0.886303 15.2417 8668
14684.7 850.59 10 0.75 187.434 9137.75 43 9138.43 186.602 9137 9139.66 0.000290868 112 1473 0.328571 33 12 0.880424 13.5407 9343.25
14684.7 1701.17 10 0.5 534.007 8249.5 124 8249.53 531.36 8235.5 8254.25 0.00227651 151 1668 0.230514 30 26 1.07442 168.612 8796.5
14684.7 1701.17 10 0.75 541.317 9137.75 67 9137.89 538.066 9134.5 9139.73 0.000572051 134 1366 0.253757 38 1 1.03834 204.184 9411.25
14684.7 3402.34 10 0.5 71.8745 8249.5 222 8249.5 51.3539 7514.5 8283.6 0.102349 177 1562 0.398618 3 0 0.071874 2.42388 8883
14684.7 3402.34 10 0.75 87.1421 9137.75 367 9138.59 45.2599 8307 9158.43 0.102496 324 2960 0.511282 3 0 0.07713 2.5128 9454.5
22027.1 850.59 1 0.5 244.519 9464 11080 9464 120.956 1672.5 9513.42 4.68814 6290 2870 1.47392 0 0 0 105.76 9760
22027.1 850.59 1 0.75 200.859 9745 3410 9745.69 139.31 9706.5 9759.8 0.00549085 2119 2870 0.884722 1 0 0.047886 109.732 9892.75
22027.1 1701.17 1 0.5 558.383 9464 4149 9464 432.196 9308.5 9500.43 0.0206186 2474 3138 0.852122 1 0 0.042797 162.561 9768.5
22027.1 1701.17 1 0.75 690.807 9745 5493 9745.87 443.114 9694.75 9762.37 0.00697456 3374 21268 1.20222 2 0 0.071769 229.994 9896.75
22027.1 3402.34 1 0.5 776.024 9464 14988 9464.27 25.7179 1446.5 9506.5 5.57207 10277 8500 3.39829 0 0 0 15.3881 9782.5
22027.1 3402.34 1 0.75 248.137 9745 3892 9745.54 10.2982 6715.75 9783.13 0.456744 2450 4611 0.79104 0 0 0 14.4123 9904
22027.1 850.59 2 0.5 274.403 9464 8566 9464.72 170.814 9392 9504.39 0.0119668 5134 3041 1.20065 5 3 0.183609 162.586 9760
22027.1 850.59 2 0.75 242.527 9745 5948 9745.26 152.283 9674.25 9768.14 0.00970485 3567 2196 0.969574 2 0 0.073692 110.552 9893
22027.1 1701.17 2 0.5 528.029 9464 1847 9464 412.972 2851 9498.27 2.33156 1257 3011 0.781678 3 7 0.118035 157.689 9768
22027.1 1701.17 2 0.75 597.454 9745 4377 9745.81 433.062 5507.75 9767.62 0.773432 2664 4609 0.769883 0 0 0 204.307 9896.75
22027.1 3402.34 2 0.5 156.99 9464 3763 9464 26.7131 4620.5 9513.28 1.05893 2391 3282 0.733809 0 0 0 14.68 9782.5
22027.1 3402.34 2 0.75 228.334 9745 3866 9745 15.5375 4539.75 9774.2 1.15303 2419 4002 0.802059 0 0 0 14.2132 9904
22027.1 850.59 4 0.5 294.132 9464 3436 9464 239.485 9474 9492.54 0.00195673 2402 2455 0.75124 10 0 0.480353 101.45 9760
22027.1 850.59 4 0.75 243.169 9745 3612 9745.9 177.863 9531.5 9759.32 0.0239018 2271 2662 0.888723 3 3 0.134453 155.417 9892.75
22027.1 1701.17 4 0.5 501.87 9464 3130 9464 290.328 4047.5 9516.93 1.35131 2046 3248 0.757563 0 0 0 154.119 9768
22027.1 1701.17 4 0.75 803.021 9745 4845 9745.46 427.325 9484.25 9761.92 0.029277 2866 23630 0.950217 1 0 0.038466 188.022 9896.75
22027.1 3402.34 4 0.5 243.646 9464 2907 9464 9.14173 5809.5 9542.67 0.642598 1876 5181 0.734206 0 0 0 15.733 9782.5
22027.1 3402.34 4 0.75 235.622 9745 3566 9745.86 21.5857 6349.25 9771.39 0.538983 2247 13134 0.624961 0 0 0 13.2792 9904.25
22027.1 850.59 10 0.5 1385.64 9464 4967 9464.1 147.79 6766.5 9509.48 0.405377 3385 7487 5.00284 0 0 0 136.401 9760
22027.1 850.59 10 0.75 1743.28 9745 3900 9745.26 125.842 7152.75 9775.91 0.366735 2656 5617 3.00563 0 0 0 120.905 9892.75
22027.1 1701.17 10 0.5 1119.48 9464 4789 9464 431.337 8996.5 9496.78 0.0556086 2825 7887 1.07477 0 0 0 128.361 9768
22027.1 1701.17 10 0.75 590.037 9745 2164 9745.37 407.045 8179 9761.69 0.193506 1481 3400 1.20158 2 0 0.083735 221.729 9896.75
22027.1 3402.34 10 0.5 384.088 9464 6331 9464 9.97754 5210 9547.82 0.832594 3756 5956 0.865567 0 0 0 15.036 9782.5
22027.1 3402.34 10 0.75 427.702 9745 3679 9745.56 14.4624 6958.75 9775.35 0.404757 2357 15483 0.957477 0 0 0 14.2616 9904.25
