L,D,C,PC,time,OPT,node_count,obj_bound,root_time,root_bestobj,root_bestbound,root_gap,Biter,Bcuts,time_slave,Siter,Scuts,time_subtour,Sroot_iter,Srootfrac_cuts,time_sub_root,LP_time,LP_obj
2293.74,245.78,1,0.5,321.999,6346.5,2056,6346.5,13.3563,6426.5,7045.52,0.0963237,1763,761,7.35416,1763,4932,0.728845,0,0,0,2.76041,7356
2293.74,245.78,1,0.75,655.468,7442,3231,7442,17.9892,1656.5,7875.54,3.75433,2712,734,10.9616,2712,8872,0.852169,0,0,0,2.85687,8609.25
2293.74,491.56,1,0.5,160.98,6764,9088,6764,6.78256,6135,7125.44,0.161441,5407,26,20.8752,5407,6771,0.645448,0,0,0,1.84937,8181
2293.74,491.56,1,0.75,189.396,7971.5,16334,7972.28,8.68609,399,8411.01,20.0802,9482,36,32.7064,9482,7863,0.983227,0,0,0,1.80215,9598.5
2293.74,983.12,1,0.5,123.971,6851,1636,6851,2.22959,697,7895.83,10.3283,1045,0,9.64176,1045,5217,0.409196,0,0,0,0.626928,8347
2293.74,983.12,1,0.75,582.072,8097.5,4735,8097.5,1.74501,8460.5,10644.1,0.258098,3158,0,25.987,3158,11097,0.670962,0,0,0,0.74052,9822
2293.74,245.78,2,0.5,2188.41,6907.5,33022,6907.5,17.3254,6456,7393.37,0.145193,19434,1988,98.0836,19434,11053,3.51639,1,0,0.031047,5.10784,7623.5
2293.74,245.78,2,0.75,1234.58,8648.25,17516,8648.25,11.4831,7594.5,9313.77,0.226383,10402,1195,57.0097,10402,8921,1.71269,0,0,0,12.0822,9501.5
2293.74,491.56,2,0.5,409.92,8149.5,2677,8150.11,9.44307,7616.5,8284.09,0.0876507,2403,68,23.9004,2403,9101,0.864703,0,0,0,2.17937,8610.5
2293.74,491.56,2,0.75,444.753,10171.8,1807,10171.8,15.3024,9016.25,10229.9,0.134609,1474,79,22.0797,1474,9159,0.793735,0,0,0,2.29618,10398.2
2293.74,983.12,2,0.5,111.284,8276,790,8276,1.76454,8256.5,9107.3,0.103046,549,0,8.42326,549,5559,0.316326,0,0,0,0.532295,8808.5
2293.74,983.12,2,0.75,305.726,10235,1161,10235,2.26344,793.75,10399,12.1011,1063,0,18.5865,1063,11200,0.629917,0,0,0,0.503165,10501.2
2293.74,245.78,3,0.5,482.111,7138.5,8046,7138.5,8.54585,6946.5,7453.16,0.0729371,6057,421,16.8945,6057,6440,1.24525,0,0,0,5.34218,7623.5
2293.74,245.78,3,0.75,1957.34,9215.25,10163,9215.25,45.2013,8335,9484.96,0.137967,7533,717,43.5017,7533,12991,1.59506,2,0,0.059688,22.7668,9575.25
2293.74,491.56,3,0.5,116.706,8161.5,2154,8161.5,6.92657,2269.5,8327.21,2.66918,1404,11,12.0941,1404,5837,0.435515,0,0,0,2.31695,8610.5
2293.74,491.56,3,0.75,407.784,10177.8,1613,10177.8,10.5388,10091.2,10238.4,0.0145848,1177,18,12.141,1177,7167,0.592578,0,0,0,2.23824,10398.2
2293.74,983.12,3,0.5,381.621,8276,874,8276,1.69698,8322.5,9107.3,0.0942987,752,0,10.2761,752,10552,0.367365,0,0,0,0.530693,8808.5
2293.74,983.12,3,0.75,157.65,10235,619,10235,1.73383,10237.5,10650.7,0.0403566,513,0,6.48016,513,5870,0.416988,0,0,0,0.461264,10501.2
2293.74,245.78,8,0.5,162.351,7241,1978,7241,9.61368,1475.5,7453.71,4.05165,1616,4,2.08096,1616,3912,0.583254,3,0,0.043881,3.92469,7623.5
2293.74,245.78,8,0.75,353.628,9330.75,2452,9330.75,30.0392,9177,9495.31,0.0346858,2246,9,4.43734,2246,4732,0.616275,2,0,0.052324,10.9577,9575.25
2293.74,491.56,8,0.5,28.1961,8208,249,8208,7.8368,4931.5,8278.51,0.6787,201,1,1.01338,201,2366,0.267334,0,0,0,2.14341,8610.5
2293.74,491.56,8,0.75,20.1768,10201,177,10201,8.21356,10093.8,10236.7,0.014161,142,0,0.839694,142,1973,0.468471,0,0,0,2.26208,10398.2
2293.74,983.12,8,0.5,97.5797,8276,446,8276,1.58177,8278,9107.3,0.100181,345,0,3.05523,345,5586,0.361651,0,0,0,0.498544,8808.5
2293.74,983.12,8,0.75,180.414,10235,939,10235,1.66263,10286.2,10650.7,0.035426,698,0,5.13814,698,6866,0.296969,0,0,0,0.513272,10501.2
4587.48,245.78,1,0.5,157.641,9999.5,1055,9999.5,3.67195,10021.5,10503.7,0.0481131,773,0,1.1553,773,5958,0.735131,0,0,0,2.19115,10241
4587.48,245.78,1,0.75,190.034,11096.8,766,11096.8,3.35819,4303.75,11342.8,1.63556,594,2,0.865607,594,7154,0.993758,0,0,0,2.08372,11217.5
4587.48,491.56,1,0.5,101.198,10035.5,562,10035.5,7.08716,4845,10169.5,1.09896,495,1,2.37001,495,5597,0.895695,0,0,0,1.62667,10411
4587.48,491.56,1,0.75,96.9099,11114.8,631,11115.6,16.6834,10995.2,11156.9,0.0147029,519,0,2.52903,519,4997,1.67407,1,2,0.020165,1.65363,11302.5
4587.48,983.12,1,0.5,410.278,10035.5,458,10035.5,1.47404,2289.5,10679.9,3.66475,461,0,4.83692,461,12584,0.803449,0,0,0,0.523121,10451.5
4587.48,983.12,1,0.75,71.2321,11114.8,407,11114.8,1.85486,9868.75,11437,0.158907,299,0,2.95946,299,5248,0.913827,0,0,0,0.550602,11322.8
4587.48,245.78,2,0.5,481.57,9999.5,1404,9999.5,3.51722,10068.5,10503.7,0.0432205,998,1,0.980295,998,15172,1.06577,0,0,0,2.02804,10241
4587.48,245.78,2,0.75,325.176,11096.8,653,11096.8,3.70335,11131.5,11342.8,0.0189803,502,0,0.510181,502,9177,1.08989,0,0,0,2.1447,11217.5
4587.48,491.56,2,0.5,43.9583,10035.5,313,10035.5,8.06659,5194.5,10148.4,0.953684,254,1,1.01498,254,3400,0.851094,0,0,0,1.67757,10411
4587.48,491.56,2,0.75,144.502,11114.8,708,11114.8,23.8681,5925.25,11156.3,0.882834,689,1,2.2032,689,5038,1.91413,2,0,0.048581,1.71054,11302.5
4587.48,983.12,2,0.5,40.5355,10035.5,343,10035.5,1.75336,1524.5,10679.9,6.00553,215,0,1.47571,215,4354,0.474309,0,0,0,0.49887,10451.5
4587.48,983.12,2,0.75,62.8113,11114.8,425,11115.8,1.69525,10612.8,11437,0.0776629,322,0,2.00503,322,5056,0.444018,0,0,0,0.488937,11322.8
4587.48,245.78,3,0.5,294.118,9999.5,981,9999.5,4.02499,10076.5,10503.7,0.0423923,723,1,0.648276,723,11225,1.12484,0,0,0,2.06303,10241
4587.48,245.78,3,0.75,554.358,11096.8,943,11097.6,5.33934,715.75,11233.5,14.6947,748,1,0.696499,748,10581,1.17069,0,0,0,1.97802,11217.5
4587.48,491.56,3,0.5,120.554,10035.5,444,10036.1,17.7717,9487,10149.9,0.0698791,420,0,1.31803,420,5678,1.59285,0,0,0,1.67244,10411
4587.48,491.56,3,0.75,128.04,11114.8,359,11114.8,18.7063,10900,11167.8,0.0245671,348,1,1.09383,348,4926,1.44227,0,0,0,1.61293,11302.5
4587.48,983.12,3,0.5,247.903,10035.5,702,10035.5,1.50835,622.5,10679.9,16.1565,619,0,3.2946,619,8326,0.98896,0,0,0,0.52901,10451.5
4587.48,983.12,3,0.75,156.082,11114.8,602,11114.8,1.93953,10100.2,11437,0.132345,582,0,3.07393,582,5678,0.952903,0,0,0,0.580707,11322.8
4587.48,245.78,8,0.5,290.271,9999.5,765,9999.5,3.79612,5740,10503.7,0.829907,594,1,0.46088,594,8435,0.670179,0,0,0,2.06707,10241
4587.48,245.78,8,0.75,288.79,11096.8,1029,11096.8,3.74605,11107.8,11342.8,0.021159,851,1,0.611375,851,10439,0.838849,0,0,0,1.92678,11217.5
4587.48,491.56,8,0.5,656.977,10035.5,969,10035.5,23.4415,9278,10118.4,0.090581,851,0,1.68369,851,12721,2.15757,1,0,0.025117,1.73533,10411
4587.48,491.56,8,0.75,167.545,11114.8,424,11115.6,14.3447,10287.2,11157.9,0.0846319,369,0,0.79648,369,5625,1.31619,1,0,0.029216,1.69523,11302.5
4587.48,983.12,8,0.5,586.687,10035.5,546,10035.5,1.67682,1342,10679.9,6.95822,497,0,2.28653,497,14785,0.804875,0,0,0,0.511834,10451.5
4587.48,983.12,8,0.75,232.157,11114.8,592,11114.8,2.44528,1783.75,11284.2,5.32612,502,0,2.12267,502,7695,0.731165,0,0,0,0.49641,11322.8
6881.21,245.78,1,0.5,370.874,11366.5,1730,11366.5,22.1233,7528,11510,0.528961,1406,1,0.943808,1406,11534,1.85395,0,0,0,1.63146,11575.5
6881.21,245.78,1,0.75,444.598,11780.3,1618,11780.3,13.0163,11493,11851.2,0.0311647,1279,0,0.963899,1279,11091,1.68102,0,0,0,1.99137,11884.8
6881.21,491.56,1,0.5,512.304,11366.5,1935,11366.5,15.7575,10784,11525.9,0.0687977,1686,0,4.08855,1686,12772,1.93024,0,0,0,2.01616,11601.5
6881.21,491.56,1,0.75,380.208,11780.2,1390,11780.2,5.31044,11764.5,11962.1,0.0167949,1160,0,2.90051,1160,9073,1.92902,0,0,0,1.9769,11897.8
6881.21,983.12,1,0.5,256.37,11366.5,2452,11367,1.88903,324,11732.9,35.2126,2014,0,9.42516,2014,6739,1.46896,0,0,0,0.735373,11601.5
6881.21,983.12,1,0.75,175.031,11780.2,3843,11780.2,1.48018,399,11963.4,28.9836,2435,0,12.0906,2435,7346,1.57752,0,0,0,0.702845,11897.8
6881.21,245.78,2,0.5,379.027,11366.5,2671,11367.1,16.8478,10761.5,11509.8,0.0695377,1837,0,1.04491,1837,11008,2.01139,0,0,0,1.61106,11575.5
6881.21,245.78,2,0.75,265.552,11780.3,1197,11780.3,16.383,11442.8,11851.6,0.0357267,906,0,0.522388,906,7160,2.03296,0,0,0,1.92622,11884.8
6881.21,491.56,2,0.5,225.245,11366.5,2150,11366.5,6.6096,3862,11540.1,1.9881,1516,0,2.56234,1516,7757,1.17633,0,0,0,1.98975,11601.5
6881.21,491.56,2,0.75,596.95,11780.2,2541,11780.2,5.12899,11789.8,11962.1,0.0146173,2076,0,3.82975,2076,13246,3.06345,0,0,0,1.93962,11897.8
6881.21,983.12,2,0.5,1431.89,11366.5,2256,11366.5,3.79441,10807.5,11536.2,0.0674279,2056,0,8.63424,2056,22742,3.15296,0,0,0,0.672021,11601.5
6881.21,983.12,2,0.75,107.783,11780.2,1814,11781.1,7.08553,8870,11850.5,0.336019,1341,0,6.16864,1341,3809,2.00524,0,0,0,0.768406,11897.8
6881.21,245.78,3,0.5,589.942,11366.5,1855,11366.5,17.2587,10766.5,11509.8,0.0690411,1619,1,0.977196,1619,13893,2.15206,0,0,0,1.66572,11575.5
6881.21,245.78,3,0.75,663.956,11780.3,2790,11780.3,17.5851,11480.8,11852,0.0323375,2212,1,1.22341,2212,10572,2.44061,0,0,0,1.90069,11884.8
6881.21,491.56,3,0.5,243.349,11366.5,2229,11366.5,5.06466,11404,11730.2,0.0286012,1625,0,2.69955,1625,8193,2.12781,0,0,0,2.08789,11601.5
6881.21,491.56,3,0.75,97.9297,11780.2,1620,11780.2,5.07462,11787,11962.1,0.014854,1132,0,2.31056,1132,5711,1.44624,0,0,0,2.00689,11897.8
6881.21,983.12,3,0.5,79.757,11366.5,1733,11366.5,1.80326,8744,11732.9,0.341822,1257,0,4.56614,1257,3521,1.56997,0,0,0,0.724731,11601.5
6881.21,983.12,3,0.75,126.7,11780.3,2177,11781.1,1.63018,9990.5,11963.4,0.197482,1575,0,6.09741,1575,4754,1.41184,0,0,0,0.778916,11897.8
6881.21,245.78,8,0.5,134.258,11366.5,2306,11366.5,4.6324,11347,11695.9,0.0307513,1620,1,0.830349,1620,7364,1.31347,0,0,0,1.90506,11575.5
6881.21,245.78,8,0.75,643.854,11780.3,1904,11780.3,13.0177,11437.5,11851.6,0.0362024,1678,1,0.885033,1678,9614,1.83772,0,0,0,1.96609,11884.8
6881.21,491.56,8,0.5,203.905,11366.5,1252,11367.2,5.58838,11407.5,11730.2,0.0282856,1048,0,1.45229,1048,7983,1.86523,0,0,0,2.10436,11601.5
6881.21,491.56,8,0.75,715.885,11780.3,3021,11780.3,16.7572,11586,11856.8,0.0233703,2454,0,3.34809,2454,18682,2.33045,0,0,0,1.78182,11897.8
6881.21,983.12,8,0.5,131.287,11366.5,2873,11366.5,10.7095,8321.5,11520.7,0.384453,1891,0,6.49639,1891,7338,2.03525,0,0,0,0.677304,11601.5
6881.21,983.12,8,0.75,106.24,11780.2,2137,11780.2,1.76051,1917.75,11963.4,5.23827,1530,0,5.22185,1530,6036,0.978957,0,0,0,0.688155,11897.8
