L D C PC time OPT node_cnt obj_bnd root_time root_obj root_bnd root_gap
1470 179.66 1 0.5 623.649 4019 692 4019.36 556.863 3947.5 4188.4 0.0610258
1470.24 179.66 1 0.75 2167.19 4728 11306 4728 1093.56 4692.25 5001.97 0.0660068
1470.24 359.31 1 0.5 266.4 4429.5 18 4429.5 254.219 4429.5 4442.87 0.00301841
1470.24 359.31 1 0.75 249.414 5286.75 127 5286.75 236.235 5260 5329.53 0.0132181
1470.24 718.62 1 0.5 223.031 4441.5 6 4441.83 211.985 4441.5 4445.47 0.000894631
1470.24 718.62 1 0.75 227.017 5290.25 127 5290.25 213.942 5286.75 5329.91 0.00816372
1470.24 179.66 2 0.5 2564.17 4567 4974 4567 1657.49 4528 4808.2 0.0618825
1470.24 179.66 2 0.75 >3600 (0.0747401) 341 6001.62 2474.86 5449.75 6015.54 0.10382
1470.24 359.31 2 0.5 390.118 5064.5 260 5064.88 375.97 5064.5 5090.22 0.00507946
1470.24 359.31 2 0.75 329.348 6251.5 1 6251.5 318.449 6251.5 6253.12 0.000258655
1470.24 718.62 2 0.5 272.716 5087.5 161 5087.5 258.084 5066 5113.67 0.00940983
1470.24 718.62 2 0.75 133.852 6261.75 298 6261.75 118.208 6253.25 6281.29 0.00448404
1470.24 179.66 3 0.5 >3600 (0.0626938) 201 4970.22 3004.86 4677 4993.12 0.0675914
1470.24 179.66 3 0.75 >3600 (0.0845078) 363 6236.46 1911.51 5531.75 6241.31 0.128271
1470.24 359.31 3 0.5 254.263 5144.5 30 5144.5 243.044 5140.5 5147.55 0.00137205
1470.24 359.31 3 0.75 299.307 6322.75 29 6322.81 287.483 6306.5 6324.04 0.00278174
1470.24 718.62 3 0.5 118.502 5169 13 5169 107.545 5167.5 5172.31 0.000930199
1470.24 718.62 3 0.75 234.258 6335 1 6335 222.458 6335 6335.97 0.000153685
1470.24 179.66 8 0.5 1584.25 4836.5 4940 4836.5 1091.57 4836.5 4950.7 0.0236123
1470.24 179.66 8 0.75 >3600 (0.0212274) 1 6244.81 3447.43 6115 6245.19 0.0212906
1470.24 359.31 8 0.5 335.765 5144.5 5 5144.5 323.702 5142.5 5145.31 0.000546485
1470.24 359.31 8 0.75 256.37 6322.75 1 6323.38 245.259 6322.75 6323.38 9.99345e-05
1470.24 718.62 8 0.5 116.677 5169 1 5169 105.776 5169 5173.82 0.000932904
1470.24 718.62 8 0.75 120.123 6335 1 6335 109.055 6335 6336.14 0.000179968
2940.48 179.66 1 0.5 474.928 6210.5 1 6211.03 461.526 6210.5 6211.46 0.000153837
2940.48 179.66 1 0.75 536.117 6855.75 1 6856.43 523.759 6855.75 6856.44 0.000100579
2940.48 359.31 1 0.5 367.556 6218.5 1 6219.11 355.096 6218.5 6219.12 0.000100263
2940.48 359.31 1 0.75 324.268 6859.75 1 6860.26 311.607 6859.75 6860.26 7.37113e-05
2940.48 718.62 1 0.5 379.305 6218.5 1 6218.87 365.604 6218.5 6219.27 0.000123928
2940.48 718.62 1 0.75 342.04 6859.75 1 6860.38 329.669 6859.75 6860.54 0.000115854
2940.48 179.66 2 0.5 432.455 6210.5 1 6211.07 420.064 6210.5 6211.46 0.000154047
2940.48 179.66 2 0.75 473.011 6855.5 1 6855.99 460.393 6855.5 6855.99 7.192e-05
2940.48 359.31 2 0.5 380.965 6218.5 1 6219.02 368.527 6218.5 6219.14 0.000103463
2940.48 359.31 2 0.75 378.089 6859.75 1 6860.4 364.462 6859.75 6860.55 0.000116225
2940.48 718.62 2 0.5 177.122 6218.5 1 6219.06 164.781 6218.5 6219.3 0.000129181
2940.48 718.62 2 0.75 195.109 6859.75 1 6860.43 182.585 6859.75 6860.44 0.000101278
2940.48 179.66 3 0.5 438.016 6210.5 1 6210.58 425.582 6210.5 6211.21 0.000113518
2940.48 179.66 3 0.75 510.201 6855.5 1 6856.04 497.832 6855.5 6856.22 0.000105196
2940.48 359.31 3 0.5 306.526 6218.5 1 6218.87 293.909 6218.5 6219.63 0.000181851
2940.48 359.31 3 0.75 365.932 6859.25 1 6859.81 351.831 6859.25 6860.04 0.000115731
2940.48 718.62 3 0.5 336.608 6218.5 7 6219.05 323.439 6218.5 6219.57 0.000171419
2940.48 718.62 3 0.75 370.413 6859.75 1 6860.38 357.335 6859.75 6860.46 0.000103365
2940.48 179.66 8 0.5 475.894 6210.5 1 6211.01 463.217 6210.5 6211.01 8.26005e-05
2940.48 179.66 8 0.75 520.401 6855.75 1 6856.23 506.963 6855.75 6856.23 7.01899e-05
2940.48 359.31 8 0.5 330.789 6218.5 1 6218.96 318.337 6218.5 6219.38 0.000142121
2940.48 359.31 8 0.75 349.437 6859.75 1 6859.99 335.854 6859.75 6859.99 3.48606e-05
2940.48 718.62 8 0.5 196.354 6218.5 1 6218.5 182.959 6218.5 6219.34 0.000134717
2940.48 718.62 8 0.75 358.709 6859.75 1 6860.43 345.055 6859.75 6860.65 0.000131883
4410.72 179.66 1 0.5 468.139 7085 3 7085.23 455.046 7085 7086.85 0.000260469
4410.72 179.66 1 0.75 624.39 7293 9 7293.37 610.888 7293 7294.52 0.000208191
4410.72 359.31 1 0.5 367.455 7085 1 7085.45 354.34 7085 7086 0.00014065
4410.72 359.31 1 0.75 437.655 7293 280 7293.11 419.475 7291.25 7295.47 0.000578133
4410.72 718.62 1 0.5 194.284 7085 1 7085.39 181.842 7085 7087.08 0.000293937
4410.72 718.62 1 0.75 214.709 7293 1 7293.24 202.35 7293 7293.85 0.000115886
4410.72 179.66 2 0.5 458.849 7085 10 7085 445.123 7085 7086.98 0.000279444
4410.72 179.66 2 0.75 582.111 7293 9 7293.18 569.435 7293 7294.82 0.000249193
4410.72 359.31 2 0.5 323.378 7085 1 7085.45 310.682 7085 7085.76 0.000107974
4410.72 359.31 2 0.75 449.899 7292.48 53 7293.11 434.637 7291.25 7295.51 0.000583957
4410.72 718.62 2 0.5 212.916 7085 5 7085.5 199.804 7085 7086.95 0.000275931
4410.72 718.62 2 0.75 228.85 7293 1 7293.72 215.669 7293 7294.11 0.000152134
4410.72 179.66 3 0.5 435.161 7085 11 7085.31 422.368 7085 7088.17 0.000448064
4410.72 179.66 3 0.75 509.833 7293 6 7293.73 496.193 7293 7294.02 0.000139656
4410.72 359.31 3 0.5 327.386 7085 1 7085 314.974 7085 7086.07 0.000151677
4410.72 359.31 3 0.75 457.843 7292.48 203 7293.1 439.341 7290 7295.64 0.000773723
4410.72 718.62 3 0.5 160.825 7085 1 7085.47 148.096 7085 7086.67 0.000235724
4410.72 718.62 3 0.75 229.636 7293 1 7293.64 216.28 7293 7293.85 0.000115886
4410.72 179.66 8 0.5 430.096 7085 11 7085.31 417.168 7085 7088.56 0.000501976
4410.72 179.66 8 0.75 563.464 7293 3 7293.71 549.591 7293 7294.05 0.000143933
4410.72 359.31 8 0.5 465.228 7085 54 7085.45 449.911 7075.5 7090.9 0.00217684
4410.72 359.31 8 0.75 452.124 7293 71 7293.06 437.476 7291.25 7294.88 0.000498425
4410.72 718.62 8 0.5 284.18 7085 88 7085.44 269.337 7079.5 7089.48 0.00140913
4410.72 718.62 8 0.75 225.04 7293 1 7293.42 211.079 7293 7293.93 0.000127962
