L,D,C,PC,time,OPT,node_count,obj_bound,root_time,root_bestobj,root_bestbound,root_gap,Biter,Bcuts,time_slave,Siter,Scuts,time_subtour,Sroot_iter,Srootfrac_cuts,time_sub_root,LP_time,LP_obj
1470.24,179.66,1,0.5,876.383,4019,1076,4019,838.936,4019,4163.82,0.0360339,657,126,3.42832,657,1476,0.098732,21,821,0.246789,379.986,4101.5
1470.24,179.66,1,0.75,1904.48,4728,7098,4728,1132.98,4692.25,5001.97,0.0660068,3764,282,18.443,3764,4396,0.549322,12,326,0.207132,605.245,4840
1470.24,359.31,1,0.5,256.94,4429.5,18,4429.5,245.031,4429.5,4442.87,0.00301841,66,2,0.352581,66,420,0.008829,22,543,0.070521,236.58,4472
1470.24,359.31,1,0.75,260.71,5286.75,127,5286.75,245.559,5260,5329.53,0.0132181,118,2,0.806026,118,1134,0.012018,0,0,0,235.558,5335.75
1470.24,718.62,1,0.5,196.432,4441.5,6,4441.83,184.861,4441.5,4445.47,0.000894631,53,0,0.54448,53,339,0.018704,21,611,0.068408,104.763,4508.5
1470.24,718.62,1,0.75,213.578,5290.25,127,5290.25,199.145,5286.75,5329.91,0.00816372,130,0,1.11733,130,587,0.020362,15,393,0.058672,113.691,5369.25
1470.24,179.66,2,0.5,3550.53,4567,11676,4567,1534.82,4536,4810.08,0.0604243,6737,620,37.1046,6737,5210,0.977665,10,469,0.20287,1035.86,4647.5
1470.24,179.66,2,0.75,>3600,(0.070138),1,6020.6,3565.07,5626,6020.6,0.070138,66,45,0.418392,66,1076,0.284104,2,45,0.038566,3600.11,5769.25
1470.24,359.31,2,0.5,366.417,5064.5,260,5064.88,351.652,5064.5,5090.22,0.00507946,214,2,1.33596,214,320,0.020629,19,367,0.092069,334.215,5105.5
1470.24,359.31,2,0.75,300.668,6251.5,1,6251.5,289.103,6251.5,6253.12,0.000258655,38,1,0.306139,38,446,0.003314,12,215,0.046043,287.023,6262
1470.24,718.62,2,0.5,247.561,5087.5,161,5087.5,232.093,5066,5113.67,0.00940983,152,0,1.93064,152,582,0.029567,13,404,0.055385,99.2594,5129.5
1470.24,718.62,2,0.75,139.014,6261.75,298,6261.75,121.515,6253.25,6281.29,0.00448404,270,0,2.65812,270,1033,0.031281,15,326,0.071259,107.331,6297
1470.24,179.66,3,0.5,>3600,(0.0436604),1141,4929.73,2632.97,4723.5,4974.33,0.0531015,1105,190,5.73786,1105,2912,0.330139,12,424,0.281399,1506.31,4836.5
1470.24,179.66,3,0.75,>3600,(0.037323),407,6238.98,1833.83,5977.5,6246.36,0.0449779,449,105,3.3046,449,3829,0.218496,1,83,0.024859,3600.13,6097
1470.24,359.31,3,0.5,267.066,5144.5,30,5144.5,253.696,5140.5,5147.55,0.00137205,83,1,0.412275,83,194,0.009691,40,808,0.142017,244.081,5163.5
1470.24,359.31,3,0.75,310.021,6322.75,29,6322.81,296.667,6306.5,6324.04,0.00278174,52,1,0.419221,52,264,0.010832,7,174,0.023605,284.518,6332.25
1470.24,718.62,3,0.5,119.028,5169,13,5169,107.499,5167.5,5172.31,0.000930199,37,0,0.390046,37,172,0.004949,16,484,0.040496,105.453,5186.5
1470.24,718.62,3,0.75,204.914,6335,1,6335,192.128,6335,6335.97,0.000153685,42,0,0.508524,42,229,0.012722,17,435,0.047899,119.446,6343.75
1470.24,179.66,8,0.5,2593.35,4836.5,7047,4836.5,1590.77,4836.5,4968.35,0.0272618,3674,9,4.21549,3674,3207,0.716098,23,849,0.656099,2737.18,4836.5
1470.24,179.66,8,0.75,>3600,(0.00845055),1262,6210.54,3014.04,6150,6235.95,0.0139751,1138,6,1.43336,1138,2646,0.320857,10,337,0.279832,3600.03,6152.5
1470.24,359.31,8,0.5,310.461,5144.5,5,5144.5,297.458,5142.5,5145.31,0.000546485,89,0,0.171514,89,235,0.013058,58,1129,0.204057,276.859,5163.5
1470.24,359.31,8,0.75,265.714,6322.75,1,6323.38,253.182,6322.75,6323.38,9.99345E-05,60,0,0.146175,60,202,0.013892,29,457,0.112345,240.079,6332.25
1470.24,718.62,8,0.5,120.025,5169,1,5169,107.718,5169,5173.82,0.000932904,19,0,0.168472,19,131,0.003364,7,182,0.017589,104.678,5186.5
1470.24,718.62,8,0.75,119.922,6335,1,6335,108.57,6335,6336.14,0.000179968,31,0,0.196186,31,182,0.005695,14,390,0.033499,104.367,6343.75
2940.48,179.66,1,0.5,437.243,6210.5,1,6211.05,424.158,6210.5,6211.05,8.85656E-05,45,4,0.0954018,45,612,0.097896,22,1035,0.171219,424.195,6210.5
2940.48,179.66,1,0.75,543.707,6855.75,1,6856.11,528.909,6855.75,6856.11,5.20003E-05,45,3,0.107156,45,399,0.038044,26,909,0.232765,528.598,6855.75
2940.48,359.31,1,0.5,369.989,6218.5,1,6219.11,356.772,6218.5,6219.12,0.000100263,30,2,0.327834,30,425,0.038935,9,334,0.068561,362.014,6222
2940.48,359.31,1,0.75,335.054,6859.75,1,6860.26,320.123,6859.75,6860.26,7.37113E-05,37,2,0.370937,37,375,0.033432,17,709,0.155921,327.427,6861.5
2940.48,718.62,1,0.5,354.755,6218.5,1,6218.87,340.341,6218.5,6219.27,0.000123928,52,0,0.590709,52,779,0.234368,22,1133,0.181933,190.518,6223
2940.48,718.62,1,0.75,322.575,6859.75,1,6860.38,308.587,6859.75,6860.54,0.000115854,38,0,0.530307,38,638,0.155921,14,488,0.117558,183.211,6862
2940.48,179.66,2,0.5,439.745,6210.5,1,6210.92,425.099,6210.5,6211.56,0.00017047,30,0,0.0453937,30,584,0.039481,11,446,0.090135,427.735,6210.5
2940.48,179.66,2,0.75,474.269,6855.5,1,6855.96,460.018,6855.5,6855.96,6.70607E-05,33,0,0.0437851,33,496,0.064013,14,731,0.100876,476.366,6855.75
2940.48,359.31,2,0.5,355.922,6218.5,1,6219.02,341.06,6218.5,6219.14,0.000103463,32,0,0.170071,32,331,0.022444,14,740,0.1216,350.335,6222
2940.48,359.31,2,0.75,342.533,6859.75,1,6860.4,329.365,6859.75,6860.55,0.000116225,22,0,0.135711,22,340,0.021314,5,188,0.045056,334.499,6861.5
2940.48,718.62,2,0.5,177.99,6218.5,1,6219.06,164.977,6218.5,6219.3,0.000129181,41,0,0.308397,41,527,0.101876,22,862,0.17486,150.988,6223
2940.48,718.62,2,0.75,197.795,6859.75,1,6860.43,184.563,6859.75,6860.44,0.000101278,32,0,0.289034,32,634,0.122002,12,459,0.107474,186.821,6862
2940.48,179.66,3,0.5,436.669,6210.5,1,6210.89,421.769,6210.5,6211.4,0.000145135,25,0,0.026716,25,425,0.037272,10,388,0.081793,441.387,6210.5
2940.48,179.66,3,0.75,514.053,6855.5,1,6856.04,500.865,6855.5,6856.22,0.000105196,21,0,0.0288675,21,428,0.031905,7,264,0.066518,518.506,6855.75
2940.48,359.31,3,0.5,309.001,6218.5,1,6218.87,294.579,6218.5,6219.63,0.000181851,24,0,0.0998077,24,334,0.021336,7,384,0.059697,300.393,6222
2940.48,359.31,3,0.75,329.037,6859.25,1,6859.81,315.546,6859.25,6860.04,0.000115731,44,1,0.136711,44,544,0.023649,26,1216,0.224333,323.977,6861.5
2940.48,718.62,3,0.5,305.137,6218.5,7,6219.05,291.973,6218.5,6219.57,0.000171419,45,0,0.31132,45,809,0.168515,11,592,0.080992,155.377,6223
2940.48,718.62,3,0.75,349.212,6859.75,1,6860.38,334.602,6859.75,6860.46,0.000103365,35,0,0.266485,35,763,0.151815,9,541,0.068184,197.799,6862
2940.48,179.66,8,0.5,440.677,6210.5,1,6211.07,426.379,6210.5,6211.46,0.000154047,43,0,0.0336032,43,442,0.059361,22,905,0.178129,439.954,6210.5
2940.48,179.66,8,0.75,485.574,6855.75,1,6856.29,471.351,6855.75,6856.29,7.85723E-05,38,0,0.0304368,38,438,0.06833,16,517,0.135262,486.215,6855.75
2940.48,359.31,8,0.5,335.035,6218.5,1,6218.96,321.846,6218.5,6219.38,0.000142121,33,0,0.0779867,33,345,0.021239,15,836,0.135225,331.072,6222
2940.48,359.31,8,0.75,340.851,6859.75,1,6859.99,326.167,6859.75,6859.99,3.48606E-05,32,0,0.0916271,32,569,0.032156,13,561,0.107887,331.62,6861.5
2940.48,718.62,8,0.5,194.779,6218.5,1,6218.5,181.788,6218.5,6219.34,0.000134717,42,0,0.162942,42,512,0.089869,25,1385,0.200836,194.212,6223
2940.48,718.62,8,0.75,324.347,6859.75,1,6860.43,309.634,6859.75,6860.65,0.000131883,29,0,0.141062,29,689,0.168713,5,237,0.041716,197.612,6862
4410.72,179.66,1,0.5,438.263,7085,3,7085.23,423.296,7085,7086.85,0.000260469,48,0,0.0349488,48,385,0.11614,26,1348,0.484762,413.241,7111
4410.72,179.66,1,0.75,598.686,7293,9,7293.37,583.78,7293,7294.52,0.000208191,42,0,0.0348289,42,428,0.152682,16,907,0.283621,567.405,7306
4410.72,359.31,1,0.5,344.279,7085,1,7085.45,329.496,7085,7086,0.00014065,54,0,0.160102,54,1005,0.53903,23,910,0.43418,296.559,7111
4410.72,359.31,1,0.75,422.793,7293,280,7293.11,405.309,7291.25,7295.47,0.000578133,280,0,0.620756,280,2158,0.510365,10,361,0.182332,281.736,7306
4410.72,718.62,1,0.5,195.091,7085,1,7085.39,181.971,7085,7087.08,0.000293937,47,0,0.277239,47,890,0.317931,16,610,0.270888,162.496,7111
4410.72,718.62,1,0.75,213.45,7293,1,7293.24,200.383,7293,7293.85,0.000115886,42,0,0.26435,42,947,0.31528,10,339,0.170668,180.41,7306
4410.72,179.66,2,0.5,436.997,7085,10,7085,423.454,7085,7086.98,0.000279444,41,0,0.0275578,41,385,0.109864,16,827,0.269396,416.251,7111
4410.72,179.66,2,0.75,537.849,7293,10,7293.23,524.081,7293,7295.42,0.00033179,41,0,0.0264351,41,638,0.263982,13,650,0.222635,514.954,7306
4410.72,359.31,2,0.5,339.438,7085,1,7085.45,324.251,7085,7085.76,0.000107974,48,0,0.122949,48,911,0.452327,18,823,0.352554,304.558,7111
4410.72,359.31,2,0.75,426.655,7292.48,53,7293.11,411.214,7291.25,7295.51,0.000583957,99,0,0.213839,99,1307,0.569689,21,940,0.391055,283.522,7306
4410.72,718.62,2,0.5,195.81,7085,5,7085.5,181.407,7085,7086.95,0.000275931,54,0,0.275237,54,856,0.32886,21,1119,0.352152,159.645,7111
4410.72,718.62,2,0.75,221.167,7293,1,7293.72,207.048,7293,7294.11,0.000152134,42,0,0.228401,42,913,0.334134,11,394,0.198314,187.067,7306
4410.72,179.66,3,0.5,445.741,7085,11,7085.31,430.626,7085,7088.17,0.000448064,40,0,0.0261047,40,382,0.13176,16,665,0.283734,428.081,7111
4410.72,179.66,3,0.75,479.907,7293,6,7293.73,466.587,7293,7294.02,0.000139656,38,0,0.0243218,38,462,0.171089,15,799,0.261093,456.385,7306
4410.72,359.31,3,0.5,341.667,7085,1,7085,326.624,7085,7086.07,0.000151677,43,0,0.0892265,43,912,0.503269,16,744,0.300159,299.89,7111
4410.72,359.31,3,0.75,421.447,7292.48,203,7293.1,403.899,7290,7295.64,0.000773723,215,0,0.381631,215,2449,0.541501,16,404,0.279986,288.405,7306
4410.72,718.62,3,0.5,167.15,7085,1,7085.47,151.344,7085,7086.67,0.000235724,40,0,0.20898,40,939,0.308831,8,235,0.149691,132.452,7111
4410.72,718.62,3,0.75,201.87,7293,1,7293.64,188.852,7293,7293.85,0.000115886,39,0,0.174946,39,887,0.296586,11,508,0.186205,170.143,7306
4410.72,179.66,8,0.5,437.826,7085,11,7085.31,424.041,7085,7088.56,0.000501976,38,0,0.0215309,38,379,0.116194,14,747,0.242407,415.088,7111
4410.72,179.66,8,0.75,542.181,7293,3,7293.71,527.166,7293,7294.05,0.000143933,47,0,0.0275915,47,394,0.141499,25,1471,0.432265,507.287,7306
4410.72,359.31,8,0.5,456.917,7085,54,7085.45,439.274,7075.5,7090.9,0.00217684,92,0,0.143844,92,1837,0.647667,16,578,0.343985,296.44,7111
4410.72,359.31,8,0.75,436.532,7293,71,7293.06,421.389,7291.25,7294.88,0.000498425,108,0,0.172145,108,1428,0.561058,18,756,0.357514,286.857,7306
4410.72,718.62,8,0.5,303.851,7085,88,7085.44,286.928,7079.5,7089.48,0.00140913,120,0,0.397953,120,1836,0.46874,13,666,0.249039,183.961,7111
4410.72,718.62,8,0.75,196.646,7293,1,7293.42,183.63,7293,7293.93,0.000127962,34,0,0.136877,34,850,0.329522,10,277,0.168253,165.505,7306
