L D C PC time OPT node_cnt obj_bnd root_time root_obj root_bnd root_gap
158.82 16.74 1 0.5 193.13 1266 685 1266.05 169.716 1261 1285.52 0.0194479
158.82 16.74 1 0.75 312.938 1494.25 1752 1494.25 189.636 1447.75 1537.22 0.0617964
158.82 33.47 1 0.5 182.917 1344 827 1344 97.611 1348.5 1359.98 0.00851371
158.82 33.47 1 0.75 205.787 1601.5 224 1601.5 119.489 155 1620.33 9.45377
158.82 66.49 1 0.5 209.354 1350.5 370 1350.5 97.5733 138.5 1367.7 8.87508
158.82 66.49 1 0.75 214.331 1602.25 672 1602.25 98.8702 113.75 1626.79 13.3014
158.82 16.74 2 0.5 304.759 1447.5 301 1447.5 234.907 1419 1470.69 0.036427
158.82 16.74 2 0.75 533.641 1775.25 1659 1775.25 299.543 1742.5 1821.9 0.0455686
158.82 33.47 2 0.5 189.595 1532 641 1532 86.9193 278 1545.35 4.55882
158.82 33.47 2 0.75 160.457 1878 422 1878.01 139.773 1877 1881.94 0.00262997
158.82 66.49 2 0.5 226.634 1541 406 1541 80.2598 90 1555.16 16.2796
158.82 66.49 2 0.75 252.34 1885 1347 1885 57.8829 123.5 1897.32 14.3629
158.82 16.74 3 0.5 347.964 1475 931 1475 156.526 1459 1509.53 0.0346344
158.82 16.74 3 0.75 1145.26 1847.25 4479 1847.25 131.464 1781.75 1870.02 0.0495435
158.82 33.47 3 0.5 155.518 1544 188 1544 93.2818 1068.5 1551.88 0.452389
158.82 33.47 3 0.75 181.419 1889.5 180 1889.57 104.929 456.5 1892.99 3.14675
158.82 66.49 3 0.5 215.268 1550.5 259 1550.5 79.0859 1022.5 1561.02 0.526671
158.82 66.49 3 0.75 161.952 1892.75 261 1892.77 50.7718 149.75 1902.07 11.7016
158.82 16.74 8 0.5 289.074 1478 2017 1478 122.999 1475.5 1511.8 0.0246036
158.82 16.74 8 0.75 1337.87 1848.25 10061 1848.25 119.434 1839.5 1873.5 0.0184817
158.82 33.47 8 0.5 137.36 1544 122 1544.12 122.246 1541 1546.67 0.00368051
158.82 33.47 8 0.75 111.187 1889.5 24 1889.62 97.8984 1889.5 1890.51 0.000533938
158.82 66.49 8 0.5 242.171 1550.5 375 1550.5 105.725 1085 1562.18 0.439796
158.82 66.49 8 0.75 119.119 1892.75 599 1892.75 45.9954 341 1901.89 4.57738
317.64 16.74 1 0.5 109.751 1887 200 1887 93.8615 1887 1890.19 0.00168969
317.64 16.74 1 0.75 112.133 2061 273 2061 78.6868 2059.5 2064.45 0.00240444
317.64 33.47 1 0.5 222.474 1889 551 1889.17 113.205 1886 1894.83 0.00467922
317.64 33.47 1 0.75 198.546 2062 493 2062.11 73.829 2062.75 2066.8 0.00196224
317.64 66.49 1 0.5 377.206 1889 1111 1889 70.089 1877.5 1900.81 0.0124173
317.64 66.49 1 0.75 263.926 2062 495 2062.12 68.8584 2061.75 2066.54 0.00232515
317.64 16.74 2 0.5 85.8656 1887 437 1887 66.1131 1887 1891.29 0.00227557
317.64 16.74 2 0.75 155.495 2061 309 2061 81.9328 2059.75 2064.27 0.00219302
317.64 33.47 2 0.5 306.25 1889 986 1889.16 83.2886 1890.5 1898.41 0.00418422
317.64 33.47 2 0.75 202.95 2062 1272 2062.14 72.6264 2060.75 2066.38 0.00273227
317.64 66.49 2 0.5 238.396 1889 627 1889 62.9084 862.5 1899.58 1.20242
317.64 66.49 2 0.75 212.419 2062 1172 2062.18 61.4444 2063.25 2066.93 0.0017816
317.64 16.74 3 0.5 168.756 1887 317 1887 84.3236 1887.5 1892.87 0.00284407
317.64 16.74 3 0.75 97.7957 2061 82 2061 85.0147 2061 2061.62 0.000301941
317.64 33.47 3 0.5 228.737 1889 1298 1889.17 90.0044 1885 1899.14 0.00750061
317.64 33.47 3 0.75 178.347 2062 252 2062.2 93.299 2062.25 2064.91 0.00129149
317.64 66.49 3 0.5 294.447 1889 838 1889.06 60.0518 1887.5 1900.61 0.00694674
317.64 66.49 3 0.75 245.902 2062 544 2062.11 54.7041 619.25 2067.85 2.33929
317.64 16.74 8 0.5 94.6067 1887 700 1887.09 76.1535 1885.5 1891.13 0.00298637
317.64 16.74 8 0.75 129.15 2061 554 2061 110.048 2060.25 2063.33 0.00149707
317.64 33.47 8 0.5 146.044 1889 356 1889.17 81.2578 1804.5 1895.95 0.0506783
317.64 33.47 8 0.75 341.939 2062 918 2062.16 82.7168 2062 2066.91 0.00238073
317.64 66.49 8 0.5 359.707 1889 940 1889 60.5768 1889 1898.6 0.00508134
317.64 66.49 8 0.75 254.873 2062 626 2062.11 64.4438 2061.5 2066.72 0.00253421
476.5 16.74 1 0.5 260.831 2120.5 1157 2120.5 90.7331 2121.5 2125.44 0.00185904
476.5 16.74 1 0.75 225.285 2177.75 1097 2177.75 72.2555 2176.25 2180.06 0.00175132
476.5 33.47 1 0.5 555.597 2120.5 1484 2120.68 70.1791 2117 2125.19 0.00386656
476.5 33.47 1 0.75 250.661 2177.75 1448 2177.75 67.6519 5.25 2180.16 414.269
476.5 66.49 1 0.5 341.568 2120.5 2157 2120.5 57.5412 2122.5 2124.84 0.00110456
476.5 66.49 1 0.75 214.779 2177.75 1519 2177.93 47.5749 2179.25 2181.12 0.000857955
476.5 16.74 2 0.5 231.99 2120.5 1894 2120.5 73.9787 2122 2125.59 0.00168963
476.5 16.74 2 0.75 255.617 2177.75 1251 2177.97 82.0008 2177.75 2179.87 0.000972743
476.5 33.47 2 0.5 228.873 2120.5 2400 2120.5 71.6773 2116.5 2125.36 0.00418512
476.5 33.47 2 0.75 293.024 2177.75 2314 2177.75 72.1232 2177.75 2180.37 0.00120501
476.5 66.49 2 0.5 231.818 2120.5 2344 2120.7 50.6566 2121 2125.27 0.00201479
476.5 66.49 2 0.75 300.233 2177.75 1161 2177.91 51.8482 2178.75 2180.3 0.000710023
476.5 16.74 3 0.5 198.068 2120.5 1761 2120.69 82.6603 34.5 2125.09 60.5969
476.5 16.74 3 0.75 239.854 2177.75 1354 2177.95 69.9947 51.75 2180.16 41.1287
476.5 33.47 3 0.5 263.885 2120.5 2200 2120.5 87.0135 2118 2125.13 0.00336466
476.5 33.47 3 0.75 356.181 2177.75 1062 2177.75 68.5583 34.5 2179.94 62.1868
476.5 66.49 3 0.5 341.708 2120.5 1444 2120.57 58.3435 2122 2125.7 0.00174157
476.5 66.49 3 0.75 234.743 2177.75 1907 2177.75 52.7341 39.75 2180.5 53.8554
476.5 16.74 8 0.5 172.545 2120.5 1298 2120.5 72.7017 2120.5 2125.33 0.00227937
476.5 16.74 8 0.75 245.338 2177.75 1747 2177.9 70.8186 2171 2180 0.00414436
476.5 33.47 8 0.5 281.423 2120.5 2249 2120.5 86.3498 2120.5 2124.87 0.00206057
476.5 33.47 8 0.75 257.791 2177.75 1487 2177.95 65.7039 2160.75 2180.25 0.00902614
476.5 66.49 8 0.5 291.641 2120.5 1401 2120.5 61.5869 70 2125.23 29.3604
476.5 66.49 8 0.75 275.477 2177.75 1065 2177.75 55.6274 2178.25 2180.13 0.000862625
