L,D,C,PC,time,OPT,node_cnt,obj_bnd,root_time,root_obj,root_bnd,root_gap
173,16.46,1,0.5,500.414,1846.5,350,1846.5,455.565,1846.5,1865.42,0.0102489
173,16.46,1,0.75,536.07,2198,240,2198.12,479.895,2191.75,2226.58,0.0158903
173,32.91,1,0.5,1127.35,1910,383,1910,479.033,1916,1944.2,0.0147161
173,32.91,1,0.75,1383.83,2273.75,684,2273.75,407.785,2263.5,2317.16,0.0237084
173,65.82,1,0.5,923.19,1910,353,1910,312.175,1923.5,1946.1,0.0117497
173,65.82,1,0.75,1056.36,2273.75,556,2273.77,283.798,132.75,2325.81,16.5202
173,16.46,2,0.5,427.803,2106,248,2106,374.316,2106,2121.03,0.00713888
173,16.46,2,0.75,574.608,2599.5,470,2599.71,516.176,2599.5,2616.44,0.00651638
173,32.91,2,0.5,1206.28,2186.5,818,2186.5,384.155,2174,2209.53,0.0163432
173,32.91,2,0.75,1058.98,2684.75,1001,2684.75,418.456,2682.25,2696.48,0.00530688
173,65.82,2,0.5,2482.48,2186.5,1308,2186.5,321.869,138,2212.47,15.0324
173,65.82,2,0.75,1673.39,2684.75,745,2685,293.867,2596.75,2700.88,0.0401015
173,16.46,4,0.5,525.98,2124.5,1745,2124.5,377.383,2122,2152.75,0.0144903
173,16.46,4,0.75,1312.38,2650.25,4120,2650.25,444.29,2647.5,2671.63,0.00911375
173,32.91,4,0.5,857.794,2194.5,280,2194.67,406.77,2166,2210.74,0.0206551
173,32.91,4,0.75,711.176,2690.25,476,2690.28,430.535,2683.75,2696.73,0.0048348
173,65.82,4,0.5,1419.01,2194.5,513,2194.54,280.846,530,2218.71,3.18624
173,65.82,4,0.75,1343.77,2690.25,903,2690.27,265.491,309,2702.41,7.74566
173,16.46,10,0.5,487.875,2124.5,708,2124.5,405.245,2124,2149.4,0.0119594
173,16.46,10,0.75,2181.05,2651.75,5413,2651.75,557.579,2646.25,2677.1,0.0116564
173,32.91,10,0.5,714.484,2194.5,384,2194.69,445.4,2181,2207.85,0.0123099
173,32.91,10,0.75,819.213,2690.25,592,2690.48,392.657,2673,2698.24,0.00944441
173,65.82,10,0.5,2542.38,2194.5,870,2194.5,322.769,933.5,2216.88,1.37481
173,65.82,10,0.75,1360.96,2690.25,455,2690.43,259.839,2671.25,2700.99,0.0111343
345.99,16.46,1,0.5,1482.15,2684.5,1495,2684.69,330.852,2687.5,2701.77,0.00531152
345.99,16.46,1,0.75,647.504,2935,497,2935.26,340.977,2930.25,2939.66,0.00321185
-,-,-,-,-,-,-,-,-,-,-,-
345.99,32.91,1,0.75,2539.6,2936.75,1236,2936.85,372.277,2925.5,2943.16,0.00603782
-,-,-,-,-,-,-,-,-,-,-,-
345.99,65.82,1,0.75,3045.16,2936.75,1425,2936.82,223.856,270.25,2945.93,9.90076
345.99,16.46,2,0.5,978.764,2684.5,1049,2684.56,299.097,97,2702.85,26.8644
345.99,16.46,2,0.75,957.527,2935.25,581,2935.29,371.514,2933.5,2939.71,0.00211656
345.99,32.91,2,0.5,1762.62,2687.5,1281,2687.68,285.829,287,2707.9,8.43518
345.99,32.91,2,0.75,2525.74,2936.75,1551,2936.82,298.207,347.5,2943.92,7.47172
345.99,65.82,2,0.5,1864.54,2687.5,1117,2687.75,239.472,291.5,2708.13,8.29032
-,-,-,-,-,-,-,-,-,-,-,-
345.99,16.46,4,0.5,758.845,2684.5,618,2684.51,292.528,998,2700.37,1.70578
345.99,16.46,4,0.75,702.967,2935.25,1302,2935.33,288.791,68.25,2941.57,42.0999
345.99,32.91,4,0.5,3358.26,2687.5,1488,2687.7,399.933,2686,2701.97,0.00594429
345.99,32.91,4,0.75,2216.76,2936.75,1439,2936.75,348.421,531.25,2944.69,4.54294
-,-,-,-,-,-,-,-,-,-,-,-
345.99 65.82 4 0.75 3166.46 2936.75 2040 2936.87 219.334 1715.5 2946.13 0.717362
345.99 16.46 10 0.5 914.396 2684.5 791 2684.6 295.809 108 2696.58 23.9684
345.99 16.46 10 0.75 619.698 2935.25 369 2935.4 331.051 2931.25 2938.83 0.0025843
345.99 32.91 10 0.5 2259.71 2687.5 1113 2687.73 326.706 2636.5 2701.54 0.0246679
345.99 32.91 10 0.75 1567.65 2936.75 2037 2936.81 310.496 1030.5 2943.93 1.8568
345.99 65.82 10 0.5 2234.41 2687.5 1604 2687.62 225.33 689.5 2705.72 2.92418
345.99 65.82 10 0.75 >3600 (0.012369) 1272 2945.23 201.47 2909.25 2946.3 0.0127339
518.98 16.46 1 0.5 777.529 3031.5 718 3031.66 242.645 3034 3036.08 0.000685524
518.98 16.46 1 0.75 1597.77 3108.75 957 3108.99 229.965 3109.25 3111.43 0.000699712
518.98 32.91 1 0.5 1232.54 3031.5 825 3031.5 228.718 1098 3036.73 1.76569
518.98 32.91 1 0.75 1129.28 3108.75 800 3109.05 247.811 1714 3111.4 0.815284
518.98 65.82 1 0.5 839.495 3031.5 898 3031.5 164.737 3035.5 3036.48 0.000322761
518.98 65.82 1 0.75 824.524 3108.75 683 3109.04 174.35 2955.5 3111.25 0.052698
518.98 16.46 2 0.5 1120.82 3031.5 775 3031.63 228.029 1484 3037.42 1.04678
518.98 16.46 2 0.75 1580.56 3108.75 748 3109.06 225.315 1286.5 3111.38 1.41848
518.98 32.91 2 0.75 1213.97 3108.75 780 3109.04 232.491 397.5 3111.37 6.82735
518.98 65.82 2 0.5 1165.39 3031.5 854 3031.74 164.719 3028 3036.79 0.00290401
518.98 65.82 2 0.75 1072.09 3108.75 790 3109.06 175.605 3110.5 3111.53 0.000332631
518.98 16.46 4 0.5 1467.49 3031.5 1109 3031.61 230.989 2095 3037.05 0.449664
518.98 16.46 4 0.75 1028.62 3108.75 898 3109.05 229.89 68.25 3111.38 44.588
518.98 32.91 4 0.5 2588.73 3031.5 1365 3031.5 233.438 1548 3036.82 0.96177
518.98 32.91 4 0.75 1038.71 3108.75 928 3109.04 241.217 1760 3111.44 0.767862
518.98 65.82 4 0.5 1656.13 3031.5 959 3031.71 164.774 3035 3036.82 0.000598972
518.98 65.82 4 0.75 1193.61 3108.75 1007 3109.05 167.076 63.75 3111.57 47.8089
518.98 16.46 10 0.5 1156.62 3031.5 1077 3031.7 222.6 1309 3036.82 1.31995
518.98 16.46 10 0.75 1189.91 3108.75 1288 3109.03 226.041 162 3111.48 18.2067
518.98 32.91 10 0.5 1364.42 3031.5 852 3031.74 232.694 3033 3037.21 0.00138644
518.98 32.91 10 0.75 1415.94 3108.75 761 3108.96 236.182 1779.25 3111.34 0.748678
518.98 65.82 10 0.5 880.019 3031.5 715 3031.57 161.765 1440.5 3036.91 1.10823
518.98 65.82 10 0.75 1073.51 3108.75 787 3109 158.528 1151.25 3111.5 1.70271
