L,D,C,PC,time,OPT,node_count,obj_bound,root_time,root_bestobj,root_bestbound,root_gap,Biter,Bcuts,time_slave,Siter,Scuts,time_subtour,Sroot_iter,Srootfrac_cuts,time_sub_root,LP_time,LP_obj
2220.53,248.23,1,0.5,512.122,5761,390,5761,461.932,5751,5866.92,0.0201568,341,47,2.17344,341,2346,0.430807,21,630,0.436299,248.113,5932.5
2220.53,248.23,1,0.75,677.029,6727.25,1504,6727.25,566.16,6721.75,6882.55,0.0239216,904,80,5.64884,904,3956,0.556576,7,205,0.17711,273.17,6922.25
2220.53,496.46,1,0.5,625.513,6124,120,6124,460.333,136,6214.41,44.6942,162,2,2.55866,162,4184,0.635586,0,0,0,295.26,6275.5
2220.53,496.46,1,0.75,638.511,7251.25,126,7251.25,422.138,3574.5,7332.26,1.05127,170,6,3.43199,170,5077,0.917598,0,0,0,237.566,7460
2220.53,992.92,1,0.5,477.38,6124,127,6124,301.375,2340.5,6261.26,1.67518,161,0,3.5664,161,5234,0.782707,0,0,0,176.4,6342.5
2220.53,992.92,1,0.75,487.792,7250.75,142,7251.26,297.82,2733.25,7408.3,1.71044,168,0,4.59876,168,5505,0.699312,0,0,0,211.546,7524.75
2220.53,248.23,2,0.5,833.006,6123.5,3309,6123.5,611.796,6122.5,6222.62,0.0163527,1852,78,11.5761,1852,3892,0.737793,12,275,0.308706,312.618,6251.5
2220.53,248.23,2,0.75,1886.04,7364.75,2861,7364.75,781.013,7324.5,7513.78,0.0258421,1778,241,16.1777,1778,3055,0.41275,11,590,0.428164,1080.71,7499.25
2220.53,496.46,2,0.5,457.244,6577.5,576,6577.99,401.392,6577.5,6604.43,0.00409359,437,2,5.01932,437,6332,0.609534,37,1097,0.416537,431.547,6633.5
2220.53,496.46,2,0.75,1017.51,7892.75,159,7893.52,458.523,486,7939.31,15.336,205,1,3.65878,205,6370,0.990888,0,0,0,438.093,7920.25
2220.53,992.92,2,0.5,685.463,6577.5,532,6577.69,549.206,6522.5,6621.13,0.0151216,515,0,13.2725,515,9351,1.11583,5,127,0.071666,359.86,6645.5
2220.53,992.92,2,0.75,632.263,7892.75,266,7892.75,317.809,330,7947.35,23.0829,277,0,8.76996,277,6333,0.706541,0,0,0,343.852,7926.75
2220.53,248.23,4,0.5,522.031,6201.5,638,6201.5,477.265,6200.5,6244.92,0.0071635,478,15,0.949413,478,1274,0.216835,26,1002,0.354719,285.335,6251.5
2220.53,248.23,4,0.75,>3600,(0.00969507),1708,7593.41,921.1,7495.5,7669.7,0.0232406,1474,218,7.53207,1474,1707,0.296276,4,108,0.129373,3600.04,7564.25
2220.53,496.46,4,0.5,1539.62,6577.5,125,6578.05,1497.18,6577.5,6589.17,0.00177362,205,2,1.60182,205,6354,2.43088,16,362,0.133736,339.6,6633.5
2220.53,496.46,4,0.75,1792.88,7892.75,383,7893.5,528.152,805.5,7935.92,8.85217,442,3,4.43292,442,11905,1.72719,0,0,0,351.565,7920.25
2220.53,992.92,4,0.5,2055.55,6577.5,585,6577.5,300.7,397.5,6671.62,15.7839,634,0,11.952,634,13249,0.992965,0,0,0,340.906,6645.5
2220.53,992.92,4,0.75,737.099,7892.75,497,7893.29,274.547,582.75,7952,12.6456,430,1,6.51412,430,8604,0.634265,0,0,0,353.578,7926.75
2220.53,248.23,10,0.5,486.58,6224,1,6224,447.175,6224,6225.54,0.000247209,138,0,0.166093,138,716,0.145477,66,2036,0.499655,303.96,6251.5
2220.53,248.23,10,0.75,2353.96,7548.5,5478,7549.23,557.348,7539,7665.89,0.0168306,3387,28,7.17855,3387,2016,0.523195,2,58,0.06706,3600.05,7570.25
2220.53,496.46,10,0.5,824.851,6577.5,144,6577.5,442.832,851,6671.64,6.83976,178,3,1.08821,178,5000,0.652107,0,0,0,435.089,6633.5
2220.53,496.46,10,0.75,1069.11,7892.75,266,7893.46,414.982,1998.75,7943.86,2.97441,302,2,1.40034,302,6080,0.669985,0,0,0,360.515,7920.25
2220.53,992.92,10,0.5,876.108,6577.5,240,6577.79,324.238,921.5,6674.39,6.24296,279,0,3.15312,279,7916,0.749667,0,0,0,349.141,6645.5
2220.53,992.92,10,0.75,1529.68,7892.75,275,7892.75,1287.1,7824.75,7909.89,0.0108815,327,0,3.91112,327,7483,1.36175,7,223,0.153823,361.975,7926.75
4441.07,248.23,1,0.5,637.626,7825,470,7825,335.258,3233.5,7924.29,1.45068,377,28,1.1638,377,5372,1.83052,0,0,0,357.43,7920
4441.07,248.23,1,0.75,641.959,8512.5,39,8513.09,601.848,8512.5,8515.8,0.000387845,109,16,0.394101,109,2809,1.45525,19,889,0.411636,398.998,8558.5
4441.07,496.46,1,0.5,580.497,7975.5,194,7976.28,385.596,7968.5,8004.77,0.0045514,240,2,2.14152,240,6171,2.39581,1,19,0.027646,450.015,8074.5
4441.07,496.46,1,0.75,593.982,8591.25,194,8592.09,380.169,1642,8605.55,4.24089,235,3,2.03558,235,6561,2.65961,0,0,0,553.791,8640.75
4441.07,992.92,1,0.5,941.359,7975.5,663,7975.5,302.778,1874,8014.5,3.27668,605,0,8.05698,605,17783,2.79488,0,0,0,566.49,8075
4441.07,992.92,1,0.75,739.394,8591.75,295,8592.6,281.604,2202,8608.92,2.90959,351,0,5.52285,351,9905,3.04266,0,0,0,383.494,8641.5
4441.07,248.23,2,0.5,470.325,7835.5,337,7835.5,421.609,7823.5,7843.57,0.00256576,350,4,0.463216,350,2923,1.05644,39,1912,0.97342,474.795,7920
4441.07,248.23,2,0.75,746.317,8520,153,8520.82,429.51,5549,8549.83,0.540788,201,9,0.369019,201,5784,2.68713,0,0,0,449.43,8558.75
4441.07,496.46,2,0.5,455.415,7975.5,618,7975.82,373.109,7956,7981.22,0.0031699,554,3,2.05463,554,17698,1.63622,17,664,0.421595,494.945,8074.5
4441.07,496.46,2,0.75,506.441,8591.75,389,8592.39,410.037,8589,8600.59,0.00134892,378,2,2.06484,378,7642,1.61585,1,65,0.026628,496.33,8640.75
4441.07,992.92,2,0.5,627.576,7975.5,379,7976.15,284.977,2180.5,8014.16,2.67538,357,0,3.19954,357,9516,2.68727,0,0,0,516.239,8075
4441.07,992.92,2,0.75,1220.07,8591.75,315,8592.57,272.71,2743.5,8610.95,2.13867,373,0,3.83178,373,11202,3.89914,0,0,0,577.886,8641.5
4441.07,248.23,4,0.5,639.929,7835.5,136,7836.19,335.774,148.5,7923.55,52.3572,171,1,0.241276,171,4758,1.23841,0,0,0,418.864,7920
4441.07,248.23,4,0.75,444.845,8520,96,8520.78,404.118,8520,8523.38,0.000396343,145,2,0.187095,145,2950,1.95073,23,1429,0.46325,427.012,8558.75
4441.07,496.46,4,0.5,637.777,7975.5,248,7975.5,349.025,1887,8002.41,3.24081,295,0,1.21347,295,6580,2.06121,0,0,0,565.192,8074.5
4441.07,496.46,4,0.75,677.18,8591.25,386,8592.04,374.504,8569.75,8604.09,0.0040069,450,1,1.78912,450,10490,2.57998,0,0,0,467.703,8640.5
4441.07,992.92,4,0.5,538.605,7975.5,211,7976.29,272.494,2524.5,8008.52,2.17232,259,0,2.09763,259,7004,1.51313,0,0,0,480.05,8075
4441.07,992.92,4,0.75,1229.95,8591.75,735,8592.1,271.86,3201.75,8609.07,1.68886,681,1,4.57784,681,19827,3.86215,0,0,0,484.214,8641.5
4441.07,248.23,10,0.5,443.844,7835.5,130,7835.65,399.682,7835.5,7843.18,0.000979733,147,0,0.16669,147,3144,1.29111,19,903,0.39202,411.282,7920
4441.07,248.23,10,0.75,413.934,8520,131,8520.58,375.841,8520,8523.57,0.000419497,155,0,0.163441,155,2892,1.11599,14,514,0.259434,371.386,8558.75
4441.07,496.46,10,0.5,712.555,7975.5,519,7975.84,371.369,1842,8004.53,3.34556,493,0,1.57135,493,15842,1.81728,0,0,0,488.986,8074.5
4441.07,496.46,10,0.75,599.158,8591.75,147,8592.58,368.969,5802.5,8607.99,0.483496,201,0,0.651484,201,6905,2.4744,0,0,0,560.395,8640.75
4441.07,992.92,10,0.5,533.819,7975.5,223,7975.91,242.684,7997.5,8041.4,0.00548979,249,0,1.55455,249,5908,1.66863,0,0,0,379.116,8075
4441.07,992.92,10,0.75,1120.49,8591.75,509,8592.46,268.33,1115.25,8608.51,6.71891,553,0,3.47299,553,16226,1.97583,0,0,0,407.298,8641.5
6661.61,248.23,1,0.5,367.291,8821,393,8821.72,304.46,8809,8826.08,0.00193914,416,6,0.459613,416,12925,2.47552,19,1233,0.724157,233.338,8950.5
6661.61,248.23,1,0.75,368.986,9014.5,360,9015.25,307.101,9001.5,9016.85,0.00170534,397,5,0.447452,397,8561,3.26871,8,560,0.286527,232.392,9079.25
6661.61,496.46,1,0.5,688.069,8823.5,480,8824.27,320.866,8769.5,8842.53,0.00832764,546,0,2.55089,546,11354,4.84695,2,39,0.071187,223.587,8979.5
6661.61,496.46,1,0.75,821.234,9015.75,795,9016.36,316.992,8957.25,9024.6,0.00751934,776,0,3.29828,776,15770,5.74302,3,196,0.103102,217.037,9093.75
6661.61,992.92,1,0.5,565.096,8823.5,498,8824.04,231.983,39.5,8845.82,222.945,497,0,4.46087,497,14135,3.70041,1,100,0.037317,164.469,8979.5
6661.61,992.92,1,0.75,845.296,9015.75,874,9016.56,224.828,2676,9025.55,2.37278,929,0,7.68397,929,18042,3.34213,0,0,0,168.232,9093.75
6661.61,248.23,2,0.5,544.377,8820.82,411,8821.55,304.167,5628.5,8836.2,0.569903,429,2,0.517046,429,11577,4.05878,0,0,0,243.27,8950.5
6661.61,248.23,2,0.75,540.62,9014.5,382,9015.4,284.177,8984,9021.22,0.00414241,428,1,0.477354,428,6451,3.36052,0,0,0,237.476,9079.25
6661.61,496.46,2,0.5,580.894,8823.5,487,8824.11,308.023,8819.5,8842.97,0.00266143,510,0,1.64151,510,12510,4.71919,1,42,0.032816,221.974,8979.5
6661.61,496.46,2,0.75,697.632,9015.75,345,9016.57,330.608,134.25,9021.59,66.1999,447,0,1.30909,447,12149,6.64977,4,136,0.14255,222.684,9093.75
6661.61,992.92,2,0.5,935.485,8823.5,876,8824.2,202.634,8769.5,8857.79,0.0100679,814,0,5.32153,814,26419,4.10854,0,0,0,169.63,8979.5
6661.61,992.92,2,0.75,847.72,9015.75,636,9016.56,217.393,122.25,9024.84,72.8228,709,0,4.23131,709,20972,3.41214,0,0,0,165.021,9093.75
6661.61,248.23,4,0.5,832.636,8821,505,8821.76,315.882,1524.5,8835.83,4.79589,569,0,0.625741,569,17652,4.91971,2,137,0.07296,229.063,8950.5
6661.61,248.23,4,0.75,608.34,9013.91,492,9014.76,293.608,8946,9021.12,0.00839715,527,0,0.550989,527,12062,4.07606,1,115,0.036243,232.419,9079.25
6661.61,496.46,4,0.5,897.418,8823.5,533,8823.5,284.804,117,8842,74.5727,554,0,1.55157,554,16420,4.0541,0,0,0,222.013,8979.5
6661.61,496.46,4,0.75,672.514,9015.75,503,9016.51,290.05,175.5,9021.48,50.4045,558,0,1.72683,558,14985,5.39417,3,300,0.105554,222.089,9093.75
6661.61,992.92,4,0.5,1168.27,8823.5,728,8823.5,220.767,143,8842.25,60.8339,751,0,4.79707,751,15882,4.11816,0,0,0,172.813,8979.5
6661.61,992.92,4,0.75,755.126,9015.75,734,9016.56,233,214.5,9024.33,41.0715,703,0,4.33695,703,19443,4.50868,0,0,0,160.383,9093.75
6661.61,248.23,10,0.5,717.932,8821,509,8821.49,313.105,6304.5,8833.7,0.401174,538,0,0.596242,538,15985,4.46068,0,0,0,237.402,8950.5
6661.61,248.23,10,0.75,366.953,9014.5,297,9015.31,315.643,9012.5,9017.39,0.000542753,306,0,0.28283,306,9288,2.73755,21,765,0.736037,234.775,9079.25
6661.61,496.46,10,0.5,923.107,8823.5,681,8823.88,323.748,260.5,8845.44,32.9556,708,0,1.79191,708,19009,4.5089,0,0,0,236.255,8979.5
6661.61,496.46,10,0.75,612.776,9015.75,374,9016.65,332.789,8971.75,9023.82,0.00580363,421,0,1.17727,421,13117,5.33938,2,65,0.069935,223.661,9093.75
6661.61,992.92,10,0.5,977.532,8823.5,581,8824.07,240.708,8813.5,8843.44,0.00339742,643,18,2.90198,643,17255,4.49737,2,45,0.070368,167.606,8979.5
6661.61,992.92,10,0.75,781.799,9015.75,624,9016.49,224.327,443.25,9028.31,19.3684,667,0,3.34338,667,19801,4.19031,0,0,0,170.747,9093.75
