L D C PC time OPT node_count obj_bound root_time root_bestobj root_bestbound root_gap Siter Scuts time_subtour Sroot_iter Srootfrac_cuts time_sub_root LP_time LP_obj
1632.73 179.66 1 0.5 314.343 3795 5816 3795 91.974 3712 4013.48 0.0812183 4053 5993 0.577603 11 1 0.197795 12.7835 4262.5
1632.73 179.66 1 0.75 1080.1 4462.75 12993 4462.77 43.321 1092.25 4838.21 3.42958 7548 9549 1.07421 0 0 0 13.3018 5041.25
1632.73 359.31 1 0.5 114.987 4302.5 175 4302.5 111.966 4237.5 4335.67 0.023168 179 1218 0.137858 26 30 0.332113 7.46436 4775
1632.73 359.31 1 0.75 179.665 5146.25 489 5146.25 173.11 5107 5185.4 0.0153523 393 2439 0.241125 23 41 0.324363 5.47498 5683.25
1632.73 718.62 1 0.5 77.0401 4302.5 662 4302.5 6.81682 3210.5 4433.08 0.380805 555 2943 0.090522 0 0 0 2.41259 4887
1632.73 718.62 1 0.75 100.82 5146.25 1019 5146.25 7.32668 3811.25 5291.01 0.388262 875 4064 0.247389 3 0 0.014271 3.37611 5806.5
1632.73 179.66 2 0.5 1173.05 4249 5660 4249 67.1267 1665 4517.31 1.7131 3641 8012 0.667813 4 0 0.067682 69.4428 4636
1632.73 179.66 2 0.75 >3600 (0.0127978) 9479 5373.91 59.7107 2091.5 5660.33 1.70635 6657 13113 1.14083 0 0 0 57.1202 5784.75
1632.73 359.31 2 0.5 92.0967 5002 81 5002 38.9882 4519 5130.2 0.13525 88 760 0.034914 0 0 0 32.366 5183.5
1632.73 359.31 2 0.75 86.8972 6207.25 217 6207.58 78.7476 6165.75 6222.23 0.00916066 200 901 0.07761 7 50 0.112203 20.1594 6340
1632.73 718.62 2 0.5 84.3063 5002 592 5002 15.7092 4493 5068.71 0.128135 495 2011 0.160875 1 0 0.006463 11.0916 5294.5
1632.73 718.62 2 0.75 111.18 6207.25 595 6207.25 11.1716 5535.25 6260.33 0.130993 509 2327 0.172044 0 0 0 9.54753 6391
1632.73 179.66 3 0.5 >3600 (0.0223234) 3610 4450.17 55.8236 3911.5 4705.85 0.203079 3059 16050 0.575789 1 0 0.016401 93.7867 4726
1632.73 179.66 3 0.75 >3600 (0.019979) 6716 5751.41 50.1851 1708.5 6019.49 2.52326 5764 10050 1.02295 0 0 0 136.073 6053
1632.73 359.31 3 0.5 99.6864 5069.5 319 5069.5 28.2342 4862 5177.55 0.0649019 282 1687 0.067522 0 0 0 10.9889 5205.5
1632.73 359.31 3 0.75 128.824 6285.25 300 6285.86 68.6266 6170.25 6305.9 0.021985 247 1344 0.082831 0 0 0 8.76585 6353.25
1632.73 718.62 3 0.5 201.966 5069.5 1112 5069.5 7.7264 4289 5126.35 0.195233 1017 5520 0.242198 0 0 0 4.27532 5295
1632.73 718.62 3 0.75 171.242 6285.25 722 6285.25 8.28403 5674 6313.05 0.112628 666 4763 0.146743 1 33 0.004517 5.49829 6393.25
1632.73 179.66 8 0.5 >3600 (0.00560633) 10000 4447.8 45.8826 1572 4673.07 1.97269 7454 27545 0.98147 0 0 0 32.2312 4755
1632.73 179.66 8 0.75 3375.78 5877.5 3840 5877.5 47.7923 5182.75 6065.27 0.17028 2579 21337 0.360825 0 0 0 48.5302 6106.75
1632.73 359.31 8 0.5 66.0644 5069.5 234 5069.5 23.9799 5120.5 5170.93 0.00984834 173 1993 0.073818 0 0 0 7.72693 5205.5
1632.73 359.31 8 0.75 168.269 6285.25 287 6285.25 155.613 6212.75 6294.77 0.0132013 275 1698 0.183966 5 15 0.095771 18.8307 6353.25
1632.73 718.62 8 0.5 112.415 5069.5 789 5069.5 4.09572 4595.5 5122.96 0.114777 696 4518 0.163971 3 33 0.010357 3.29775 5295
1632.73 718.62 8 0.75 114.966 6285.25 1300 6285.87 3.3971 6036.25 6316.22 0.0463816 1137 6207 0.199051 0 0 0 3.67771 6393.25
3265.45 179.66 1 0.5 185.903 6112.5 755 6112.5 40.3901 5587 6173.11 0.104905 618 7537 0.308003 4 0 0.073099 15.6159 6283
3265.45 179.66 1 0.75 465.888 6805.25 669 6805.25 44.3734 4769 6834.06 0.433018 631 7459 0.953581 3 0 0.060244 18.2836 6892
3265.45 359.31 1 0.5 854.599 6154.5 983 6154.5 166.528 5895 6211.26 0.0536483 933 7439 0.58324 11 0 0.157834 39.5563 6361.5
3265.45 359.31 1 0.75 675.175 6827.75 1039 6827.75 146.63 6329.75 6857.56 0.0833849 1009 6850 0.730751 6 31 0.097116 19.6412 6931.25
3265.45 718.62 1 0.5 2606.98 6154.5 2146 6154.5 2.37051 1230 6270.82 4.09823 2081 17924 1.01752 0 0 0 5.26199 6348.5
3265.45 718.62 1 0.75 976.059 6827.75 1666 6827.75 1.66367 1399.5 6899.27 3.92981 1550 13800 1.00816 0 0 0 4.19287 6924.75
3265.45 179.66 2 0.5 291.026 6124 399 6124.59 26.6463 1428.5 6178.07 3.32486 422 6791 0.545763 1 0 0.020081 19.8784 6283
3265.45 179.66 2 0.75 280.29 6812.5 454 6813.09 41.8783 5071.25 6834.72 0.347739 476 4516 0.65774 4 0 0.079069 20.7497 6892
3265.45 359.31 2 0.5 1037.51 6154.5 1504 6154.5 109.851 5544.5 6224.22 0.122593 1301 12651 0.917008 3 0 0.042294 44.0091 6361.5
3265.45 359.31 2 0.75 225.851 6827.75 825 6827.75 145.878 6411 6855.9 0.0693959 675 3080 0.535767 6 31 0.090357 20.1572 6931.25
3265.45 718.62 2 0.5 >3600 (0.0479708) 2241 6182.5 2.53132 3258 6265.68 0.923167 2286 25993 1.07692 0 0 0 6.05817 6348.5
3265.45 718.62 2 0.75 2460.25 6827.75 3231 6827.75 2.29807 2305 6883.92 1.98652 3038 22867 0.81761 0 0 0 5.79241 6924.75
3265.45 179.66 3 0.5 2255.12 6124 836 6124 41.7984 5982 6182.55 0.0335257 724 13357 0.492725 1 0 0.020257 20.4495 6283
3265.45 179.66 3 0.75 828.824 6812.5 1304 6812.68 38.3552 5931.25 6839.74 0.153171 1285 12298 0.932953 4 5 0.071027 21.1724 6892
3265.45 359.31 3 0.5 925.177 6154.5 1112 6154.5 165.222 5455 6202.77 0.137081 1009 10441 0.949643 8 25 0.1271 49.4933 6361.5
3265.45 359.31 3 0.75 242.479 6827.75 834 6827.75 159.945 6567.5 6851.21 0.0431984 688 3493 0.523749 9 2 0.151232 19.2851 6931.25
3265.45 718.62 3 0.5 1258.72 6154.5 2548 6154.5 2.05399 3161 6277.9 0.986048 2292 17895 0.720762 0 0 0 6.47368 6348.5
3265.45 718.62 3 0.75 878.43 6827.75 2460 6827.75 2.08595 3016.75 6885.98 1.28258 2169 15902 0.440584 0 0 0 4.48417 6924.75
3265.45 179.66 8 0.5 213.126 6124 536 6124.35 29.0665 2833.5 6190.18 1.18464 501 6873 0.343651 3 0 0.044058 15.9335 6283
3265.45 179.66 8 0.75 814.574 6812.5 656 6812.5 47.74 6122 6841.34 0.117501 676 9003 0.935589 6 0 0.102541 19.2991 6892
3265.45 359.31 8 0.5 454.295 6154.5 1717 6154.5 161.177 5266.5 6209.22 0.179003 1512 7600 0.704037 13 7 0.207231 38.4519 6361.5
3265.45 359.31 8 0.75 287.223 6827.75 1139 6828.2 103.902 5562 6857.05 0.232838 964 4623 0.446632 3 0 0.045327 28.6122 6931.25
3265.45 718.62 8 0.5 2034.18 6154.5 4481 6154.5 1.87796 5363 6277.91 0.170596 3904 27028 0.967166 0 0 0 6.30666 6348.5
3265.45 718.62 8 0.75 1533.11 6827.75 3313 6827.75 1.46427 5094.75 6894.1 0.353177 2797 25647 0.625079 0 0 0 4.71491 6924.75
4898.18 179.66 1 0.5 140.136 7052.5 6296 7052.5 40.9288 6877 7088.32 0.0307292 4289 2897 1.18005 4 8 0.096434 7.67892 7197
4898.18 179.66 1 0.75 111.931 7276.75 10960 7277.24 22.3728 2233.75 7298.11 2.2672 7415 3844 1.26572 2 16 0.038048 9.70646 7349
4898.18 359.31 1 0.5 156.438 7052.5 8223 7053.17 59.0922 6828.5 7094.19 0.0389085 5393 3188 1.02583 0 0 0 35.6068 7187.27
4898.18 359.31 1 0.75 187.457 7276.75 9221 7277.4 91.784 7171.75 7292.88 0.0168897 5831 3004 1.13681 1 0 0.018969 47.9382 7344.25
4898.18 718.62 1 0.5 182.975 7052.5 12240 7053.19 1.29053 986.5 7151.58 6.24945 8702 8382 1.77215 0 0 0 3.62933 7185
4898.18 718.62 1 0.75 149.686 7276.75 16190 7277.32 1.26076 1517.5 7326.29 3.82787 11737 8216 1.74927 0 0 0 3.88316 7343
4898.18 179.66 2 0.5 126.959 7052.5 7882 7052.96 33.052 3946.5 7092.4 0.797137 5366 3779 1.1094 2 0 0.045789 7.26245 7197
4898.18 179.66 2 0.75 116.652 7276.75 12687 7277.37 31.4887 6265 7298.74 0.165002 8401 3156 1.50902 3 0 0.064416 12.1434 7349
4898.18 359.31 2 0.5 187.068 7052.5 7626 7052.5 85.4138 6918.5 7086.54 0.0242878 4909 2493 0.986324 5 29 0.096251 27.0199 7187.5
4898.18 359.31 2 0.75 221.805 7276.75 5613 7277.44 124.764 7178 7293.28 0.0160599 3769 2458 0.832417 1 5 0.023989 47.0274 7343.76
4898.18 718.62 2 0.5 141.582 7052.5 6387 7052.5 1.17333 1434.5 7151.58 3.98542 4361 6710 0.822382 0 0 0 4.68362 7185
4898.18 718.62 2 0.75 330.753 7276.75 18103 7277.4 1.32738 1899.75 7326.29 2.85645 12330 9657 2.26409 0 0 0 5.19118 7343
4898.18 179.66 3 0.5 129.759 7052.5 7381 7052.5 27.6478 7045 7104.77 0.00848435 5045 4397 1.14081 1 0 0.020516 8.84642 7197
4898.18 179.66 3 0.75 109.427 7276.75 11031 7277.25 15.1057 5399.25 7311.98 0.354258 7594 5427 1.38782 0 0 0 12.863 7349
4898.18 359.31 3 0.5 155.379 7052.5 6452 7052.5 53.6344 6828.5 7094.19 0.0389085 4085 3083 0.831962 0 0 0 34.2124 7187.5
4898.18 359.31 3 0.75 205.004 7276.75 6707 7277.26 114.005 7175 7293.28 0.0164847 4285 2132 0.875361 0 0 0 48.76 7344.25
4898.18 718.62 3 0.5 163.236 7052.5 12700 7052.76 1.30444 1849 7151.58 2.86781 8593 6317 1.37896 0 0 0 5.35484 7185
4898.18 718.62 3 0.75 199.544 7276.75 9553 7277.4 1.24159 2884 7326.29 1.54032 6752 9664 1.14373 0 0 0 6.10455 7343
4898.18 179.66 8 0.5 128.156 7052.5 15394 7053.17 15.6007 4783.5 7122.95 0.489067 10540 7042 1.77395 0 0 0 8.19738 7197
4898.18 179.66 8 0.75 102.769 7276.75 5413 7276.95 25.2695 7223 7299.07 0.0105318 3830 4206 0.875356 1 0 0.019162 7.19083 7349
4898.18 359.31 8 0.5 157.609 7052.5 7425 7052.5 59.9342 6946 7093.24 0.0211976 4803 3647 1.06682 0 0 0 36.6725 7187.5
4898.18 359.31 8 0.75 205.645 7276.75 4833 7277.04 117.953 7177 7293.28 0.0162015 2995 2257 0.610174 0 0 0 52.8708 7344.25
4898.18 718.62 8 0.5 226.447 7052.5 24345 7053.02 1.21392 4088 7151.58 0.749408 15142 5326 2.48943 0 0 0 5.36742 7185
4898.18 718.62 8 0.75 290.094 7276.75 17528 7277.42 1.24499 5265.25 7326.29 0.391442 11794 7837 1.83397 0 0 0 5.72759 7343
