L D C PC time OPT node_count obj_bound root_time root_bestobj root_bestbound root_gap Siter Scuts time_subtour Sroot_iter Srootfrac_cuts time_sub_root LP_time LP_obj
194.11 16.46 1 0.5 147.973 1851.5 339 1851.5 141.387 1819 1863.98 0.0247267 271 1041 0.229892 15 1 0.389737 50.3561 1979.5
194.11 16.46 1 0.75 237.405 2190.5 409 2190.5 233.788 2189 2202.65 0.00623363 301 1140 0.310146 27 24 0.698231 52.6316 2324.25
194.11 32.91 1 0.5 709.751 1909.5 433 1909.61 636.939 1716.5 1925.38 0.121692 401 1432 0.370222 4 0 0.054026 15.2553 2152.5
194.11 32.91 1 0.75 864.665 2274 519 2274 753.205 1996 2298.23 0.151417 477 2164 0.672384 8 0 0.118394 14.9313 2529
194.11 65.82 1 0.5 130.041 1909.5 482 1909.5 1.9305 107.5 2197.28 19.4398 433 1874 0.080813 0 0 0 3.21428 2190
194.11 65.82 1 0.75 170.721 2274 499 2274 2.05916 262.5 2578.1 8.82135 440 2876 0.142043 0 0 0 5.06398 2569.5
194.11 16.46 2 0.5 96.3861 2094 251 2094 89.9593 2090 2097.01 0.00335468 207 426 0.069583 38 10 0.605863 109.807 2127
194.11 16.46 2 0.75 128.967 2578.5 265 2578.5 112.643 2573.5 2587.94 0.00561159 209 897 0.210195 17 12 0.441052 173.48 2601
194.11 32.91 2 0.5 521.847 2188 133 2188.18 508.779 2178.5 2192.31 0.0063372 152 1010 0.232637 23 0 0.401919 36.4862 2296
194.11 32.91 2 0.75 687.762 2686.25 103 2686.25 683.804 2686.25 2688.05 0.000670595 161 939 0.281086 35 0 0.488456 44.2559 2740.75
194.11 65.82 2 0.75 1053.66 2686.25 1424 2686.25 53.9841 2148 2693.97 0.254176 1285 9075 0.737803 0 0 0 9.33227 2753.25
194.11 16.46 4 0.5 120.265 2101.5 254 2101.5 114.808 2091 2104.66 0.00653442 222 602 0.162399 19 0 0.255982 67.0948 2127
194.11 16.46 4 0.75 310.152 2603.75 313 2603.75 298.183 2592.75 2610.95 0.00701882 287 1233 0.444703 34 5 1.24303 73.6139 2621.5
194.11 32.91 4 0.5 524.054 2189.5 347 2189.5 499.378 2131.5 2196.08 0.0302998 318 1699 0.466966 17 4 0.273865 29.8309 2296
194.11 32.91 4 0.75 403.504 2687.75 217 2687.75 384.208 2657.5 2691.38 0.0127501 204 1373 0.407888 8 0 0.121585 27.1805 2740.63
194.11 65.82 4 0.5 116.793 2189.5 591 2189.5 13.5241 461 2208.04 3.78968 533 2795 0.118652 0 0 0 4.58555 2320.5
194.11 65.82 4 0.75 125.371 2687.75 734 2687.98 15.6664 631 2696.54 3.27344 612 2624 0.114292 0 0 0 4.67639 2753.25
194.11 16.46 10 0.5 64.4685 2101.5 188 2101.5 55.7895 2090.5 2105.47 0.00715905 166 623 0.145539 12 3 0.147074 69.926 2127
194.11 16.46 10 0.75 271.717 2603.75 629 2603.75 242.127 2595 2611.75 0.00645549 476 2742 0.334633 32 0 1.30605 60.9481 2621.5
194.11 32.91 10 0.5 500.23 2189.5 238 2189.5 487.024 2150.5 2194.6 0.0205075 254 1603 0.512555 21 10 0.304259 23.2964 2296
194.11 32.91 10 0.75 273.034 2687.75 295 2687.97 208.329 2399.75 2692.9 0.122158 216 1321 0.186578 0 0 0 49.787 2740.75
194.11 65.82 10 0.5 357.045 2189.5 2215 2189.5 18.6981 859.5 2204.54 1.56491 2063 5196 0.442635 0 0 0 5.78652 2320.5
194.11 65.82 10 0.75 97.1589 2687.75 942 2687.75 10.4524 2593.25 2697.59 0.0402364 796 2175 0.155998 0 0 0 6.11967 2753.25
388.22 16.46 1 0.5 328.355 2675 1400 2675 233.666 2655 2681.39 0.00993848 1070 6497 1.00684 5 0 0.138943 90.9784 2743.5
388.22 16.46 1 0.75 248.059 2930.5 1364 2930.71 53.92 2394.75 2946.89 0.230561 1110 9305 0.9813 0 0 0 69.0267 2963.25
388.22 32.91 1 0.5 1052.75 2682 1666 2682.19 458.603 2392 2691.82 0.125344 1438 14223 1.58782 1 0 0.025026 113.237 2769
388.22 32.91 1 0.75 665.689 2934 1791 2934.07 392.765 2322.5 2939.96 0.265862 1309 8927 1.19673 0 0 0 112.696 2977.5
388.22 65.82 1 0.5 378.713 2682 2132 2682.06 9.38896 122.5 2704.34 21.0762 1501 14253 1.02367 0 0 0 11.5096 2771.5
388.22 65.82 1 0.75 224.902 2933.91 1861 2934.17 3.84705 137.25 2959.91 20.5658 1502 10281 0.82653 0 0 0 12.5415 2978.75
388.22 16.46 2 0.5 417.951 2675 1479 2675.19 341.073 2584 2679.93 0.0371246 1252 6079 0.656874 16 6 0.473964 89.1162 2743.5
388.22 16.46 2 0.75 458.53 2930.5 1239 2930.74 426.672 2909.75 2933.29 0.00809139 963 4603 1.09508 26 0 0.878907 69.4796 2963.25
388.22 32.91 2 0.5 565.72 2682 1530 2682.08 522.18 2677 2686.4 0.00351173 1134 10683 0.769031 72 14 2.29632 111.704 2769
388.22 32.91 2 0.75 495.163 2934 1962 2934.25 446.183 2929.75 2936.25 0.00222003 1353 7056 1.01939 57 21 1.87057 132.308 2977.5
388.22 65.82 2 0.5 293.338 2682 2177 2682 2.71137 1496.5 2733.82 0.826806 1583 13269 0.816238 0 0 0 12.1053 2771.5
388.22 65.82 2 0.75 282.278 2934 2651 2934.2 2.9318 1612.25 2959.91 0.835886 1861 17815 0.843303 0 0 0 11.6045 2978.75
388.22 16.46 4 0.5 182.582 2675 1037 2675.25 127.662 2596.5 2684.08 0.0337305 751 3571 0.803996 2 4 0.059311 103.06 2743.5
388.22 16.46 4 0.75 187.499 2930.5 865 2930.69 97.3967 2873.25 2940.22 0.0233083 690 5056 0.685807 0 0 0 84.768 2963.25
388.22 32.91 4 0.5 492.286 2682 3417 2682.23 178.394 1013.5 2703.36 1.66736 2584 22176 0.899965 0 0 0 112.597 2769
388.22 32.91 4 0.75 787.97 2934 1655 2934.03 580.148 2802.25 2937.77 0.0483597 1146 10515 1.09424 4 0 0.107403 121.225 2977.5
388.22 65.82 4 0.5 174.334 2682 2224 2682.26 2.68598 1480.5 2733.82 0.846549 1637 14830 0.761608 0 0 0 13.6752 2771.5
388.22 65.82 4 0.75 693.852 2934 3380 2934.12 2.87586 339.25 2959.91 7.72486 2609 35688 0.67822 0 0 0 11.6714 2978.75
388.22 16.46 10 0.5 307.475 2675 1659 2675.24 196.764 2669.5 2681.12 0.00435267 1214 7422 1.12235 2 0 0.050212 102.226 2743.5
388.22 16.46 10 0.75 699.113 2930.5 1373 2930.58 634.173 2892.5 2933.84 0.0142908 1027 5398 0.885185 14 6 0.485608 56.7745 2963.25
388.22 32.91 10 0.5 552.763 2682 1231 2682.22 388.157 2433 2694.04 0.107291 952 4024 0.918406 0 0 0 112.271 2769
388.22 32.91 10 0.75 613.148 2934 1649 2934.12 535.685 2926 2935.95 0.00340029 1237 7831 0.853952 24 0 0.685264 112.318 2977.5
388.22 65.82 10 0.5 286.409 2682 2055 2682.09 2.96872 1491.5 2733.82 0.83293 1454 13445 0.656795 0 0 0 13.2333 2771.5
388.22 65.82 10 0.75 557.348 2934 1615 2934.24 7.45367 2767 2943.15 0.0636628 1307 14428 0.943403 0 0 0 10.7824 2978.75
582.33 16.46 1 0.5 579.306 3030.5 3651 3030.55 64.811 2983.5 3037 0.0179305 2542 25675 3.62121 1 0 0.045031 97.853 3063.5
582.33 16.46 1 0.75 2393.21 3108.25 4179 3108.48 50.3752 1695.25 3111.84 0.835626 3399 16438 4.37048 2 228 0.080542 54.8947 3124.75
582.33 32.91 1 0.5 1375.63 3030.5 3818 3030.75 203.047 2956 3036.2 0.0271296 2749 15264 5.34282 3 112 0.141529 205.418 3065
582.33 32.91 1 0.75 1049.23 3108.25 3723 3108.51 334.055 3039.75 3111.17 0.0234944 2750 18223 3.4318 3 0 0.161091 355.884 3125.5
582.33 65.82 1 0.5 1146.33 3030.5 3111 3030.5 4.0193 2224 3043.55 0.368501 2522 17871 1.2852 0 0 0 14.377 3065
582.33 65.82 1 0.75 1079.15 3108.25 3592 3108.36 3.64091 1341.5 3114.8 1.32188 2463 20696 2.29537 0 0 0 15.9193 3125.5
582.33 16.46 2 0.75 1957.62 3108.25 3078 3108.56 51.2107 1886.75 3111.76 0.649268 2519 19689 3.22516 0 0 0 84.4342 3124.75
582.33 32.91 2 0.5 1150.27 3030.5 5277 3030.6 192.403 2960 3036.11 0.0257113 4046 22504 4.05084 2 112 0.094102 239.294 3065
582.33 32.91 2 0.75 659.661 3108.25 5186 3108.5 147.494 2567.75 3111.38 0.211715 4088 33627 2.20621 1 0 0.041155 280.807 3125.5
582.33 65.82 2 0.5 862.796 3030.5 3313 3030.5 3.94515 2315 3043.55 0.314706 2382 16756 2.00733 0 0 0 12.1681 3065
582.33 65.82 2 0.75 882.093 3108.25 4256 3108.52 3.18353 678.5 3114.8 3.59072 3280 35170 1.66818 0 0 0 9.54536 3125.5
582.33 16.46 4 0.5 818.055 3030.5 4436 3030.5 52.7628 1599 3037.69 0.899743 3558 16827 3.81486 2 228 0.090937 92.2635 3063.5
582.33 16.46 4 0.75 458.788 3108.25 2821 3108.52 20.7821 1790.5 3116.3 0.740461 1917 18033 1.85554 0 0 0 56.9648 3124.75
582.33 32.91 4 0.5 464.019 3030.5 2846 3030.65 274.712 2967 3036.33 0.0233685 1891 13504 1.99359 3 0 0.132977 328.61 3065
582.33 32.91 4 0.75 1282.21 3108.25 4095 3108.44 152.438 2612 3111.37 0.191185 3032 18018 3.27739 0 0 0 181.176 3125.5
582.33 65.82 4 0.5 1452.46 3030.5 6971 3030.66 4.0418 2315 3043.55 0.314706 5456 51067 2.83346 0 0 0 12.8802 3065
582.33 65.82 4 0.75 1022.97 3108.25 3499 3108.46 3.23954 678.5 3114.8 3.59072 2760 21998 2.3281 0 0 0 10.3966 3125.5
582.33 16.46 10 0.5 595.877 3030.5 3057 3030.73 77.1734 2964.5 3036.99 0.0244533 2349 16661 3.54715 2 0 0.097792 32.3917 3063.5
582.33 16.46 10 0.75 884.851 3108.25 4316 3108.48 20.5098 1793 3116.3 0.738034 3539 21054 4.13534 0 0 0 77.113 3124.75
582.33 32.91 10 0.5 793.427 3030.5 3976 3030.55 276.613 2960 3036.33 0.0257886 2783 16468 4.93747 3 0 0.12964 203.066 3065
582.33 65.82 10 0.5 775.2 3030.5 3820 3030.5 3.4185 660.5 3043.47 3.60783 2820 16662 2.00823 0 0 0 15.7391 3065
582.33 65.82 10 0.75 1951.18 3108.25 2436 3108.37 3.91748 2526.25 3114.72 0.232941 2145 19795 2.28783 0 0 0 10.6358 3125.5
