L,D,C,PC,time,OPT,node_cnt,obj_bnd,root_time,root_obj,root_bnd,root_gap
194.11,16.46,1,0.5,21.7503,1851.5,229,1851.5,17.859,1838,1865.16,0.0147785
194.11,16.46,1,0.75,27.9516,2190.5,485,2190.5,21.9242,2173.5,2204.64,0.0143272
194.11,32.91,1,0.5,96.0747,1909.5,660,1909.5,5.59604,794,1977.71,1.49082
194.11,32.91,1,0.75,96.2361,2274,674,2274,7.36512,290.25,2334.97,7.0447
194.11,65.82,1,0.5,103.593,1909.5,546,1909.5,5.96644,387.5,1960.18,4.05853
194.11,65.82,1,0.75,145.732,2274,1062,2274,2.6483,556.5,2358.45,3.238
194.11,16.46,2,0.5,16.1507,2094,336,2094,12.222,2089.5,2098.93,0.00451296
194.11,16.46,2,0.75,23.3611,2578.5,303,2578.5,18.2267,2573.5,2583.79,0.00399753
194.11,32.91,2,0.5,49.9678,2188,294,2188,14.4632,2132.5,2196.77,0.03014
194.11,32.91,2,0.75,57.9345,2686.25,302,2686.41,11.7183,2553.5,2692.26,0.0543422
194.11,65.82,2,0.5,197.43,2188,470,2188,5.60978,286.5,2211.56,6.71925
194.11,65.82,2,0.75,225.433,2686.25,676,2686.25,4.17266,387.75,2695.26,5.95103
194.11,16.46,4,0.5,13.7407,2101.5,312,2101.5,10.3058,2072,2106.02,0.0164207
194.11,16.46,4,0.75,63.4808,2603.75,828,2603.75,28.15,2595.5,2611.69,0.00623702
194.11,32.91,4,0.5,27.4556,2189.5,251,2189.58,18.5249,2157,2196.45,0.0182892
194.11,32.91,4,0.75,34.1692,2687.75,344,2687.75,26.9012,2679,2690.98,0.00447059
194.11,65.82,4,0.5,295.094,2189.5,1672,2189.59,1.86801,1831.5,2218.65,0.211384
194.11,65.82,4,0.75,305.329,2687.75,1512,2687.98,1.84014,1190.75,2702.33,1.26943
194.11,16.46,10,0.5,12.6736,2101.5,332,2101.5,8.6556,2085,2105.35,0.00975871
194.11,16.46,10,0.75,60.1272,2603.75,627,2603.75,27.8999,2593.75,2611.68,0.00691442
194.11,32.91,10,0.5,27.354,2189.5,566,2189.5,15.3904,2132.5,2197.42,0.030443
194.11,32.91,10,0.75,43.7695,2687.75,373,2687.98,29.8515,2644.5,2691.98,0.0179525
194.11,65.82,10,0.5,356.154,2189.5,1509,2189.5,5.23871,873.5,2205.82,1.52527
194.11,65.82,10,0.75,151.157,2687.75,1201,2687.97,1.29899,2134,2709.05,0.26947
388.22,16.46,1,0.5,84.8814,2675,3021,2675.2,10.2572,2511,2683.66,0.0687611
388.22,16.46,1,0.75,132.857,2930.5,2437,2930.64,9.71791,2504,2936.85,0.172863
388.22,32.91,1,0.5,486.542,2682,4223,2682.2,14.3909,2388,2691.48,0.127085
388.22,32.91,1,0.75,368.672,2934,2294,2934.21,13.1552,2685,2942.11,0.0957578
388.22,65.82,1,0.5,354.91,2682,2262,2682,1.84521,455.5,2715.49,4.96155
388.22,65.82,1,0.75,477.822,2934,3118,2934.13,1.73193,426.75,2951.11,5.91531
388.22,16.46,2,0.5,102.225,2675,2335,2675.02,11.5489,2557,2686.15,0.0505073
388.22,16.46,2,0.75,198.464,2930.5,2750,2930.5,3.86781,187.5,2942.3,14.6922
388.22,32.91,2,0.5,645.48,2682,3581,2682.01,13.922,2170,2694.41,0.241665
388.22,32.91,2,0.75,362.285,2934,3353,2934.25,7.64475,2671.75,2940.23,0.100488
388.22,65.82,2,0.5,558.778,2682,2488,2682.19,2.38911,1140.5,2699.89,1.36729
388.22,65.82,2,0.75,356.469,2933.91,2004,2934.2,1.60339,1126.25,2947.56,1.61714
388.22,16.46,4,0.5,138.054,2675,1873,2675,13.9338,2448.5,2684.71,0.0964723
388.22,16.46,4,0.75,79.5736,2930.5,2210,2930.79,3.92675,2310.25,2943.07,0.273918
388.22,32.91,4,0.5,151.053,2682,2089,2682.23,13.3622,2427.5,2692.19,0.109039
388.22,32.91,4,0.75,188.455,2934,1729,2934.13,12.9365,2823.75,2939.24,0.0408978
388.22,65.82,4,0.5,283.579,2682,1703,2682.05,3.03321,553.5,2705.42,3.88783
388.22,65.82,4,0.75,514.364,2934,3581,2934.21,1.9316,649.25,2944.94,3.53592
388.22,16.46,10,0.5,151.985,2675,1111,2675,11.892,2551,2683.9,0.0520977
388.22,16.46,10,0.75,485.019,2930.5,2808,2930.76,9.85404,2829.5,2938.74,0.0386067
388.22,32.91,10,0.5,163.803,2682,1326,2682,23.442,2580.5,2688.89,0.0420032
388.22,32.91,10,0.75,280.127,2934,2600,2934.02,40.3714,2896,2937.84,0.014449
388.22,65.82,10,0.5,955.686,2682,3189,2682,2.18112,1362,2701.57,0.98353
388.22,65.82,10,0.75,141.988,2934,1756,2934.02,1.22895,2123.25,2956.87,0.392615
582.33,16.46,1,0.5,679.658,3030.5,3574,3030.5,5.96103,1473,3037.7,1.06226
582.33,16.46,1,0.75,671.404,3108.25,4297,3108.47,6.22605,1700,3111.85,0.830501
582.33,32.91,1,0.5,1424.9,3030.5,3984,3030.5,14.2509,2840.5,3036.89,0.0691394
-,-,-,-,-,-,-,-,-,-,-,-
582.33,65.82,1,0.5,1466.25,3030.5,7110,3030.7,2.35302,1285.5,3042.32,1.36664
582.33,65.82,1,0.75,795.542,3108.25,6252,3108.48,2.84546,1562.25,3115.25,0.99408
-,-,-,-,-,-,-,-,-,-,-,-
582.33 16.46 2 0.75 606.067 3108.25 4587 3108.51 5.9051 1886.75 3111.85 0.649318
582.33 32.91 2 0.5 1905 3030.5 5227 3030.79 5.92218 1539 3040.82 0.97584
582.33 32.91 2 0.75 903.61 3108.25 4500 3108.4 9.91673 2428.5 3111.68 0.281317
582.33 65.82 2 0.5 2938.34 3030.5 8050 3030.71 0.918706 635 3057.1 3.81432
582.33 65.82 2 0.75 763.837 3108.25 4390 3108.48 0.974484 654 3121.55 3.77301
582.33 16.46 4 0.5 678.015 3030.5 2886 3030.5 11.348 2427.5 3037.43 0.25126
582.33 16.46 4 0.75 438.612 3108.25 4603 3108.5 10.4002 3036.5 3111.71 0.0247683
582.33 32.91 4 0.5 410.301 3030.5 5154 3030.72 21.9253 2977.5 3036.63 0.0198588
582.33 32.91 4 0.75 1087.16 3108.25 5466 3108.49 19.1421 3028.5 3111.52 0.0274131
582.33 65.82 4 0.5 1238.43 3030.5 4150 3030.5 1.23732 663 3057.05 3.61094
582.33 65.82 4 0.75 716.615 3108.25 4570 3108.47 1.07187 2436 3121.53 0.281414
582.33 16.46 10 0.5 606.947 3030.5 5930 3030.76 10.5499 2993.5 3037.41 0.0146684
582.33 16.46 10 0.75 1034.34 3108.25 6189 3108.39 4.65309 1799.5 3112.69 0.729754
582.33 32.91 10 0.5 1403.52 3030.5 3976 3030.72 14.6063 2936.5 3036.92 0.0341972
582.33 32.91 10 0.75 279.526 3108.25 1881 3108.56 4.92735 1723.5 3114.74 0.807215
582.33 65.82 10 0.5 1076.71 3030.5 4797 3030.5 1.01815 665 3055 3.59399
582.33 65.82 10 0.75 624.352 3108.25 5017 3108.51 1.05664 729.75 3121.38 3.27732
