L D C PC time OPT node_cnt obj_bnd root_time root_obj root_bnd root_gap
2293.74 245.78 1 0.5 203.732 6346.5 1455 6346.5 18.0866 5760 6742.38 0.170552
2293.74 245.78 1 0.75 217.749 7442 2851 7442 40.328 7083 7800.76 0.101336
2293.7 491.56 1 0.5 124.031 6764 1491 6764 4.744 933 7064.2 6.57149
2293.7 491.56 1 0.75 117.308 7971.5 3708 7971.5 9.72098 1198.75 8319.76 5.94036
2293.7 983.12 1 0.5 246.761 6851 2603 6851 2.78744 1948 7415.41 2.80668
2293.7 983.12 1 0.75 256.6 8097.5 1331 8097.5 2.3775 7848.25 8634.74 0.100212
2293.74 245.78 2 0.5 >3600 (0.0074673) 24648 6957.57 71.7866 6476 7401.28 0.142878
2293.74 245.78 2 0.75 >3600 (0.0154765) 15318 8777.27 86.8957 7961.75 9273.24 0.164724
2293.7 491.56 2 0.5 165.201 8149.5 1740 8149.5 6.116 4130.5 8276.06 1.00365
2293.7 491.56 2 0.75 117.659 10171.8 1471 10171.8 4.40309 2215 10247.3 3.62633
2293.7 983.12 2 0.5 182.573 8276 549 8276 1.57213 5098 8469.82 0.6614
2293.7 983.12 2 0.75 293.664 10235 517 10235 3.52127 1501.5 10326.6 5.87752
2293.74 245.78 3 0.5 2447.2 7138.5 17617 7138.5 26.3584 3714 7432.53 1.00122
2293.74 245.78 3 0.75 2020.41 9215.25 10317 9215.25 170.768 8015.5 9495.36 0.184624
2293.7 491.56 3 0.5 132.565 8159.5 1826 8159.5 3.12858 1017 8329.16 7.18993
2293.7 491.56 3 0.75 111.453 10176.8 802 10176.8 4.86781 1328 10235.7 6.70764
2293.7 983.12 3 0.5 95.2463 8276 323 8276 1.29625 7819 8484.4 0.0851008
2293.7 983.12 3 0.75 209.447 10235 495 10235 1.43255 960 10327.5 9.75781
2293.74 245.78 8 0.5 141.629 7241 2175 7241 16.6734 6366.5 7430.7 0.167156
2293.74 245.78 8 0.75 205.244 9330.75 1558 9330.92 40.3116 7247.25 9491.8 0.30971
2293.7 491.56 8 0.5 26.5356 8208 82 8208 8.18815 3749 8274.76 1.20719
2293.7 491.56 8 0.75 38.0698 10201 318 10201.6 6.01939 8838.25 10238.1 0.158388
2293.7 983.12 8 0.5 223.024 8276 534 8276 1.34395 2176 8476.01 2.89522
2293.7 983.12 8 0.75 118.884 10235 412 10235 1.21414 10147.8 10339.4 0.0188833
4587.48 245.78 1 0.5 254.476 9999.5 1164 9999.5 3.53715 7372 10098.4 0.369827
4587.48 245.78 1 0.75 261.436 11096.8 1552 11096.8 2.8469 5993.5 11144.7 0.859465
4587.5 491.56 1 0.5 57.9101 10035.5 417 10035.5 6.72174 5105.5 10123.2 0.982812
4587.5 491.56 1 0.75 48.8546 11114.8 293 11114.9 10.8321 6318 11149.8 0.764763
4587.5 983.12 1 0.5 192.467 10035.5 342 10035.5 1.01897 917.5 10238.9 10.1596
4587.5 983.12 1 0.75 700.015 11114.8 457 11115.4 1.00571 832 11216.4 12.4812
4587.48 245.78 2 0.5 149.342 9999.5 725 9999.5 1.85316 9957 10128.4 0.0172124
4587.48 245.78 2 0.75 400.332 11096.8 1066 11096.8 2.25095 6199.75 11145.4 0.797715
4587.5 491.56 2 0.5 172.96 10035.5 598 10035.5 5.86087 6507 10133.7 0.557358
4587.5 491.56 2 0.75 139.722 11114.8 428 11115.9 6.71657 8333.25 11154.2 0.338519
4587.5 983.12 2 0.5 383.787 10035.5 382 10036.5 1.13092 1009 10202.6 9.11163
4587.5 983.12 2 0.75 262.519 11114.8 431 11115.6 0.844311 784.75 11224.8 13.3037
4587.48 245.78 3 0.5 438.569 9999.5 1589 9999.5 2.77975 5296.5 10098.7 0.906666
4587.48 245.78 3 0.75 170.524 11096.8 751 11096.8 4.8511 6610.75 11141.4 0.685349
4587.5 491.56 3 0.5 71.182 10035.5 351 10035.5 5.53599 8311.5 10113.6 0.216822
4587.5 491.56 3 0.75 69.5431 11114.8 466 11115.5 10.7242 10048.5 11161.5 0.110765
4587.5 983.12 3 0.5 2269.39 10035.5 1424 10036.3 1.20636 1297 10216.9 6.87733
4587.5 983.12 3 0.75 232.354 11114.8 447 11115.6 1.13811 1737.75 11198.4 5.44418
4587.48 245.78 8 0.5 427.504 9999.5 1130 9999.5 3.16333 4864 10092.7 1.07497
4587.48 245.78 8 0.75 399.332 11096.8 1691 11097.7 4.2206 6637 11143 0.678924
4587.5 491.56 8 0.5 55.6216 10035.5 363 10035.5 8.53455 8492.5 10120.8 0.191737
4587.5 491.56 8 0.75 139.453 11114.8 871 11115.4 10.5696 9835.5 11158 0.134465
4587.5 983.12 8 0.5 363.744 10035.5 592 10035.5 0.894828 2617 10255.4 2.91878
4587.5 983.12 8 0.75 231.371 11114.8 750 11114.8 1.14228 3758.25 11206 1.9817
6881.21 245.78 1 0.5 280.01 11366.5 1630 11366.5 2.81955 11139.5 11450.9 0.0279548
6881.21 245.78 1 0.75 147.653 11780.2 1988 11780.2 2.92904 7596 11833.6 0.557877
6881.2 491.56 1 0.5 89.876 11366.5 2077 11367.1 5.17281 10751.5 11412.6 0.0614903
6881.2 491.56 1 0.75 158.336 11780.2 1402 11781.2 3.72391 9637.5 11839.1 0.228441
6881.2 983.12 1 0.5 164.026 11366.5 3136 11367.1 0.85187 431 11530.7 25.7534
6881.2 983.12 1 0.75 377.08 11780.2 2835 11780.2 0.547551 590.5 11885.1 19.1271
6881.21 245.78 2 0.5 193.059 11366.5 2315 11366.8 3.06368 10752.5 11475 0.0671909
6881.21 245.78 2 0.75 119.757 11780.2 2236 11781.1 3.14646 11337.2 11834.5 0.0438585
6881.2 491.56 2 0.5 157.313 11366.5 1961 11366.5 7.12961 10743.5 11415.1 0.0625085
6881.2 491.56 2 0.75 196.961 11780.2 1373 11780.2 11.7802 11013.2 11802 0.0716157
6881.2 983.12 2 0.5 396.581 11366.5 4449 11366.6 0.544515 493 11573.8 22.4763
6881.2 983.12 2 0.75 255.047 11780.2 2515 11780.2 0.565372 1295.5 11883.9 8.17322
6881.21 245.78 3 0.5 117.618 11366.5 1660 11366.5 3.0822 10780.5 11475 0.0644191
6881.21 245.78 3 0.75 276.568 11780.2 1657 11780.2 3.2458 11417.2 11834.5 0.0365442
6881.2 491.56 3 0.5 153.96 11366.5 1392 11366.6 7.1952 594 11415.1 18.2173
6881.2 491.56 3 0.75 101.651 11780.2 1924 11780.6 11.8748 11693.8 11803.1 0.009352
6881.2 983.12 3 0.5 473.644 11366.5 1899 11366.5 0.808187 826 11524.2 12.9518
6881.2 983.12 3 0.75 651.858 11780.2 2111 11780.2 0.817617 1123.5 11859.1 9.5555
6881.21 245.78 8 0.5 404.801 11366.5 2189 11367.4 2.63305 10361 11467.2 0.106765
6881.21 245.78 8 0.75 1285.73 11780.2 4158 11780.9 2.81944 11277.5 11830.6 0.0490441
6881.2 491.56 8 0.5 203.718 11366.5 2637 11366.7 8.59976 1312.5 11415.1 7.69718
6881.2 491.56 8 0.75 182.088 11780.2 1443 11780.2 8.90461 11145.5 11803.4 0.0590238
6881.2 983.12 8 0.5 339.587 11366.5 3503 11366.5 0.523138 3827.5 11567.3 2.02216
6881.2 983.12 8 0.75 654.957 11780.2 2527 11780.2 0.562965 5387.75 11881.8 1.20534
