L D C PC time OPT node_count obj_bound root_time root_bestobj root_bestbound root_gap Siter Scuts time_subtour Sroot_iter Srootfrac_cuts time_sub_root LP_time LP_obj
2555.42 248.23 1 0.5 553.302 5568.5 469 5568.5 295.175 5294.5 5669.2 0.0707723 423 4532 1.23767 1 0 0.017964 86.2505 5913.5
2555.42 248.23 1 0.75 269.283 6545.5 923 6546.1 214.444 6400.25 6672.09 0.0424737 733 3343 0.56296 6 0 0.18643 111.317 6915.75
L D C PC time OPT node_count obj_bound root_time root_bestobj root_bestbound root_gap Siter Scuts time_subtour Sroot_iter Srootfrac_cuts time_sub_root LP_time LP_obj
2555.42 496.46 1 0.5 911.847 6006.5 848 6006.5 551.604 5827.5 6141.86 0.0539447 827 6220 1.31084 3 34 0.049537 11.8641 6669
2555.42 496.46 1 0.75 1175.12 7152 1359 7152 536.298 6561.25 7282.11 0.109866 1278 10178 1.7469 0 0 0 47.8834 7796.25
2555.42 992.92 1 0.5 1682.56 6006.5 2182 6006.5 10.6251 2603.5 6285.38 1.41421 2043 16976 0.991683 0 0 0 4.09755 6810.5
2555.42 992.92 1 0.75 462.705 7152 1062 7152 13.2713 2890.5 7472.72 1.58527 847 8056 0.423021 0 0 0 4.30303 7954
2555.42 248.23 2 0.5 857.182 5852 1739 5852 298.688 5599.5 5960.24 0.0644238 1340 4543 1.07658 2 0 0.04976 102.044 6038
2555.42 248.23 2 0.75 1781.33 7109.25 3316 7109.25 274.177 6814.75 7251.37 0.0640699 2719 8164 1.53161 3 0 0.098809 108.477 7328.25
2555.42 496.46 2 0.5 1799.75 6478.5 1222 6478.5 616.004 5363.5 6551.7 0.221534 1246 9875 1.82678 2 0 0.02369 15.4968 6758
2555.42 496.46 2 0.75 1365.42 7843.25 1380 7843.25 618.016 7486.5 7876.59 0.0521053 1340 10277 1.73605 5 17 0.067978 21.561 7981.75
2555.42 992.92 2 0.5 >3600 (0.0304628) 1318 6530.56 3.59046 495 6897.24 12.9338 1319 20713 0.848074 0 0 0 5.59597 6892.5
2555.42 992.92 2 0.75 2338.06 7843.25 2453 7843.25 3.85497 688.5 8052.62 10.6959 2123 21772 1.07709 0 0 0 5.58972 8050.25
2555.42 248.23 4 0.5 419.137 5935 597 5935 264.048 5881.5 5987.37 0.0180002 484 6200 1.03738 3 0 0.072102 28.1601 6066
2555.42 248.23 4 0.75 1175.27 7281 1435 7281 287.461 6982.75 7364.6 0.0546842 1112 3762 0.505394 8 14 0.288374 402.785 7373.5
2555.42 496.46 4 0.5 1565.21 6478.5 1458 6478.5 637.763 6354 6551.99 0.0311591 1416 12544 1.49085 9 39 0.138957 14.3232 6758
2555.42 496.46 4 0.75 918.13 7843.25 1870 7843.25 592.124 7274.5 7881.37 0.083424 1472 10637 1.28058 3 0 0.03019 21.8252 7981.75
2555.42 992.92 4 0.5 3064.79 6478.5 2817 6478.5 2.0225 666 6897.24 9.35621 2457 31668 1.07346 0 0 0 3.78984 6892.5
2555.42 992.92 4 0.75 3172.5 7843.25 4477 7843.25 1.68259 952 8052.62 7.45863 3994 38029 0.806662 0 0 0 3.13763 8050.25
2555.42 248.23 10 0.5 248.819 5971 327 5971 201.09 5939.5 5999.28 0.0100649 260 3309 0.694605 8 0 0.137418 58.8219 6066
2555.42 248.23 10 0.75 347.988 7315.75 358 7316.41 321.158 7231.75 7362.63 0.0180984 320 2159 0.44251 13 4 0.452526 216.564 7386
2555.42 496.46 10 0.5 1106.96 6478.5 1912 6478.5 385.863 4828 6574.28 0.361699 1782 16336 1.20226 0 0 0 12.7486 6758
2555.42 496.46 10 0.75 898.153 7843.25 2313 7843.25 511.557 7352.25 7880.17 0.0718032 1954 10766 0.907675 1 0 0.010468 20.5147 7981.75
2555.42 992.92 10 0.5 1137.06 6478.5 2060 6478.5 1.73604 1890.5 6897.24 2.64837 1319 21586 0.408004 0 0 0 3.9522 6892.5
2555.42 992.92 10 0.75 1655.79 7843.25 2650 7843.25 1.93985 6362.5 8052.62 0.265637 2109 26408 0.543611 0 0 0 3.00164 8050.25
5110.84 248.23 1 0.5 682.883 7758.5 2248 7759.15 106.43 6885 7836.74 0.138234 1624 28274 1.83251 1 0 0.038829 143.057 7988
5110.84 248.23 1 0.75 762.29 8449.5 3510 8449.5 198.872 8383.5 8488.81 0.0125613 2723 21272 1.62553 14 0 0.512694 89.9207 8589.5
5110.84 496.46 1 0.5 1271.27 7981 1000 7981.03 378.947 7007.5 8034.81 0.146601 886 15952 2.94343 2 0 0.059534 314.216 8162.5
5110.84 496.46 1 0.75 580.883 8594.5 2008 8594.78 259.691 8241.25 8623.94 0.0464356 1510 20495 1.01343 0 0 0 367.773 8682.25
5110.84 992.92 1 0.5 2865.43 7981 3114 7981 5.46911 1215.5 8065.94 5.6359 2663 39730 1.82827 0 0 0 5.24516 8209
5110.84 992.92 1 0.75 1273.72 8594.5 2879 8595.15 5.70487 1466.5 8636.5 4.88919 2249 33758 0.972922 0 0 0 6.09511 8708.5
5110.84 248.23 2 0.5 1982.02 7760.5 4945 7761.27 127.139 6987.5 7820.45 0.119206 3503 58407 3.02032 5 1 0.191426 102.747 7988
5110.84 248.23 2 0.75 485.874 8463.75 423 8463.75 72.7184 4848.75 8502.75 0.753596 366 4520 0.852161 0 0 0 99.5826 8589.5
5110.84 496.46 2 0.5 1857.74 7981 2132 7981 213.775 6158 8039.45 0.305529 1833 34347 2.77995 1 5 0.029017 291.251 8162.5
5110.84 496.46 2 0.75 1459.23 8594.5 1515 8594.5 454.424 7750.75 8620.24 0.112181 1159 20103 1.51791 0 0 0 450.191 8682.25
5110.84 992.92 2 0.5 1119.49 7981 2849 7981 8.71366 3287.5 8060.44 1.45185 2361 35318 0.874241 0 0 0 5.39873 8209
5110.84 992.92 2 0.75 1053.75 8594.5 2811 8594.7 7.83564 4675.5 8634.83 0.846825 2219 40318 1.55331 0 0 0 6.11143 8708.5
5110.84 248.23 4 0.5 1242.92 7761.5 2170 7761.5 131.356 7320 7828.77 0.0695039 1419 40557 2.74575 5 0 0.187109 126.982 7988
5110.84 248.23 4 0.75 563.218 8463.75 931 8464.41 94.0337 8163.5 8491.21 0.0401438 805 13167 1.74751 1 0 0.038587 106.913 8589.5
5110.84 496.46 4 0.5 818.347 7981 1542 7981.2 334.165 7496 8035.42 0.0719604 1221 18251 2.27938 1 0 0.032234 296.074 8162.5
5110.84 496.46 4 0.75 2024.88 8594.5 2001 8594.89 570.952 6965.75 8617.87 0.237177 1669 28057 3.24235 3 0 0.092156 355.338 8682.25
5110.84 992.92 4 0.5 1109.52 7981 2306 7981.29 13.1571 5719.5 8043.99 0.406415 2083 25356 1.36588 0 0 0 6.27582 8209
5110.84 992.92 4 0.75 2025.1 8594.5 1958 8594.93 13.0055 6336.25 8626.87 0.36151 1878 32596 2.29901 0 0 0 6.29048 8708.5
5110.84 248.23 10 0.5 2490.35 7761.5 3532 7761.81 116.026 7380 7831.4 0.061165 2580 44729 3.84541 6 0 0.200435 160.065 7988
5110.84 248.23 10 0.75 602.157 8463.75 1851 8464.14 80.8391 8385.25 8502.95 0.0140367 1512 21855 0.842529 0 0 0 112.072 8589.5
5110.84 496.46 10 0.5 997.659 7981 1917 7981 244.731 6918 8033.78 0.161287 1657 23036 1.31978 0 0 0 426.855 8162.5
5110.84 496.46 10 0.75 2208.97 8594.5 1946 8594.83 449.091 7851.25 8617.42 0.0975852 1617 26983 3.66556 4 181 0.117392 318.944 8682.25
5110.84 992.92 10 0.75 1737.01 8594.5 2544 8594.98 7.35363 3965.75 8633.93 1.17712 2223 32116 3.18088 0 0 0 5.21313 8708.5
7666.26 248.23 1 0.75 347.632 9015.25 2263 9015.73 100.85 7468.75 9024.53 0.208306 2074 7538 2.26219 1 15 0.042205 106.118 9054.75
7666.26 496.46 1 0.5 1041.26 8822.5 2522 8822.5 271.366 8184.5 8862.5 0.0828393 2215 11783 2.44398 3 0 0.125754 221.879 8917
7666.26 496.46 1 0.75 2693.78 9015.25 2404 9015.9 361.868 5580.5 9034.95 0.619021 2263 16295 8.42755 7 0 0.284304 245.727 9062.25
7666.26 992.92 1 0.5 642.116 8822.5 3230 8822.79 11.2761 6702 8874.13 0.324102 2726 9684 1.27945 0 0 0 17.3579 8917
7666.26 992.92 1 0.75 425.932 9015.25 3343 9015.79 15.547 8100 9041.09 0.116184 2896 8965 1.08101 0 0 0 17.4079 9062.5
7666.26 248.23 2 0.5 1104.4 8822.5 922 8822.5 121.624 8721.5 8844.58 0.0141118 856 8054 3.39181 2 0 0.091407 81.5931 8901.5
7666.26 248.23 2 0.75 496.922 9015.25 871 9016.02 101.922 8983.5 9023.26 0.00442612 771 5364 2.79676 2 0 0.099432 104.804 9054.75
7666.26 496.46 2 0.5 804.938 8822.5 2612 8822.5 353.319 6211.5 8863.22 0.426905 2324 7887 2.70886 4 0 0.174928 244.938 8917
7666.26 496.46 2 0.75 698.275 9015.25 2711 9016.06 344.273 8582.5 9035.85 0.0528223 2374 8238 2.17245 7 0 0.283054 225.145 9062.25
7666.26 992.92 2 0.5 533.694 8822.5 2981 8822.5 13.223 7040 8874.13 0.26053 2625 11308 1.24883 0 0 0 16.8704 8917
7666.26 992.92 2 0.75 246.744 9015.25 3265 9016.03 13.2962 6384.5 9041.02 0.416089 2735 8640 0.857378 0 0 0 21.592 9062.5
7666.26 248.23 4 0.5 251.709 8822.5 659 8823.36 111.582 8641 8841.05 0.0231516 560 4086 2.17176 1 0 0.042998 85.337 8901.5
7666.26 248.23 4 0.75 218.12 9015.25 1657 9015.74 59.202 5467.5 9035.01 0.652493 1386 6403 2.33389 0 0 0 95.4333 9054.5
7666.26 496.46 4 0.5 862.747 8822.5 3658 8822.5 346.059 8338.5 8863.29 0.0629355 3094 10769 3.2261 5 0 0.21315 234.065 8917
7666.26 496.46 4 0.75 955.931 9015.25 3984 9015.92 333.962 8481.5 9036.11 0.0653907 3325 19961 3.14345 6 78 0.248306 225.282 9062.25
7666.26 992.92 4 0.5 300.649 8822.5 2545 8823.15 12.3531 7040 8874.13 0.26053 2159 9782 0.964358 0 0 0 15.2926 8917
7666.26 992.92 4 0.75 662.138 9015.25 2913 9015.62 11.3856 8004.5 9041.02 0.129492 2375 11699 1.83422 0 0 0 22.1181 9062.5
7666.26 248.23 10 0.5 357.265 8822.5 1936 8823.2 56.3329 3637 8854.75 1.43463 1602 8527 2.72081 0 0 0 83.9864 8901.5
7666.26 248.23 10 0.75 328.544 9015.25 1783 9015.61 130.816 8811.75 9023.03 0.0239771 1506 5906 2.93445 3 0 0.131924 101.758 9054.5
7666.26 496.46 10 0.5 838.543 8822.5 2381 8822.5 417.593 8229.5 8856.91 0.0762385 1872 8755 3.10253 6 0 0.282229 310.657 8917
7666.26 496.46 10 0.75 1150.57 9015.25 4899 9016.02 365.669 8522.75 9032.83 0.0598489 4303 16015 3.52014 4 5 0.168298 312.997 9062.5
7666.26 992.92 10 0.5 155.06 8822.5 1656 8822.5 12.3742 6692.5 8874.01 0.325963 1170 3993 0.507987 0 0 0 19.6626 8917
7666.26 992.92 10 0.75 463.616 9015.25 3179 9015.97 11.3708 8004.5 9041 0.12949 2768 9501 1.19458 0 0 0 19.1175 9062.5
