L D C PC time OPT node_count obj_bound root_time root_bestobj root_bestbound root_gap Siter Scuts time_subtour Sroot_iter Srootfrac_cuts time_sub_root LP_time LP_obj
2293.74 245.78 1 0.5 362.831 6346.5 2279 6346.5 130.817 5599.5 6596.85 0.178115 1651 9042 0.506702 15 14 0.322514 14.5521 7244.5
2293.74 245.78 1 0.75 228.695 7442 1827 7442 140.49 7391.75 7749.6 0.048412 1072 7605 0.388211 17 29 0.421629 24.647 8514.75
L D C PC time OPT node_count obj_bound root_time root_bestobj root_bestbound root_gap Siter Scuts time_subtour Sroot_iter Srootfrac_cuts time_sub_root LP_time LP_obj
2293.74 491.56 1 0.5 343.444 6764 1303 6764 271.648 6530.5 6913.69 0.0586769 879 3194 0.301889 4 0 0.063503 10.202 8181
2293.74 491.56 1 0.75 265.343 7971.5 4122 7971.5 230.707 7818 8145.85 0.0419349 2325 3804 0.353032 10 0 0.181979 11.6329 9598.5
2293.74 983.12 1 0.5 413.08 6851 2387 6851 4.85815 535 7314.02 12.6711 1843 9455 0.263622 0 0 0 3.83355 8347
2293.74 983.12 1 0.75 173.974 8097.5 1440 8097.5 6.31451 978.25 8632.15 7.82407 949 5659 0.153033 0 0 0 3.80896 9822
2293.74 245.78 2 0.5 >3600 (0.00890671) 16507 6967.51 254.97 6218 7385.56 0.187771 10857 8980 1.9699 5 0 0.142273 102.972 7549
2293.74 245.78 2 0.75 2320.58 8648.25 12427 8648.25 284.917 7831.75 9275.66 0.184367 7344 5094 1.43893 8 11 0.251302 191.668 9439.5
2293.74 491.56 2 0.5 410.389 8149.5 746 8149.5 258.793 6985 8240.39 0.179727 585 2718 0.484817 4 0 0.058273 21.0781 8610.5
2293.74 491.56 2 0.75 520.646 10171.8 948 10171.8 261.268 9238.75 10223.2 0.106555 871 4067 0.498152 7 0 0.110433 67.3001 10398.2
2293.74 983.12 2 0.5 433.519 8276 611 8276 4.21568 782.5 8466.32 9.81958 537 7662 0.119428 0 0 0 5.52418 8808.5
2293.74 983.12 2 0.75 373.07 10235 907 10235 2.58091 5638 10333.7 0.832865 701 6185 0.108828 0 0 0 4.6209 10501.2
2293.74 245.78 3 0.5 1787.59 7138.5 9501 7138.5 91.4676 6418.5 7435.74 0.158486 5650 6923 1.2076 0 0 0 38.0089 7623.5
2293.74 245.78 3 0.75 3369.75 9215.25 5908 9215.25 418.68 2612.5 9483.04 2.62987 3768 6529 0.844377 5 6 0.159393 181.487 9548.25
2293.74 491.56 3 0.5 402.261 8161.5 854 8161.5 263.726 7574 8243.59 0.0884063 686 3556 0.595269 0 0 0 50.2332 8610.5
2293.74 491.56 3 0.75 328.11 10177.8 684 10178.7 220.843 8672 10213.9 0.177805 553 3109 0.561661 8 17 0.12658 45.8952 10398.2
2293.74 983.12 3 0.5 210.971 8276 459 8276 4.64922 3356.5 8456.95 1.51957 400 6798 0.102793 0 0 0 2.98504 8808.5
2293.74 983.12 3 0.75 188.021 10235 695 10235 4.18796 1123.5 10334.4 8.19841 607 5961 0.123322 0 0 0 4.71802 10501.2
2293.74 245.78 8 0.5 1167.7 7241 2094 7241 157.634 6884 7418.22 0.0776031 1574 21448 0.492447 5 8 0.123319 35.2734 7623.5
2293.74 245.78 8 0.75 286.44 9330.75 1957 9330.75 43.2975 7155.25 9568.97 0.337336 1268 2542 0.222185 0 0 0 88.2701 9575.25
2293.74 491.56 8 0.5 255.373 8208 103 8208.39 242.385 5788.5 8247.38 0.424787 120 2334 0.376862 0 0 0 10.4976 8610.5
2293.74 491.56 8 0.75 198.681 10201 84 10201.2 180.174 9551.5 10222.6 0.0702606 106 2164 0.314022 1 0 0.016899 32.563 10398.2
2293.74 983.12 8 0.5 142.707 8276 563 8276 4.65881 3050 8444.13 1.76857 440 5356 0.086454 0 0 0 3.6545 8808.5
2293.74 983.12 8 0.75 200.207 10235 503 10235 3.53919 4328.5 10330.7 1.38666 448 7095 0.080209 0 0 0 5.75986 10501.2
4587.48 245.78 1 0.5 376.567 9999.5 1199 9999.5 18.6577 4733.5 10098.9 1.1335 893 12111 0.166004 0 0 0 30.3347 10241
4587.48 245.78 1 0.75 224.065 11096.8 1155 11097.7 24.0383 6066.25 11143 0.836887 781 10766 0.466181 0 0 0 27.8025 11217.5
4587.48 491.56 1 0.5 223.122 10035.5 606 10035.5 92.8468 5189.5 10155.3 0.95689 511 5233 0.66389 0 0 0 23.374 10411
4587.48 491.56 1 0.75 177.106 11114.8 404 11115.8 81.5619 10883.8 11174.1 0.0266817 347 4513 0.244745 0 0 0 20.1977 11302.5
4587.48 983.12 1 0.5 801.165 10035.5 445 10035.5 2.99278 4650 10200.3 1.19361 414 10229 0.245354 0 0 0 2.65709 10451.5
4587.48 983.12 1 0.75 595.737 11114.8 528 11115.7 2.95555 5530 11197.1 1.0248 498 11520 0.447693 0 0 0 2.94911 11322.8
4587.48 245.78 2 0.5 308.474 9999.5 1419 9999.5 19.5564 4612.5 10098.9 1.18947 1140 7689 0.333766 0 0 0 41.2749 10241
4587.48 245.78 2 0.75 257.96 11096.8 716 11096.8 37.2578 6459.75 11145 0.725298 538 6884 0.513621 0 0 0 29.669 11217.5
4587.48 491.56 2 0.5 327.492 10035.5 855 10035.5 120.538 9798 10125.3 0.0334051 742 7037 0.797515 0 0 0 16.3411 10411
4587.48 491.56 2 0.75 267.538 11114.8 406 11114.8 108.156 8819.75 11157 0.265005 386 4843 0.538708 0 0 0 24.3481 11302.5
4587.48 983.12 2 0.5 179.064 10035.5 318 10035.5 2.92335 6107.5 10200.3 0.670124 252 7662 0.227295 0 0 0 5.00536 10451.5
4587.48 983.12 2 0.75 215.386 11114.8 488 11115.8 1.35687 4491.5 11222.7 1.49865 409 6207 0.159577 0 0 0 5.21892 11322.8
4587.48 245.78 3 0.5 211.941 9999.5 784 9999.5 17.6692 4696.5 10098.9 1.15031 554 6739 0.195675 0 0 0 26.1553 10241
4587.48 245.78 3 0.75 135.803 11096.8 654 11097.6 21.171 10944.5 11146.5 0.0184525 494 6078 0.261856 0 0 0 25.9089 11217.5
4587.48 491.56 3 0.5 266.466 10035.5 371 10035.5 129.746 9798 10125.4 0.0334154 322 4662 0.831493 0 0 0 31.513 10411
4587.48 491.56 3 0.75 228.788 11114.8 320 11114.8 109.458 10067.3 11157.1 0.108258 291 5143 0.579172 0 0 0 25.0566 11302.5
4587.48 983.12 3 0.5 196.312 10035.5 534 10035.5 1.3611 823 10253.9 11.4592 441 7173 0.143821 0 0 0 4.90844 10451.5
4587.48 983.12 3 0.75 623.797 11114.8 545 11114.8 2.48752 3997.75 11197.1 1.80086 528 10339 0.187267 0 0 0 4.12503 11322.8
4587.48 245.78 8 0.5 214.691 9999.5 688 9999.5 18.8694 4645.5 10098.9 1.17391 507 7766 0.18584 0 0 0 27.9166 10241
4587.48 245.78 8 0.75 305.722 11096.8 951 11097.6 33.5471 11130 11139.4 0.000845727 737 7374 0.687702 0 0 0 38.1677 11217.5
4587.48 491.56 8 0.5 195.232 10035.5 306 10035.5 75.7342 7937 10135.8 0.277031 276 4931 0.648861 0 0 0 14.6089 10411
4587.48 491.56 8 0.75 242.951 11114.8 382 11114.8 121.065 8051.75 11153.5 0.38523 363 4925 0.729163 0 0 0 25.3169 11302.5
4587.48 983.12 8 0.5 563.227 10035.5 581 10035.5 2.96533 7542 10200.3 0.352464 506 8819 0.183965 0 0 0 3.40608 10451.5
4587.48 983.12 8 0.75 240.51 11114.8 587 11115.8 1.17969 4243.75 11223.9 1.64482 509 7474 0.228343 0 0 0 4.00681 11322.8
6881.21 245.78 1 0.5 68.1576 11366.5 888 11366.5 61.6849 11354 11389.9 0.0031652 609 2954 0.730088 55 4 2.13863 30.7137 11575.5
6881.21 245.78 1 0.75 267.228 11780.2 1828 11780.2 96.3302 11690.5 11798.7 0.00925687 1482 9296 0.889724 9 0 0.362502 35.4229 11884.8
6881.21 491.56 1 0.5 231.417 11366.5 1074 11366.5 161.072 8332 11412.7 0.369748 760 2780 0.414134 3 84 0.09873 115.699 11601.5
6881.21 491.56 1 0.75 229.672 11780.2 1438 11780.9 103.331 10984.8 11803.4 0.0745269 1019 5699 1.45615 2 0 0.065624 115.022 11897.8
6881.21 983.12 1 0.5 347.008 11366.5 1950 11367.5 2.81388 4886.5 11483 1.34994 1625 10442 0.555402 0 0 0 5.53912 11601.5
6881.21 983.12 1 0.75 121.794 11780.2 1953 11780.2 3.06329 5833.25 11838.5 1.02949 1450 5227 0.30073 0 0 0 5.51204 11897.8
6881.21 245.78 2 0.5 164.652 11366.5 1178 11366.5 42.2519 5710 11407.7 0.997848 957 4682 1.17603 0 0 0 4.50461 11575.5
6881.21 245.78 2 0.75 127.045 11780.2 1105 11780.2 110.78 11653 11797.2 0.0123738 722 4215 0.393355 11 0 0.392877 18.1962 11884.8
6881.21 491.56 2 0.5 247.386 11366.5 1300 11366.5 62.0054 8902 11490.4 0.290771 964 8444 0.408247 0 0 0 79.8359 11601.5
6881.21 491.56 2 0.75 218.483 11780.3 842 11781.1 152.304 11284 11802.4 0.0459447 616 3291 0.401325 3 81 0.088793 116.326 11897.8
6881.21 983.12 2 0.5 223.274 11366.5 2116 11366.5 2.7062 6000.5 11483 0.913673 1731 14961 0.432479 0 0 0 5.58898 11601.5
6881.21 983.12 2 0.75 193.945 11780.2 1819 11780.4 2.72084 7991.5 11838.5 0.481386 1390 11274 0.394528 0 0 0 5.12214 11897.8
6881.21 245.78 3 0.5 115.642 11366.5 1268 11367.5 49.4086 9890.5 11414.5 0.154083 916 3423 1.13072 2 0 0.063616 23.1895 11575.5
6881.21 245.78 3 0.75 225.941 11780.2 1208 11780.2 206.569 11655 11796.6 0.01215 783 2952 0.410631 30 0 1.226 31.6819 11884.8
6881.21 491.56 3 0.5 177.018 11366.5 1205 11366.5 63.3346 8553.5 11495.3 0.343925 859 5261 0.396433 0 0 0 84.893 11601.5
6881.21 491.56 3 0.75 334.633 11780.2 1662 11780.2 196.958 11715.5 11800.7 0.00727174 1288 6374 1.24169 5 33 0.161134 112.987 11897.8
6881.21 983.12 3 0.5 231.655 11366.5 2444 11366.5 2.77249 7198.5 11483 0.595193 2063 10255 0.63573 0 0 0 5.85045 11601.5
6881.21 983.12 3 0.75 215.003 11780.2 1658 11780.9 3.06411 9893.75 11838.5 0.196563 1279 6113 0.361842 0 0 0 5.83286 11897.8
6881.21 245.78 8 0.5 140.104 11366.5 1816 11366.5 36.2885 6040.5 11430.1 0.892252 1306 4528 0.759597 0 0 0 28.2839 11575.5
6881.21 245.78 8 0.75 139.863 11780.2 1328 11781.3 60.7956 7890.25 11802 0.495771 982 5557 0.929409 1 0 0.033811 23.4862 11884.8
6881.21 491.56 8 0.5 371.352 11366.5 1779 11366.5 347.325 11218.5 11395.7 0.0157994 1126 4910 0.587926 49 27 1.98404 86.4831 11601.5
6881.21 491.56 8 0.75 215.14 11780.3 998 11780.3 146.399 11525 11802.4 0.0240729 771 3650 0.631658 2 60 0.056417 102.586 11897.8
6881.21 983.12 8 0.5 270.804 11366.5 2163 11366.9 2.97035 7625.5 11483 0.505868 1753 6777 0.501937 0 0 0 7.55505 11601.5
6881.21 983.12 8 0.75 229.384 11780.2 1758 11780.2 2.96365 9877 11838.5 0.198592 1367 8707 0.335862 0 0 0 5.69263 11897.8
